     0.000 Info: Testing "/home/gerald/.local/share/PrismLauncher/qtlogging.ini" ... (unknown:0)
     0.002 Info: Testing "/tmp/.mount_PrismLghnIiG/share/PrismLauncher/qtlogging.ini" ... (unknown:0)
     0.002 Info: Loading logging rules from: "/tmp/.mount_PrismLghnIiG/share/PrismLauncher/qtlogging.ini" (unknown:0)
     0.004 Info: Setting log rules: (unknown:0)
     0.005 Info:      "*.debug=true" (unknown:0)
     0.005 Info:      "kf.imageformats.plugins.hdr=false" (unknown:0)
     0.005 Info:      "kf.imageformats.plugins.xcf=false" (unknown:0)
     0.005 Info:      "launcher.auth.credentials.debug=false" (unknown:0)
     0.005 Info:      "launcher.task=false" (unknown:0)
     0.005 Info:      "launcher.task.net=true" (unknown:0)
     0.005 Info:      "launcher.task.net.download.debug=false" (unknown:0)
     0.005 Info:      "launcher.task.net.metacache=false" (unknown:0)
     0.005 Info:      "launcher.task.net.metacache.http=true" (unknown:0)
     0.005 Info:      "launcher.task.net.upload=true" (unknown:0)
     0.005 Info:      "qt.*.debug=false" (unknown:0)
     0.005 Info: <> Log initialized. (unknown:0)
     0.005 Debug: <> No migration needed from "PolyMC" (unknown:0)
     0.005 Debug: <> No migration needed from "MultiMC" (unknown:0)
     0.005 Info: Prism Launcher, © 2022-2026 Prism Launcher Contributors, © 2021-2022 PolyMC Contributors, © 2012-2021 MultiMC Contributors (unknown:0)
     0.005 Info: Version                    : "10.0.5" (unknown:0)
     0.005 Info: Platform                   : "official" (unknown:0)
     0.005 Info: Git commit                 : "" (unknown:0)
     0.005 Info: Git refspec                : "refs/heads/stable" (unknown:0)
     0.005 Info: Compiled for               : "Linux 6.14.0-1017-azure x86_64" (unknown:0)
     0.005 Info: Compiled by                : "GNU - 13.3.0" (unknown:0)
     0.005 Info: Build Artifact             : "Linux-Qt6" (unknown:0)
     0.005 Info: Updates Enabled            : Yes (unknown:0)
     0.005 Info: Work dir before adjustment : "/home/gerald/obelisks" (unknown:0)
     0.005 Info: Work dir after adjustment  : "/home/gerald/.local/share/PrismLauncher" (unknown:0)
     0.005 Info: Adjusted by                : "Command line" (unknown:0)
     0.005 Info: Binary path                : "/tmp/.mount_PrismLghnIiG/bin" (unknown:0)
     0.005 Info: Application root path      : "/tmp/.mount_PrismLghnIiG" (unknown:0)
     0.005 Info: ID of instance to launch   : "Bound to Matter-Playtest 3 - v1" (unknown:0)
     0.005 Info: Address of server to join  : "127.0.0.1:25566" (unknown:0)
     0.005 Info: <> Paths set. (unknown:0)
     0.040 Debug: Detected default console font: "DejaVu Sans Mono", substitutions: "" (unknown:0)
     0.046 Info: <> Settings loaded. (unknown:0)
     0.050 Debug: Detecting proxy settings... (unknown:0)
     0.051 Debug: Using no proxy is an option! (unknown:0)
     0.051 Info: <> Network done. (unknown:0)
     0.053 Debug: Loading Application Language File for en_AU ... (unknown:0)
     0.053 Info: Your language is "en_AU" (unknown:0)
     0.053 Info: <> Translations loaded. (unknown:0)
     0.053 Debug: Started watching "/home/gerald/.local/share/PrismLauncher/icons" (unknown:0)
     0.053 Debug: Sorting icon list... (unknown:0)
     0.070 Info: <> Instance icons initialized. (unknown:0)
     0.071 Debug: [Theme] Determining System Widget Theme... (unknown:0)
     0.071 Debug: [Theme] System theme seems to be: "fusion" (unknown:0)
     0.071 Debug: [Theme] <> Initializing Icon Themes (unknown:0)
     0.071 Debug: [Theme] Loaded Built-In Icon Theme "pe_colored" (unknown:0)
     0.071 Debug: [Theme] Loaded Built-In Icon Theme "pe_light" (unknown:0)
     0.071 Debug: [Theme] Loaded Built-In Icon Theme "pe_dark" (unknown:0)
     0.071 Debug: [Theme] Loaded Built-In Icon Theme "pe_blue" (unknown:0)
     0.071 Debug: [Theme] Loaded Built-In Icon Theme "breeze_light" (unknown:0)
     0.071 Debug: [Theme] Loaded Built-In Icon Theme "breeze_dark" (unknown:0)
     0.071 Debug: [Theme] Loaded Built-In Icon Theme "OSX" (unknown:0)
     0.071 Debug: [Theme] Loaded Built-In Icon Theme "iOS" (unknown:0)
     0.071 Debug: [Theme] Loaded Built-In Icon Theme "flat" (unknown:0)
     0.071 Debug: [Theme] Loaded Built-In Icon Theme "flat_white" (unknown:0)
     0.071 Debug: [Theme] Loaded Built-In Icon Theme "multimc" (unknown:0)
     0.071 Debug: [Theme] Icon Theme Folder Path: "/home/gerald/.local/share/PrismLauncher/iconthemes" (unknown:0)
     0.071 Debug: [Theme] <> Icon themes initialized. (unknown:0)
     0.071 Debug: [Theme] <> Initializing Widget Themes (unknown:0)
     0.071 Debug: [Theme] Loading Built-in Theme: "system" (unknown:0)
     0.071 Debug: [Theme] Loading Built-in Theme: "dark" (unknown:0)
     0.071 Debug: [Theme] Loading Built-in Theme: "bright" (unknown:0)
     0.071 Debug: [Theme] <> Initializing System Widget Themes (unknown:0)
     0.072 Debug: [Theme] Loading System Theme: "Windows" (unknown:0)
     0.072 Debug: [Theme] Loading System Theme: "Fusion" (unknown:0)
     0.072 Debug: [Theme] Theme Folder Path: "/home/gerald/.local/share/PrismLauncher/themes" (unknown:0)
     0.072 Debug: [Theme] <> Widget themes initialized. (unknown:0)
     0.072 Debug: [Theme] CatPacks Folder Path: "/home/gerald/.local/share/PrismLauncher/catpacks" (unknown:0)
     0.077 Info: Instance path              : "instances" (unknown:0)
     0.077 Info: Loading Instances... (unknown:0)
     0.077 Info: Discovering instances in "/home/gerald/.local/share/PrismLauncher/instances" (unknown:0)
     0.077 Info: Found instance ID "Bound to Matter-Playtest 3 - v1" (unknown:0)
     0.077 Debug: Will load group list now. (unknown:0)
     0.077 Debug: Group list loaded. (unknown:0)
     0.077 Debug: Loaded instance "Bound to Matter-Playtest 3 - v1" from "/home/gerald/.local/share/PrismLauncher/instances/Bound to Matter-Playtest 3 - v1" (unknown:0)
     0.077 Info: <> Instances loaded. (unknown:0)
     0.077 Info: Loading accounts... (unknown:0)
     0.077 Debug: AccountList: Queued default account with internal ID "4109fb6c313b4388876baec733f8c002" to refresh first (unknown:0)
     0.081 Debug: AuthFlow: "Logging in with Microsoft account." (unknown:0)
     0.104 Debug: RefreshSchedule: Processing account "mrgeraldsummers" with internal ID "4109fb6c313b4388876baec733f8c002" (unknown:0)
     0.104 Info: <> Accounts loaded. (unknown:0)
     0.105 Info: <> Cache initialized. (unknown:0)
     0.105 Debug: Downloading Translations Index... (unknown:0)
     0.106 Warning: [launcher.task.net] [HttpMetaCache] Removing cache entry because of old age! (unknown:0)
     0.106 Critical: dlopen() failed: ed object f: cannot open shared object file: No such file or directory (unknown:0)
     0.106 Critical: dlopen() failed: libopenal.so: cannot open shared object file: No such file or directory (unknown:0)
     0.107 Debug: Detected native libraries: "" "" (unknown:0)
     0.107 Debug: [Theme] <> Icon theme set. (unknown:0)
     0.107 Debug: [Theme] applying theme "Dark" (unknown:0)
     0.109 Debug: [Theme] <> Application theme set. (unknown:0)
     0.109 Debug: <> Instance "Bound to Matter-Playtest 3 - v1" launching (unknown:0)
     0.109 Debug:    Launching with server "127.0.0.1:25566" (unknown:0)
     0.110 Debug: Instance-type specific settings were loaded! (unknown:0)
     0.145 Warning: [qt.qpa.services] Failed to register with host portal QDBusError("org.freedesktop.portal.Error.Failed", "Could not register app ID: Connection already associated with an application ID") (unknown:0)
     0.146 Debug: Dir changed: "/home/gerald/.local/share/PrismLauncher/translations" (unknown:0)
     0.147 Debug: Loading Application Language File for en_AU ... (unknown:0)
     0.266 Debug: Got translations index! (unknown:0)
     0.267 Debug: Dir changed: "/home/gerald/.local/share/PrismLauncher/translations" (unknown:0)
     0.267 Debug: Loading Application Language File for en_AU ... (unknown:0)
     0.268 Debug: Dir changed: "/home/gerald/.local/share/PrismLauncher/translations" (unknown:0)
     0.268 Debug: Loading Application Language File for en_AU ... (unknown:0)
     0.285 Debug: Got translation: "en_AU" (unknown:0)
     0.286 Debug: Loading Application Language File for en_AU ... (unknown:0)
     0.729 Debug: AuthFlow: "Logging in as an Xbox user." (unknown:0)
     0.730 Debug: First layer of Xbox auth ... commencing. (unknown:0)
     0.731 Debug: [launcher.task.net.upload] "{cd5e6ce2-df9d-4c42-8316-25b526ce4b75}" Running "https://user.auth.xboxlive.com/user/authenticate" (unknown:0)
     1.667 Debug: [launcher.task.net.upload] "{cd5e6ce2-df9d-4c42-8316-25b526ce4b75}" Request succeeded: "https://user.auth.xboxlive.com/user/authenticate" (unknown:0)
     1.667 Debug: Parsing "UToken" : (unknown:0)
     1.667 Debug: "UToken" is valid. (unknown:0)
     1.668 Debug: AuthFlow: "Getting authorisation to access Xbox services." (unknown:0)
     1.668 Debug: Getting authorization token for "http://xboxlive.com" (unknown:0)
     1.670 Debug: [launcher.task.net.upload] "{9762e804-82c2-4fae-8c1d-15ed4eb557d4}" Running "https://xsts.auth.xboxlive.com/xsts/authorize" (unknown:0)
     2.816 Debug: [launcher.task.net.upload] "{9762e804-82c2-4fae-8c1d-15ed4eb557d4}" Request succeeded: "https://xsts.auth.xboxlive.com/xsts/authorize" (unknown:0)
     2.816 Debug: Parsing "Xbox" : (unknown:0)
     2.816 Debug: "Xbox" is valid. (unknown:0)
     2.816 Debug: AuthFlow: "Getting authorisation to access Mojang services." (unknown:0)
     2.816 Debug: Getting authorization token for "rp://api.minecraftservices.com/" (unknown:0)
     2.817 Debug: [launcher.task.net.upload] "{32133375-31f6-478e-806c-45641ce41736}" Running "https://xsts.auth.xboxlive.com/xsts/authorize" (unknown:0)
     3.282 Debug: [launcher.task.net.upload] "{32133375-31f6-478e-806c-45641ce41736}" Request succeeded: "https://xsts.auth.xboxlive.com/xsts/authorize" (unknown:0)
     3.282 Debug: Parsing "Mojang" : (unknown:0)
     3.282 Debug: "Mojang" is valid. (unknown:0)
     3.282 Debug: AuthFlow: "Fetching Minecraft access token" (unknown:0)
     3.282 Debug: Getting Minecraft access token... (unknown:0)
     3.283 Debug: [launcher.task.net.upload] "{feb73734-c562-496a-98b6-1e6e8a89b768}" Running "https://api.minecraftservices.com/launcher/login" (unknown:0)
     3.666 Debug: [launcher.task.net.upload] "{feb73734-c562-496a-98b6-1e6e8a89b768}" Request succeeded: "https://api.minecraftservices.com/launcher/login" (unknown:0)
     3.666 Debug: Parsing Mojang response... (unknown:0)
     3.666 Debug: Mojang response is valid. (unknown:0)
     3.666 Debug: AuthFlow: "Fetching Xbox profile." (unknown:0)
     3.666 Debug: Getting Xbox profile... (unknown:0)
     4.704 Debug: AuthFlow: "Determining game ownership." (unknown:0)
     4.705 Debug: Getting entitlements... (unknown:0)
     5.199 Debug: Parsing Minecraft entitlements... (unknown:0)
     5.199 Debug: AuthFlow: "Fetching the Minecraft profile." (unknown:0)
     5.443 Debug: Parsing Minecraft profile... (unknown:0)
     5.443 Debug: AuthFlow: "Getting skin." (unknown:0)
     5.546 Debug: Writing account list to "accounts.json" (unknown:0)
     5.547 Debug: Building JSON data structure. (unknown:0)
     5.547 Debug: Building account array. (unknown:0)
     5.548 Debug: Writing account list to file. (unknown:0)
     5.551 Debug: Saved account list to "accounts.json" (unknown:0)
     5.551 Debug: RefreshSchedule: Background account refresh succeeded (unknown:0)
     5.778 Debug: [launcher.instance.profile.resolve] Loading components (unknown:0)
     5.778 Debug: "Bound to Matter-Playtest 3 - v1" | Component list save is scheduled (unknown:0)
     5.778 Debug: [launcher.instance.profile.resolve] "Bound to Matter-Playtest 3 - v1" | Remote loading is being run for "LWJGL 3" (unknown:0)
     5.778 Debug: [launcher.instance.profile.resolve] "Bound to Matter-Playtest 3 - v1" | Remote loading is being run for "Minecraft" (unknown:0)
     5.778 Debug: [launcher.instance.profile.resolve] "Bound to Matter-Playtest 3 - v1" | Remote loading is being run for "Forge" (unknown:0)
     5.818 Warning: [launcher.task.net] [HttpMetaCache] Removing cache entry because of old age! (unknown:0)
     5.938 Debug: [launcher.instance.profile.resolve] Remote task 0 succeeded (unknown:0)
     5.938 Debug: [launcher.instance.profile.resolve] Remote task 1 succeeded (unknown:0)
     5.938 Debug: [launcher.instance.profile.resolve] Remote task 2 succeeded (unknown:0)
     5.938 Debug: [launcher.instance.profile.resolve] Resolving dependencies (unknown:0)
     5.938 Debug: [launcher.instance.profile.resolve] "Req: net.minecraft == 1.20.1" Is met. (unknown:0)
     5.938 Debug: [launcher.instance.profile.resolve] "Req: org.lwjgl3" Is met. (unknown:0)
     5.938 Debug: [launcher.instance.profile] "Bound to Matter-Playtest 3 - v1" | Component list update/resolve task succeeded (unknown:0)
     5.938 Debug: Writing account list to "accounts.json" (unknown:0)
     5.938 Debug: Building JSON data structure. (unknown:0)
     5.938 Debug: Building account array. (unknown:0)
     5.939 Debug: Writing account list to file. (unknown:0)
     5.940 Debug: Saved account list to "accounts.json" (unknown:0)
     5.940 Warning: Profile "b17cedd374054c62ac38fd868306c556" is now in use. (unknown:0)
     5.940 Debug: "Bound to Matter-Playtest 3 - v1" : downloading libraries (unknown:0)
     5.940 Debug: [launcher.instance.profile] "Bound to Matter-Playtest 3 - v1" | Applying "org.lwjgl3" GOOD (unknown:0)
     5.941 Debug: [launcher.instance.profile] "Bound to Matter-Playtest 3 - v1" | Applying "net.minecraft" GOOD (unknown:0)
     5.941 Debug: [launcher.instance.profile] "Bound to Matter-Playtest 3 - v1" | Applying "net.minecraftforge" GOOD (unknown:0)
     5.961 Debug: Asset index SHA1: "484cb832217b640bfa699aeb5cf82ec32c0959b2" (unknown:0)
     5.961 Debug: Starting asset index download for "Bound to Matter-Playtest 3 - v1" (unknown:0)
     6.059 Debug: Finished asset index download for "Bound to Matter-Playtest 3 - v1" (unknown:0)
     6.397 Debug: reconstructAssets "assets" "assets/indexes" "assets/objects" "assets/virtual" "assets/virtual/5" (unknown:0)
     6.410 Debug: "-Xms2000m -Xmx8192m -Duser.language=en -Djava.library.path=/home/gerald/.local/share/PrismLauncher/instances/Bound to Matter-Playtest 3 - v1/natives -cp /tmp/.mount_PrismLghnIiG/share/PrismLauncher/NewLaunch.jar:/home/gerald/.local/share/PrismLauncher/libraries/org/lwjgl/lwjgl-glfw-natives-linux/3.3.2-lwjgl.1/lwjgl-glfw-natives-linux-3.3.2-lwjgl.1.jar:/home/gerald/.local/share/PrismLauncher/libraries/org/lwjgl/lwjgl-glfw/3.3.1/lwjgl-glfw-3.3.1.jar:/home/gerald/.local/share/PrismLauncher/libraries/org/lwjgl/lwjgl-jemalloc-natives-linux/3.3.1/lwjgl-jemalloc-natives-linux-3.3.1.jar:/home/gerald/.local/share/PrismLauncher/libraries/org/lwjgl/lwjgl-jemalloc/3.3.1/lwjgl-jemalloc-3.3.1.jar:/home/gerald/.local/share/PrismLauncher/libraries/org/lwjgl/lwjgl-natives-linux/3.3.1/lwjgl-natives-linux-3.3.1.jar:/home/gerald/.local/share/PrismLauncher/libraries/org/lwjgl/lwjgl-openal-natives-linux/3.3.1/lwjgl-openal-natives-linux-3.3.1.jar:/home/gerald/.local/share/PrismLauncher/libraries/org/lwjgl/lwjgl-openal/3.3.1/lwjgl-openal-3.3.1.jar:/home/gerald/.local/share/PrismLauncher/libraries/org/lwjgl/lwjgl-opengl-natives-linux/3.3.1/lwjgl-opengl-natives-linux-3.3.1.jar:/home/gerald/.local/share/PrismLauncher/libraries/org/lwjgl/lwjgl-opengl/3.3.1/lwjgl-opengl-3.3.1.jar:/home/gerald/.local/share/PrismLauncher/libraries/org/lwjgl/lwjgl-stb-natives-linux/3.3.1/lwjgl-stb-natives-linux-3.3.1.jar:/home/gerald/.local/share/PrismLauncher/libraries/org/lwjgl/lwjgl-stb/3.3.1/lwjgl-stb-3.3.1.jar:/home/gerald/.local/share/PrismLauncher/libraries/org/lwjgl/lwjgl-tinyfd-natives-linux/3.3.1/lwjgl-tinyfd-natives-linux-3.3.1.jar:/home/gerald/.local/share/PrismLauncher/libraries/org/lwjgl/lwjgl-tinyfd/3.3.1/lwjgl-tinyfd-3.3.1.jar:/home/gerald/.local/share/PrismLauncher/libraries/org/lwjgl/lwjgl/3.3.1/lwjgl-3.3.1.jar:/home/gerald/.local/share/PrismLauncher/libraries/com/github/oshi/oshi-core/6.2.2/oshi-core-6.2.2.jar:/home/gerald/.local/share/PrismLauncher/libraries/com/google/code/gson/gson/2.10/gson-2.10.jar:/home/gerald/.local/share/PrismLauncher/libraries/com/google/guava/failureaccess/1.0.1/failureaccess-1.0.1.jar:/home/gerald/.local/share/PrismLauncher/libraries/com/google/guava/guava/31.1-jre/guava-31.1-jre.jar:/home/gerald/.local/share/PrismLauncher/libraries/com/ibm/icu/icu4j/71.1/icu4j-71.1.jar:/home/gerald/.local/share/PrismLauncher/libraries/com/mojang/authlib/4.0.43/authlib-4.0.43.jar:/home/gerald/.local/share/PrismLauncher/libraries/com/mojang/blocklist/1.0.10/blocklist-1.0.10.jar:/home/gerald/.local/share/PrismLauncher/libraries/com/mojang/brigadier/1.1.8/brigadier-1.1.8.jar:/home/gerald/.local/share/PrismLauncher/libraries/com/mojang/datafixerupper/6.0.8/datafixerupper-6.0.8.jar:/home/gerald/.local/share/PrismLauncher/libraries/com/mojang/logging/1.1.1/logging-1.1.1.jar:/home/gerald/.local/share/PrismLauncher/libraries/com/mojang/patchy/2.2.10/patchy-2.2.10.jar:/home/gerald/.local/share/PrismLauncher/libraries/com/mojang/text2speech/1.17.9/text2speech-1.17.9.jar:/home/gerald/.local/share/PrismLauncher/libraries/commons-codec/commons-codec/1.15/commons-codec-1.15.jar:/home/gerald/.local/share/PrismLauncher/libraries/commons-io/commons-io/2.11.0/commons-io-2.11.0.jar:/home/gerald/.local/share/PrismLauncher/libraries/commons-logging/commons-logging/1.2/commons-logging-1.2.jar:/home/gerald/.local/share/PrismLauncher/libraries/io/netty/netty-buffer/4.1.82.Final/netty-buffer-4.1.82.Final.jar:/home/gerald/.local/share/PrismLauncher/libraries/io/netty/netty-codec/4.1.82.Final/netty-codec-4.1.82.Final.jar:/home/gerald/.local/share/PrismLauncher/libraries/io/netty/netty-common/4.1.82.Final/netty-common-4.1.82.Final.jar:/home/gerald/.local/share/PrismLauncher/libraries/io/netty/netty-handler/4.1.82.Final/netty-handler-4.1.82.Final.jar:/home/gerald/.local/share/PrismLauncher/libraries/io/netty/netty-resolver/4.1.82.Final/netty-resolver-4.1.82.Final.jar:/home/gerald/.local/share/PrismLauncher/libraries/io/netty/netty-transport-classes-epoll/4.1.82.Final/netty-transport-classes-epoll-4.1.82.Final.jar:/home/gerald/.local/share/PrismLauncher/libraries/io/netty/netty-transport-native-epoll/4.1.82.Final/netty-transport-native-epoll-4.1.82.Final-linux-aarch_64.jar:/home/gerald/.local/share/PrismLauncher/libraries/io/netty/netty-transport-native-epoll/4.1.82.Final/netty-transport-native-epoll-4.1.82.Final-linux-x86_64.jar:/home/gerald/.local/share/PrismLauncher/libraries/io/netty/netty-transport-native-unix-common/4.1.82.Final/netty-transport-native-unix-common-4.1.82.Final.jar:/home/gerald/.local/share/PrismLauncher/libraries/io/netty/netty-transport/4.1.82.Final/netty-transport-4.1.82.Final.jar:/home/gerald/.local/share/PrismLauncher/libraries/it/unimi/dsi/fastutil/8.5.9/fastutil-8.5.9.jar:/home/gerald/.local/share/PrismLauncher/libraries/net/java/dev/jna/jna-platform/5.12.1/jna-platform-5.12.1.jar:/home/gerald/.local/share/PrismLauncher/libraries/net/java/dev/jna/jna/5.12.1/jna-5.12.1.jar:/home/gerald/.local/share/PrismLauncher/libraries/net/sf/jopt-simple/jopt-simple/5.0.4/jopt-simple-5.0.4.jar:/home/gerald/.local/share/PrismLauncher/libraries/org/apache/commons/commons-compress/1.21/commons-compress-1.21.jar:/home/gerald/.local/share/PrismLauncher/libraries/org/apache/commons/commons-lang3/3.12.0/commons-lang3-3.12.0.jar:/home/gerald/.local/share/PrismLauncher/libraries/org/apache/httpcomponents/httpclient/4.5.13/httpclient-4.5.13.jar:/home/gerald/.local/share/PrismLauncher/libraries/org/apache/httpcomponents/httpcore/4.4.15/httpcore-4.4.15.jar:/home/gerald/.local/share/PrismLauncher/libraries/org/apache/logging/log4j/log4j-api/2.19.0/log4j-api-2.19.0.jar:/home/gerald/.local/share/PrismLauncher/libraries/org/apache/logging/log4j/log4j-core/2.19.0/log4j-core-2.19.0.jar:/home/gerald/.local/share/PrismLauncher/libraries/org/apache/logging/log4j/log4j-slf4j2-impl/2.19.0/log4j-slf4j2-impl-2.19.0.jar:/home/gerald/.local/share/PrismLauncher/libraries/org/joml/joml/1.10.5/joml-1.10.5.jar:/home/gerald/.local/share/PrismLauncher/libraries/org/slf4j/slf4j-api/2.0.1/slf4j-api-2.0.1.jar:/home/gerald/.local/share/PrismLauncher/libraries/io/github/zekerzhayard/ForgeWrapper/prism-2025-12-07/ForgeWrapper-prism-2025-12-07.jar:/home/gerald/.local/share/PrismLauncher/libraries/cpw/mods/securejarhandler/2.1.10/securejarhandler-2.1.10.jar:/home/gerald/.local/share/PrismLauncher/libraries/org/ow2/asm/asm/9.8/asm-9.8.jar:/home/gerald/.local/share/PrismLauncher/libraries/org/ow2/asm/asm-commons/9.8/asm-commons-9.8.jar:/home/gerald/.local/share/PrismLauncher/libraries/org/ow2/asm/asm-tree/9.8/asm-tree-9.8.jar:/home/gerald/.local/share/PrismLauncher/libraries/org/ow2/asm/asm-util/9.8/asm-util-9.8.jar:/home/gerald/.local/share/PrismLauncher/libraries/org/ow2/asm/asm-analysis/9.8/asm-analysis-9.8.jar:/home/gerald/.local/share/PrismLauncher/libraries/net/minecraftforge/accesstransformers/8.0.4/accesstransformers-8.0.4.jar:/home/gerald/.local/share/PrismLauncher/libraries/org/antlr/antlr4-runtime/4.9.1/antlr4-runtime-4.9.1.jar:/home/gerald/.local/share/PrismLauncher/libraries/net/minecraftforge/eventbus/6.0.5/eventbus-6.0.5.jar:/home/gerald/.local/share/PrismLauncher/libraries/net/minecraftforge/forgespi/7.0.1/forgespi-7.0.1.jar:/home/gerald/.local/share/PrismLauncher/libraries/net/minecraftforge/coremods/5.2.4/coremods-5.2.4.jar:/home/gerald/.local/share/PrismLauncher/libraries/cpw/mods/modlauncher/10.0.9/modlauncher-10.0.9.jar:/home/gerald/.local/share/PrismLauncher/libraries/net/minecraftforge/unsafe/0.2.0/unsafe-0.2.0.jar:/home/gerald/.local/share/PrismLauncher/libraries/net/minecraftforge/mergetool/1.1.5/mergetool-1.1.5-api.jar:/home/gerald/.local/share/PrismLauncher/libraries/com/electronwill/night-config/core/3.6.4/core-3.6.4.jar:/home/gerald/.local/share/PrismLauncher/libraries/com/electronwill/night-config/toml/3.6.4/toml-3.6.4.jar:/home/gerald/.local/share/PrismLauncher/libraries/org/apache/maven/maven-artifact/3.8.5/maven-artifact-3.8.5.jar:/home/gerald/.local/share/PrismLauncher/libraries/net/jodah/typetools/0.6.3/typetools-0.6.3.jar:/home/gerald/.local/share/PrismLauncher/libraries/net/minecrell/terminalconsoleappender/1.2.0/terminalconsoleappender-1.2.0.jar:/home/gerald/.local/share/PrismLauncher/libraries/org/jline/jline-reader/3.12.1/jline-reader-3.12.1.jar:/home/gerald/.local/share/PrismLauncher/libraries/org/jline/jline-terminal/3.12.1/jline-terminal-3.12.1.jar:/home/gerald/.local/share/PrismLauncher/libraries/org/spongepowered/mixin/0.8.5/mixin-0.8.5.jar:/home/gerald/.local/share/PrismLauncher/libraries/org/openjdk/nashorn/nashorn-core/15.4/nashorn-core-15.4.jar:/home/gerald/.local/share/PrismLauncher/libraries/net/minecraftforge/JarJarSelector/0.3.19/JarJarSelector-0.3.19.jar:/home/gerald/.local/share/PrismLauncher/libraries/net/minecraftforge/JarJarMetadata/0.3.19/JarJarMetadata-0.3.19.jar:/home/gerald/.local/share/PrismLauncher/libraries/cpw/mods/bootstraplauncher/1.1.2/bootstraplauncher-1.1.2.jar:/home/gerald/.local/share/PrismLauncher/libraries/net/minecraftforge/JarJarFileSystems/0.3.19/JarJarFileSystems-0.3.19.jar:/home/gerald/.local/share/PrismLauncher/libraries/net/minecraftforge/fmlloader/1.20.1-47.4.13/fmlloader-1.20.1-47.4.13.jar:/home/gerald/.local/share/PrismLauncher/libraries/net/minecraftforge/fmlearlydisplay/1.20.1-47.4.13/fmlearlydisplay-1.20.1-47.4.13.jar:/home/gerald/.local/share/PrismLauncher/libraries/com/mojang/minecraft/1.20.1/minecraft-1.20.1-client.jar org.prismlauncher.EntryPoint" (unknown:0)
     6.627 Warning: Invalid type for mod parse task! (unknown:0)
     6.654 Warning: Invalid type for mod parse task! (unknown:0)
     6.846 Warning: Invalid type for mod parse task! (unknown:0)
     6.884 Warning: Invalid type for mod parse task! (unknown:0)
     6.884 Warning: Invalid type for mod parse task! (unknown:0)
    10.689 Debug: "Bound to Matter-Playtest 3 - v1" | Component list save performed now (unknown:0)
    36.447 Debug: [launcher.task.net.metacache.http] Saving metacache with 14 entries (unknown:0)
   125.930 Debug: Writing account list to "accounts.json" (unknown:0)
   125.930 Debug: Building JSON data structure. (unknown:0)
   125.930 Debug: Building account array. (unknown:0)
   125.930 Debug: Writing account list to file. (unknown:0)
   125.930 Debug: Saved account list to "accounts.json" (unknown:0)
   125.930 Warning: Profile "b17cedd374054c62ac38fd868306c556" is no longer in use. (unknown:0)
   126.018 Debug: [launcher.instance.profile.resolve] Loading components (unknown:0)
   126.018 Debug: "Bound to Matter-Playtest 3 - v1" | Component list save is scheduled (unknown:0)
   126.018 Debug: [launcher.instance.profile.resolve] Resolving dependencies (unknown:0)
   126.018 Debug: [launcher.instance.profile.resolve] "Req: net.minecraft == 1.20.1" Is met. (unknown:0)
   126.018 Debug: [launcher.instance.profile.resolve] "Req: org.lwjgl3" Is met. (unknown:0)
   126.018 Debug: [launcher.instance.profile] "Bound to Matter-Playtest 3 - v1" | Component list update/resolve task succeeded (unknown:0)
   126.022 Debug: QProxyStyle NoBigComboBox created for "" QStyleSheetStyle(0x55556185c970) (unknown:0)
   126.028 Debug: [launcher.instance.profile] "Bound to Matter-Playtest 3 - v1" | Applying "org.lwjgl3" GOOD (unknown:0)
   126.028 Debug: [launcher.instance.profile] "Bound to Matter-Playtest 3 - v1" | Applying "net.minecraft" GOOD (unknown:0)
   126.028 Debug: [launcher.instance.profile] "Bound to Matter-Playtest 3 - v1" | Applying "net.minecraftforge" GOOD (unknown:0)
   126.051 Debug: World Name: "New World" (unknown:0)
   126.051 Debug: Last Played: "Tue May 5 16:14:30 2026" (unknown:0)
   126.051 Debug: Seed: 7166469042513606243 (unknown:0)
   126.051 Debug: Size: 0 (unknown:0)
   126.051 Debug: GameType: "Survival" (unknown:0)
   126.070 Debug: World Name: "New World" (unknown:0)
   126.070 Debug: Last Played: "Tue May 5 16:25:59 2026" (unknown:0)
   126.070 Debug: Seed: 6869597348745757192 (unknown:0)
   126.070 Debug: Size: 0 (unknown:0)
   126.070 Debug: GameType: "Survival" (unknown:0)
   126.091 Warning: QLayout: Attempting to add QLayout "" to InstanceWindow "", which already has a layout (unknown:0)
