     0.000 Info: Testing "/home/gerald/.local/share/PrismLauncher/qtlogging.ini" ... (unknown:0)
     0.001 Info: Testing "/tmp/.mount_PrismLAPPjIP/share/PrismLauncher/qtlogging.ini" ... (unknown:0)
     0.001 Info: Loading logging rules from: "/tmp/.mount_PrismLAPPjIP/share/PrismLauncher/qtlogging.ini" (unknown:0)
     0.003 Info: Setting log rules: (unknown:0)
     0.003 Info:      "*.debug=true" (unknown:0)
     0.003 Info:      "kf.imageformats.plugins.hdr=false" (unknown:0)
     0.003 Info:      "kf.imageformats.plugins.xcf=false" (unknown:0)
     0.003 Info:      "launcher.auth.credentials.debug=false" (unknown:0)
     0.003 Info:      "launcher.task=false" (unknown:0)
     0.003 Info:      "launcher.task.net=true" (unknown:0)
     0.003 Info:      "launcher.task.net.download.debug=false" (unknown:0)
     0.003 Info:      "launcher.task.net.metacache=false" (unknown:0)
     0.003 Info:      "launcher.task.net.metacache.http=true" (unknown:0)
     0.003 Info:      "launcher.task.net.upload=true" (unknown:0)
     0.003 Info:      "qt.*.debug=false" (unknown:0)
     0.003 Info: <> Log initialized. (unknown:0)
     0.003 Debug: <> No migration needed from "PolyMC" (unknown:0)
     0.003 Debug: <> No migration needed from "MultiMC" (unknown:0)
     0.003 Info: Prism Launcher, © 2022-2026 Prism Launcher Contributors, © 2021-2022 PolyMC Contributors, © 2012-2021 MultiMC Contributors (unknown:0)
     0.003 Info: Version                    : "10.0.5" (unknown:0)
     0.003 Info: Platform                   : "official" (unknown:0)
     0.003 Info: Git commit                 : "" (unknown:0)
     0.003 Info: Git refspec                : "refs/heads/stable" (unknown:0)
     0.003 Info: Compiled for               : "Linux 6.14.0-1017-azure x86_64" (unknown:0)
     0.003 Info: Compiled by                : "GNU - 13.3.0" (unknown:0)
     0.003 Info: Build Artifact             : "Linux-Qt6" (unknown:0)
     0.003 Info: Updates Enabled            : Yes (unknown:0)
     0.003 Info: Work dir before adjustment : "/home/gerald/obelisks" (unknown:0)
     0.003 Info: Work dir after adjustment  : "/home/gerald/.local/share/PrismLauncher" (unknown:0)
     0.003 Info: Adjusted by                : "Command line" (unknown:0)
     0.003 Info: Binary path                : "/tmp/.mount_PrismLAPPjIP/bin" (unknown:0)
     0.003 Info: Application root path      : "/tmp/.mount_PrismLAPPjIP" (unknown:0)
     0.003 Info: ID of instance to launch   : "Bound to Matter-Playtest 3 - v1" (unknown:0)
     0.003 Info: Address of server to join  : "127.0.0.1:25566" (unknown:0)
     0.003 Info: <> Paths set. (unknown:0)
     0.031 Debug: Detected default console font: "DejaVu Sans Mono", substitutions: "" (unknown:0)
     0.037 Info: <> Settings loaded. (unknown:0)
     0.040 Debug: Detecting proxy settings... (unknown:0)
     0.041 Debug: Using no proxy is an option! (unknown:0)
     0.041 Info: <> Network done. (unknown:0)
     0.043 Debug: Loading Application Language File for en_AU ... (unknown:0)
     0.043 Info: Your language is "en_AU" (unknown:0)
     0.043 Info: <> Translations loaded. (unknown:0)
     0.043 Debug: Started watching "/home/gerald/.local/share/PrismLauncher/icons" (unknown:0)
     0.043 Debug: Sorting icon list... (unknown:0)
     0.062 Info: <> Instance icons initialized. (unknown:0)
     0.062 Debug: [Theme] Determining System Widget Theme... (unknown:0)
     0.063 Debug: [Theme] System theme seems to be: "fusion" (unknown:0)
     0.063 Debug: [Theme] <> Initializing Icon Themes (unknown:0)
     0.063 Debug: [Theme] Loaded Built-In Icon Theme "pe_colored" (unknown:0)
     0.063 Debug: [Theme] Loaded Built-In Icon Theme "pe_light" (unknown:0)
     0.063 Debug: [Theme] Loaded Built-In Icon Theme "pe_dark" (unknown:0)
     0.063 Debug: [Theme] Loaded Built-In Icon Theme "pe_blue" (unknown:0)
     0.063 Debug: [Theme] Loaded Built-In Icon Theme "breeze_light" (unknown:0)
     0.063 Debug: [Theme] Loaded Built-In Icon Theme "breeze_dark" (unknown:0)
     0.063 Debug: [Theme] Loaded Built-In Icon Theme "OSX" (unknown:0)
     0.063 Debug: [Theme] Loaded Built-In Icon Theme "iOS" (unknown:0)
     0.063 Debug: [Theme] Loaded Built-In Icon Theme "flat" (unknown:0)
     0.063 Debug: [Theme] Loaded Built-In Icon Theme "flat_white" (unknown:0)
     0.063 Debug: [Theme] Loaded Built-In Icon Theme "multimc" (unknown:0)
     0.063 Debug: [Theme] Icon Theme Folder Path: "/home/gerald/.local/share/PrismLauncher/iconthemes" (unknown:0)
     0.063 Debug: [Theme] <> Icon themes initialized. (unknown:0)
     0.063 Debug: [Theme] <> Initializing Widget Themes (unknown:0)
     0.063 Debug: [Theme] Loading Built-in Theme: "system" (unknown:0)
     0.063 Debug: [Theme] Loading Built-in Theme: "dark" (unknown:0)
     0.063 Debug: [Theme] Loading Built-in Theme: "bright" (unknown:0)
     0.063 Debug: [Theme] <> Initializing System Widget Themes (unknown:0)
     0.064 Debug: [Theme] Loading System Theme: "Windows" (unknown:0)
     0.064 Debug: [Theme] Loading System Theme: "Fusion" (unknown:0)
     0.064 Debug: [Theme] Theme Folder Path: "/home/gerald/.local/share/PrismLauncher/themes" (unknown:0)
     0.064 Debug: [Theme] <> Widget themes initialized. (unknown:0)
     0.064 Debug: [Theme] CatPacks Folder Path: "/home/gerald/.local/share/PrismLauncher/catpacks" (unknown:0)
     0.068 Info: Instance path              : "instances" (unknown:0)
     0.068 Info: Loading Instances... (unknown:0)
     0.068 Info: Discovering instances in "/home/gerald/.local/share/PrismLauncher/instances" (unknown:0)
     0.068 Info: Found instance ID "Bound to Matter-Playtest 3 - v1" (unknown:0)
     0.068 Debug: Will load group list now. (unknown:0)
     0.069 Debug: Group list loaded. (unknown:0)
     0.069 Debug: Loaded instance "Bound to Matter-Playtest 3 - v1" from "/home/gerald/.local/share/PrismLauncher/instances/Bound to Matter-Playtest 3 - v1" (unknown:0)
     0.069 Info: <> Instances loaded. (unknown:0)
     0.069 Info: Loading accounts... (unknown:0)
     0.069 Debug: AccountList: Queued default account with internal ID "641d4e1b81ba4d8fad8d293b4b401992" to refresh first (unknown:0)
     0.073 Debug: AuthFlow: "Logging in with Microsoft account." (unknown:0)
     0.096 Debug: RefreshSchedule: Processing account "mrgeraldsummers" with internal ID "641d4e1b81ba4d8fad8d293b4b401992" (unknown:0)
     0.096 Info: <> Accounts loaded. (unknown:0)
     0.097 Info: <> Cache initialized. (unknown:0)
     0.097 Debug: Downloading Translations Index... (unknown:0)
     0.097 Warning: [launcher.task.net] [HttpMetaCache] Removing cache entry because of old age! (unknown:0)
     0.098 Critical: dlopen() failed: ed object f: cannot open shared object file: No such file or directory (unknown:0)
     0.098 Critical: dlopen() failed: libopenal.so: cannot open shared object file: No such file or directory (unknown:0)
     0.098 Debug: Detected native libraries: "" "" (unknown:0)
     0.098 Debug: [Theme] <> Icon theme set. (unknown:0)
     0.098 Debug: [Theme] applying theme "Dark" (unknown:0)
     0.100 Debug: [Theme] <> Application theme set. (unknown:0)
     0.100 Debug: <> Instance "Bound to Matter-Playtest 3 - v1" launching (unknown:0)
     0.100 Debug:    Launching with server "127.0.0.1:25566" (unknown:0)
     0.102 Debug: Instance-type specific settings were loaded! (unknown:0)
     0.135 Warning: [qt.qpa.services] Failed to register with host portal QDBusError("org.freedesktop.portal.Error.Failed", "Could not register app ID: Connection already associated with an application ID") (unknown:0)
     0.141 Debug: Dir changed: "/home/gerald/.local/share/PrismLauncher/translations" (unknown:0)
     0.142 Debug: Loading Application Language File for en_AU ... (unknown:0)
     0.210 Debug: Got translations index! (unknown:0)
     0.210 Warning: [launcher.task.net] [HttpMetaCache] Removing cache entry because of old age! (unknown:0)
     0.210 Debug: Dir changed: "/home/gerald/.local/share/PrismLauncher/translations" (unknown:0)
     0.210 Debug: Loading Application Language File for en_AU ... (unknown:0)
     0.211 Debug: Dir changed: "/home/gerald/.local/share/PrismLauncher/translations" (unknown:0)
     0.211 Debug: Loading Application Language File for en_AU ... (unknown:0)
     0.260 Debug: Got translation: "en_AU" (unknown:0)
     0.260 Debug: Loading Application Language File for en_AU ... (unknown:0)
     0.260 Debug: Dir changed: "/home/gerald/.local/share/PrismLauncher/translations" (unknown:0)
     0.260 Debug: Loading Application Language File for en_AU ... (unknown:0)
     0.756 Debug: AuthFlow: "Logging in as an Xbox user." (unknown:0)
     0.757 Debug: First layer of Xbox auth ... commencing. (unknown:0)
     0.759 Debug: [launcher.task.net.upload] "{d75d4daa-849d-4106-9f9e-a358238865b0}" Running "https://user.auth.xboxlive.com/user/authenticate" (unknown:0)
     1.715 Debug: [launcher.task.net.upload] "{d75d4daa-849d-4106-9f9e-a358238865b0}" Request succeeded: "https://user.auth.xboxlive.com/user/authenticate" (unknown:0)
     1.715 Debug: Parsing "UToken" : (unknown:0)
     1.715 Debug: "UToken" is valid. (unknown:0)
     1.716 Debug: AuthFlow: "Getting authorisation to access Xbox services." (unknown:0)
     1.716 Debug: Getting authorization token for "http://xboxlive.com" (unknown:0)
     1.723 Debug: [launcher.task.net.upload] "{e4be844e-ed48-42bd-8854-f4cfc4308c70}" Running "https://xsts.auth.xboxlive.com/xsts/authorize" (unknown:0)
     2.773 Debug: [launcher.task.net.upload] "{e4be844e-ed48-42bd-8854-f4cfc4308c70}" Request succeeded: "https://xsts.auth.xboxlive.com/xsts/authorize" (unknown:0)
     2.773 Debug: Parsing "Xbox" : (unknown:0)
     2.773 Debug: "Xbox" is valid. (unknown:0)
     2.773 Debug: AuthFlow: "Getting authorisation to access Mojang services." (unknown:0)
     2.773 Debug: Getting authorization token for "rp://api.minecraftservices.com/" (unknown:0)
     2.779 Debug: [launcher.task.net.upload] "{08ac4369-e01b-4ba4-9c08-b9eae660587c}" Running "https://xsts.auth.xboxlive.com/xsts/authorize" (unknown:0)
     3.261 Debug: [launcher.task.net.upload] "{08ac4369-e01b-4ba4-9c08-b9eae660587c}" Request succeeded: "https://xsts.auth.xboxlive.com/xsts/authorize" (unknown:0)
     3.261 Debug: Parsing "Mojang" : (unknown:0)
     3.261 Debug: "Mojang" is valid. (unknown:0)
     3.261 Debug: AuthFlow: "Fetching Minecraft access token" (unknown:0)
     3.261 Debug: Getting Minecraft access token... (unknown:0)
     3.262 Debug: [launcher.task.net.upload] "{70bbd9b0-ad56-48dd-ba1b-8639ab4ce4d5}" Running "https://api.minecraftservices.com/launcher/login" (unknown:0)
     3.576 Debug: [launcher.task.net.upload] "{70bbd9b0-ad56-48dd-ba1b-8639ab4ce4d5}" Request succeeded: "https://api.minecraftservices.com/launcher/login" (unknown:0)
     3.576 Debug: Parsing Mojang response... (unknown:0)
     3.576 Debug: Mojang response is valid. (unknown:0)
     3.576 Debug: AuthFlow: "Fetching Xbox profile." (unknown:0)
     3.576 Debug: Getting Xbox profile... (unknown:0)
     4.626 Debug: AuthFlow: "Determining game ownership." (unknown:0)
     4.626 Debug: Getting entitlements... (unknown:0)
     5.076 Debug: Parsing Minecraft entitlements... (unknown:0)
     5.076 Debug: AuthFlow: "Fetching the Minecraft profile." (unknown:0)
     5.308 Debug: Parsing Minecraft profile... (unknown:0)
     5.309 Debug: AuthFlow: "Getting skin." (unknown:0)
     5.482 Debug: Writing account list to "accounts.json" (unknown:0)
     5.482 Debug: Building JSON data structure. (unknown:0)
     5.482 Debug: Building account array. (unknown:0)
     5.482 Debug: Writing account list to file. (unknown:0)
     5.487 Debug: Saved account list to "accounts.json" (unknown:0)
     5.487 Debug: RefreshSchedule: Background account refresh succeeded (unknown:0)
     5.675 Debug: [launcher.instance.profile.resolve] Loading components (unknown:0)
     5.675 Debug: "Bound to Matter-Playtest 3 - v1" | Component list save is scheduled (unknown:0)
     5.675 Debug: [launcher.instance.profile.resolve] "Bound to Matter-Playtest 3 - v1" | Remote loading is being run for "LWJGL 3" (unknown:0)
     5.675 Debug: [launcher.instance.profile.resolve] "Bound to Matter-Playtest 3 - v1" | Remote loading is being run for "Minecraft" (unknown:0)
     5.675 Debug: [launcher.instance.profile.resolve] "Bound to Matter-Playtest 3 - v1" | Remote loading is being run for "Forge" (unknown:0)
     5.678 Warning: [launcher.task.net] [HttpMetaCache] Removing cache entry because of old age! (unknown:0)
     6.013 Debug: [launcher.instance.profile.resolve] Remote task 0 succeeded (unknown:0)
     6.013 Debug: [launcher.instance.profile.resolve] Remote task 1 succeeded (unknown:0)
     6.013 Debug: [launcher.instance.profile.resolve] Remote task 2 succeeded (unknown:0)
     6.013 Debug: [launcher.instance.profile.resolve] Resolving dependencies (unknown:0)
     6.013 Debug: [launcher.instance.profile.resolve] "Req: net.minecraft == 1.20.1" Is met. (unknown:0)
     6.013 Debug: [launcher.instance.profile.resolve] "Req: org.lwjgl3" Is met. (unknown:0)
     6.013 Debug: [launcher.instance.profile] "Bound to Matter-Playtest 3 - v1" | Component list update/resolve task succeeded (unknown:0)
     6.013 Debug: Writing account list to "accounts.json" (unknown:0)
     6.013 Debug: Building JSON data structure. (unknown:0)
     6.013 Debug: Building account array. (unknown:0)
     6.013 Debug: Writing account list to file. (unknown:0)
     6.015 Debug: Saved account list to "accounts.json" (unknown:0)
     6.015 Warning: Profile "b17cedd374054c62ac38fd868306c556" is now in use. (unknown:0)
     6.016 Debug: "Bound to Matter-Playtest 3 - v1" : downloading libraries (unknown:0)
     6.016 Debug: [launcher.instance.profile] "Bound to Matter-Playtest 3 - v1" | Applying "org.lwjgl3" GOOD (unknown:0)
     6.016 Debug: [launcher.instance.profile] "Bound to Matter-Playtest 3 - v1" | Applying "net.minecraft" GOOD (unknown:0)
     6.016 Debug: [launcher.instance.profile] "Bound to Matter-Playtest 3 - v1" | Applying "net.minecraftforge" GOOD (unknown:0)
     6.025 Debug: Asset index SHA1: "484cb832217b640bfa699aeb5cf82ec32c0959b2" (unknown:0)
     6.025 Debug: Starting asset index download for "Bound to Matter-Playtest 3 - v1" (unknown:0)
     6.348 Debug: Finished asset index download for "Bound to Matter-Playtest 3 - v1" (unknown:0)
     6.384 Debug: "Destroying metadata for 'Brewin' And Chewin'' on purpose" (unknown:0)
     6.384 Debug: "Destroying metadata for 'Delightful' on purpose" (unknown:0)
     6.384 Debug: "Destroying metadata for 'Farmer's Delight' on purpose" (unknown:0)
     6.384 Debug: "Destroying metadata for 'My Nether's Delight' on purpose" (unknown:0)
     6.384 Debug: "Destroying metadata for 'Thirst Was Taken' on purpose" (unknown:0)
     6.384 Debug: "Destroying metadata for 'Veggies Delight (A Farmer's Delight Add-on)' on purpose" (unknown:0)
     6.384 Debug: "Destroying metadata for 'End's Delight' on purpose" (unknown:0)
     6.384 Debug: "Destroying metadata for 'Farmer's Respite' on purpose" (unknown:0)
     6.384 Debug: "Destroying metadata for 'Ocean's Delight' on purpose" (unknown:0)
     6.384 Debug: "Destroying metadata for 'Rustic Delight' on purpose" (unknown:0)
     6.384 Debug: "Destroying metadata for 'Ube's Delight' on purpose" (unknown:0)
     6.384 Debug: "Destroying metadata for 'Undergarden Delight (A Farmer's Delight Add-on)' on purpose" (unknown:0)
     6.681 Debug: reconstructAssets "assets" "assets/indexes" "assets/objects" "assets/virtual" "assets/virtual/5" (unknown:0)
     6.696 Debug: "-Xms2000m -Xmx8192m -Duser.language=en -Djava.library.path=/home/gerald/.local/share/PrismLauncher/instances/Bound to Matter-Playtest 3 - v1/natives -cp /tmp/.mount_PrismLAPPjIP/share/PrismLauncher/NewLaunch.jar:/home/gerald/.local/share/PrismLauncher/libraries/org/lwjgl/lwjgl-glfw-natives-linux/3.3.2-lwjgl.1/lwjgl-glfw-natives-linux-3.3.2-lwjgl.1.jar:/home/gerald/.local/share/PrismLauncher/libraries/org/lwjgl/lwjgl-glfw/3.3.1/lwjgl-glfw-3.3.1.jar:/home/gerald/.local/share/PrismLauncher/libraries/org/lwjgl/lwjgl-jemalloc-natives-linux/3.3.1/lwjgl-jemalloc-natives-linux-3.3.1.jar:/home/gerald/.local/share/PrismLauncher/libraries/org/lwjgl/lwjgl-jemalloc/3.3.1/lwjgl-jemalloc-3.3.1.jar:/home/gerald/.local/share/PrismLauncher/libraries/org/lwjgl/lwjgl-natives-linux/3.3.1/lwjgl-natives-linux-3.3.1.jar:/home/gerald/.local/share/PrismLauncher/libraries/org/lwjgl/lwjgl-openal-natives-linux/3.3.1/lwjgl-openal-natives-linux-3.3.1.jar:/home/gerald/.local/share/PrismLauncher/libraries/org/lwjgl/lwjgl-openal/3.3.1/lwjgl-openal-3.3.1.jar:/home/gerald/.local/share/PrismLauncher/libraries/org/lwjgl/lwjgl-opengl-natives-linux/3.3.1/lwjgl-opengl-natives-linux-3.3.1.jar:/home/gerald/.local/share/PrismLauncher/libraries/org/lwjgl/lwjgl-opengl/3.3.1/lwjgl-opengl-3.3.1.jar:/home/gerald/.local/share/PrismLauncher/libraries/org/lwjgl/lwjgl-stb-natives-linux/3.3.1/lwjgl-stb-natives-linux-3.3.1.jar:/home/gerald/.local/share/PrismLauncher/libraries/org/lwjgl/lwjgl-stb/3.3.1/lwjgl-stb-3.3.1.jar:/home/gerald/.local/share/PrismLauncher/libraries/org/lwjgl/lwjgl-tinyfd-natives-linux/3.3.1/lwjgl-tinyfd-natives-linux-3.3.1.jar:/home/gerald/.local/share/PrismLauncher/libraries/org/lwjgl/lwjgl-tinyfd/3.3.1/lwjgl-tinyfd-3.3.1.jar:/home/gerald/.local/share/PrismLauncher/libraries/org/lwjgl/lwjgl/3.3.1/lwjgl-3.3.1.jar:/home/gerald/.local/share/PrismLauncher/libraries/com/github/oshi/oshi-core/6.2.2/oshi-core-6.2.2.jar:/home/gerald/.local/share/PrismLauncher/libraries/com/google/code/gson/gson/2.10/gson-2.10.jar:/home/gerald/.local/share/PrismLauncher/libraries/com/google/guava/failureaccess/1.0.1/failureaccess-1.0.1.jar:/home/gerald/.local/share/PrismLauncher/libraries/com/google/guava/guava/31.1-jre/guava-31.1-jre.jar:/home/gerald/.local/share/PrismLauncher/libraries/com/ibm/icu/icu4j/71.1/icu4j-71.1.jar:/home/gerald/.local/share/PrismLauncher/libraries/com/mojang/authlib/4.0.43/authlib-4.0.43.jar:/home/gerald/.local/share/PrismLauncher/libraries/com/mojang/blocklist/1.0.10/blocklist-1.0.10.jar:/home/gerald/.local/share/PrismLauncher/libraries/com/mojang/brigadier/1.1.8/brigadier-1.1.8.jar:/home/gerald/.local/share/PrismLauncher/libraries/com/mojang/datafixerupper/6.0.8/datafixerupper-6.0.8.jar:/home/gerald/.local/share/PrismLauncher/libraries/com/mojang/logging/1.1.1/logging-1.1.1.jar:/home/gerald/.local/share/PrismLauncher/libraries/com/mojang/patchy/2.2.10/patchy-2.2.10.jar:/home/gerald/.local/share/PrismLauncher/libraries/com/mojang/text2speech/1.17.9/text2speech-1.17.9.jar:/home/gerald/.local/share/PrismLauncher/libraries/commons-codec/commons-codec/1.15/commons-codec-1.15.jar:/home/gerald/.local/share/PrismLauncher/libraries/commons-io/commons-io/2.11.0/commons-io-2.11.0.jar:/home/gerald/.local/share/PrismLauncher/libraries/commons-logging/commons-logging/1.2/commons-logging-1.2.jar:/home/gerald/.local/share/PrismLauncher/libraries/io/netty/netty-buffer/4.1.82.Final/netty-buffer-4.1.82.Final.jar:/home/gerald/.local/share/PrismLauncher/libraries/io/netty/netty-codec/4.1.82.Final/netty-codec-4.1.82.Final.jar:/home/gerald/.local/share/PrismLauncher/libraries/io/netty/netty-common/4.1.82.Final/netty-common-4.1.82.Final.jar:/home/gerald/.local/share/PrismLauncher/libraries/io/netty/netty-handler/4.1.82.Final/netty-handler-4.1.82.Final.jar:/home/gerald/.local/share/PrismLauncher/libraries/io/netty/netty-resolver/4.1.82.Final/netty-resolver-4.1.82.Final.jar:/home/gerald/.local/share/PrismLauncher/libraries/io/netty/netty-transport-classes-epoll/4.1.82.Final/netty-transport-classes-epoll-4.1.82.Final.jar:/home/gerald/.local/share/PrismLauncher/libraries/io/netty/netty-transport-native-epoll/4.1.82.Final/netty-transport-native-epoll-4.1.82.Final-linux-aarch_64.jar:/home/gerald/.local/share/PrismLauncher/libraries/io/netty/netty-transport-native-epoll/4.1.82.Final/netty-transport-native-epoll-4.1.82.Final-linux-x86_64.jar:/home/gerald/.local/share/PrismLauncher/libraries/io/netty/netty-transport-native-unix-common/4.1.82.Final/netty-transport-native-unix-common-4.1.82.Final.jar:/home/gerald/.local/share/PrismLauncher/libraries/io/netty/netty-transport/4.1.82.Final/netty-transport-4.1.82.Final.jar:/home/gerald/.local/share/PrismLauncher/libraries/it/unimi/dsi/fastutil/8.5.9/fastutil-8.5.9.jar:/home/gerald/.local/share/PrismLauncher/libraries/net/java/dev/jna/jna-platform/5.12.1/jna-platform-5.12.1.jar:/home/gerald/.local/share/PrismLauncher/libraries/net/java/dev/jna/jna/5.12.1/jna-5.12.1.jar:/home/gerald/.local/share/PrismLauncher/libraries/net/sf/jopt-simple/jopt-simple/5.0.4/jopt-simple-5.0.4.jar:/home/gerald/.local/share/PrismLauncher/libraries/org/apache/commons/commons-compress/1.21/commons-compress-1.21.jar:/home/gerald/.local/share/PrismLauncher/libraries/org/apache/commons/commons-lang3/3.12.0/commons-lang3-3.12.0.jar:/home/gerald/.local/share/PrismLauncher/libraries/org/apache/httpcomponents/httpclient/4.5.13/httpclient-4.5.13.jar:/home/gerald/.local/share/PrismLauncher/libraries/org/apache/httpcomponents/httpcore/4.4.15/httpcore-4.4.15.jar:/home/gerald/.local/share/PrismLauncher/libraries/org/apache/logging/log4j/log4j-api/2.19.0/log4j-api-2.19.0.jar:/home/gerald/.local/share/PrismLauncher/libraries/org/apache/logging/log4j/log4j-core/2.19.0/log4j-core-2.19.0.jar:/home/gerald/.local/share/PrismLauncher/libraries/org/apache/logging/log4j/log4j-slf4j2-impl/2.19.0/log4j-slf4j2-impl-2.19.0.jar:/home/gerald/.local/share/PrismLauncher/libraries/org/joml/joml/1.10.5/joml-1.10.5.jar:/home/gerald/.local/share/PrismLauncher/libraries/org/slf4j/slf4j-api/2.0.1/slf4j-api-2.0.1.jar:/home/gerald/.local/share/PrismLauncher/libraries/io/github/zekerzhayard/ForgeWrapper/prism-2025-12-07/ForgeWrapper-prism-2025-12-07.jar:/home/gerald/.local/share/PrismLauncher/libraries/cpw/mods/securejarhandler/2.1.10/securejarhandler-2.1.10.jar:/home/gerald/.local/share/PrismLauncher/libraries/org/ow2/asm/asm/9.8/asm-9.8.jar:/home/gerald/.local/share/PrismLauncher/libraries/org/ow2/asm/asm-commons/9.8/asm-commons-9.8.jar:/home/gerald/.local/share/PrismLauncher/libraries/org/ow2/asm/asm-tree/9.8/asm-tree-9.8.jar:/home/gerald/.local/share/PrismLauncher/libraries/org/ow2/asm/asm-util/9.8/asm-util-9.8.jar:/home/gerald/.local/share/PrismLauncher/libraries/org/ow2/asm/asm-analysis/9.8/asm-analysis-9.8.jar:/home/gerald/.local/share/PrismLauncher/libraries/net/minecraftforge/accesstransformers/8.0.4/accesstransformers-8.0.4.jar:/home/gerald/.local/share/PrismLauncher/libraries/org/antlr/antlr4-runtime/4.9.1/antlr4-runtime-4.9.1.jar:/home/gerald/.local/share/PrismLauncher/libraries/net/minecraftforge/eventbus/6.0.5/eventbus-6.0.5.jar:/home/gerald/.local/share/PrismLauncher/libraries/net/minecraftforge/forgespi/7.0.1/forgespi-7.0.1.jar:/home/gerald/.local/share/PrismLauncher/libraries/net/minecraftforge/coremods/5.2.4/coremods-5.2.4.jar:/home/gerald/.local/share/PrismLauncher/libraries/cpw/mods/modlauncher/10.0.9/modlauncher-10.0.9.jar:/home/gerald/.local/share/PrismLauncher/libraries/net/minecraftforge/unsafe/0.2.0/unsafe-0.2.0.jar:/home/gerald/.local/share/PrismLauncher/libraries/net/minecraftforge/mergetool/1.1.5/mergetool-1.1.5-api.jar:/home/gerald/.local/share/PrismLauncher/libraries/com/electronwill/night-config/core/3.6.4/core-3.6.4.jar:/home/gerald/.local/share/PrismLauncher/libraries/com/electronwill/night-config/toml/3.6.4/toml-3.6.4.jar:/home/gerald/.local/share/PrismLauncher/libraries/org/apache/maven/maven-artifact/3.8.5/maven-artifact-3.8.5.jar:/home/gerald/.local/share/PrismLauncher/libraries/net/jodah/typetools/0.6.3/typetools-0.6.3.jar:/home/gerald/.local/share/PrismLauncher/libraries/net/minecrell/terminalconsoleappender/1.2.0/terminalconsoleappender-1.2.0.jar:/home/gerald/.local/share/PrismLauncher/libraries/org/jline/jline-reader/3.12.1/jline-reader-3.12.1.jar:/home/gerald/.local/share/PrismLauncher/libraries/org/jline/jline-terminal/3.12.1/jline-terminal-3.12.1.jar:/home/gerald/.local/share/PrismLauncher/libraries/org/spongepowered/mixin/0.8.5/mixin-0.8.5.jar:/home/gerald/.local/share/PrismLauncher/libraries/org/openjdk/nashorn/nashorn-core/15.4/nashorn-core-15.4.jar:/home/gerald/.local/share/PrismLauncher/libraries/net/minecraftforge/JarJarSelector/0.3.19/JarJarSelector-0.3.19.jar:/home/gerald/.local/share/PrismLauncher/libraries/net/minecraftforge/JarJarMetadata/0.3.19/JarJarMetadata-0.3.19.jar:/home/gerald/.local/share/PrismLauncher/libraries/cpw/mods/bootstraplauncher/1.1.2/bootstraplauncher-1.1.2.jar:/home/gerald/.local/share/PrismLauncher/libraries/net/minecraftforge/JarJarFileSystems/0.3.19/JarJarFileSystems-0.3.19.jar:/home/gerald/.local/share/PrismLauncher/libraries/net/minecraftforge/fmlloader/1.20.1-47.4.13/fmlloader-1.20.1-47.4.13.jar:/home/gerald/.local/share/PrismLauncher/libraries/net/minecraftforge/fmlearlydisplay/1.20.1-47.4.13/fmlearlydisplay-1.20.1-47.4.13.jar:/home/gerald/.local/share/PrismLauncher/libraries/com/mojang/minecraft/1.20.1/minecraft-1.20.1-client.jar org.prismlauncher.EntryPoint" (unknown:0)
     6.717 Warning: Invalid type for mod parse task! (unknown:0)
     6.726 Warning: Invalid type for mod parse task! (unknown:0)
     6.760 Warning: Invalid type for mod parse task! (unknown:0)
     6.770 Warning: Invalid type for mod parse task! (unknown:0)
     6.811 Warning: Invalid type for mod parse task! (unknown:0)
     6.827 Warning: Invalid type for mod parse task! (unknown:0)
     6.985 Warning: Invalid type for mod parse task! (unknown:0)
     6.985 Warning: Invalid type for mod parse task! (unknown:0)
     6.992 Warning: Invalid type for mod parse task! (unknown:0)
     6.992 Warning: Invalid type for mod parse task! (unknown:0)
     7.011 Warning: Invalid type for mod parse task! (unknown:0)
     7.024 Warning: Invalid type for mod parse task! (unknown:0)
     7.024 Warning: Invalid type for mod parse task! (unknown:0)
     7.024 Warning: Invalid type for mod parse task! (unknown:0)
     7.110 Warning: Invalid type for mod parse task! (unknown:0)
     7.127 Warning: Invalid type for mod parse task! (unknown:0)
     7.145 Warning: Invalid type for mod parse task! (unknown:0)
     7.147 Warning: Invalid type for mod parse task! (unknown:0)
     7.156 Warning: Invalid type for mod parse task! (unknown:0)
    11.068 Debug: "Bound to Matter-Playtest 3 - v1" | Component list save performed now (unknown:0)
    36.068 Debug: [launcher.task.net.metacache.http] Saving metacache with 14 entries (unknown:0)
