phase 1: baseline; disabling 0 jar files
summary_json=/home/gerald/obelisks/docs/ram_profile/joined_cross_section_20260506-081837/joined_cross_section_summary.json
summary_csv=/home/gerald/obelisks/docs/ram_profile/joined_cross_section_20260506-081837/joined_cross_section_summary.csv
ranked_report=/home/gerald/obelisks/docs/ram_profile/joined_cross_section_20260506-081837/joined_cross_section_ranked.md
phase_complete baseline: PASS client_joined_server rss=13245.3
phase 2: no_emi_jei_recipe_index; disabling 16 jar files
summary_json=/home/gerald/obelisks/docs/ram_profile/joined_cross_section_20260506-081837/joined_cross_section_summary.json
summary_csv=/home/gerald/obelisks/docs/ram_profile/joined_cross_section_20260506-081837/joined_cross_section_summary.csv
ranked_report=/home/gerald/obelisks/docs/ram_profile/joined_cross_section_20260506-081837/joined_cross_section_ranked.md
phase_complete no_emi_jei_recipe_index: FAIL client_fatal_log_signature rss=None
phase 3: no_tcon_addon_layer; disabling 16 jar files
summary_json=/home/gerald/obelisks/docs/ram_profile/joined_cross_section_20260506-081837/joined_cross_section_summary.json
summary_csv=/home/gerald/obelisks/docs/ram_profile/joined_cross_section_20260506-081837/joined_cross_section_summary.csv
ranked_report=/home/gerald/obelisks/docs/ram_profile/joined_cross_section_20260506-081837/joined_cross_section_ranked.md
phase_complete no_tcon_addon_layer: PASS client_joined_server rss=13138.9
phase 4: no_create_addons; disabling 50 jar files
summary_json=/home/gerald/obelisks/docs/ram_profile/joined_cross_section_20260506-081837/joined_cross_section_summary.json
summary_csv=/home/gerald/obelisks/docs/ram_profile/joined_cross_section_20260506-081837/joined_cross_section_summary.csv
ranked_report=/home/gerald/obelisks/docs/ram_profile/joined_cross_section_20260506-081837/joined_cross_section_ranked.md
phase_complete no_create_addons: PASS client_joined_server rss=12778.6
phase 5: no_biome_worldgen_dims; disabling 48 jar files
summary_json=/home/gerald/obelisks/docs/ram_profile/joined_cross_section_20260506-081837/joined_cross_section_summary.json
summary_csv=/home/gerald/obelisks/docs/ram_profile/joined_cross_section_20260506-081837/joined_cross_section_summary.csv
ranked_report=/home/gerald/obelisks/docs/ram_profile/joined_cross_section_20260506-081837/joined_cross_section_ranked.md
phase_complete no_biome_worldgen_dims: PASS client_joined_server rss=14287.0
phase 6: no_food_farming; disabling 38 jar files
summary_json=/home/gerald/obelisks/docs/ram_profile/joined_cross_section_20260506-081837/joined_cross_section_summary.json
summary_csv=/home/gerald/obelisks/docs/ram_profile/joined_cross_section_20260506-081837/joined_cross_section_summary.csv
ranked_report=/home/gerald/obelisks/docs/ram_profile/joined_cross_section_20260506-081837/joined_cross_section_ranked.md
phase_complete no_food_farming: PASS client_joined_server rss=11444.1
phase 7: no_magic_adventure_mobs; disabling 48 jar files
summary_json=/home/gerald/obelisks/docs/ram_profile/joined_cross_section_20260506-081837/joined_cross_section_summary.json
summary_csv=/home/gerald/obelisks/docs/ram_profile/joined_cross_section_20260506-081837/joined_cross_section_summary.csv
ranked_report=/home/gerald/obelisks/docs/ram_profile/joined_cross_section_20260506-081837/joined_cross_section_ranked.md
phase_complete no_magic_adventure_mobs: PASS client_joined_server rss=11710.2
phase 8: no_emi_only; disabling 4 jar files
summary_json=/home/gerald/obelisks/docs/ram_profile/joined_cross_section_20260506-081837/joined_cross_section_summary.json
summary_csv=/home/gerald/obelisks/docs/ram_profile/joined_cross_section_20260506-081837/joined_cross_section_summary.csv
ranked_report=/home/gerald/obelisks/docs/ram_profile/joined_cross_section_20260506-081837/joined_cross_section_ranked.md
phase_complete no_emi_only: PASS client_joined_server rss=14488.4
phase 9: no_jei_only; disabling 4 jar files
summary_json=/home/gerald/obelisks/docs/ram_profile/joined_cross_section_20260506-081837/joined_cross_section_summary.json
summary_csv=/home/gerald/obelisks/docs/ram_profile/joined_cross_section_20260506-081837/joined_cross_section_summary.csv
ranked_report=/home/gerald/obelisks/docs/ram_profile/joined_cross_section_20260506-081837/joined_cross_section_ranked.md
phase_complete no_jei_only: PASS client_joined_server rss=13181.3
phase 10: no_fiahi; disabling 2 jar files
summary_json=/home/gerald/obelisks/docs/ram_profile/joined_cross_section_20260506-081837/joined_cross_section_summary.json
summary_csv=/home/gerald/obelisks/docs/ram_profile/joined_cross_section_20260506-081837/joined_cross_section_summary.csv
ranked_report=/home/gerald/obelisks/docs/ram_profile/joined_cross_section_20260506-081837/joined_cross_section_ranked.md
phase_complete no_fiahi: PASS client_joined_server rss=13346.8
phase 11: no_coldsweat_fiahi; disabling 6 jar files
summary_json=/home/gerald/obelisks/docs/ram_profile/joined_cross_section_20260506-081837/joined_cross_section_summary.json
summary_csv=/home/gerald/obelisks/docs/ram_profile/joined_cross_section_20260506-081837/joined_cross_section_summary.csv
ranked_report=/home/gerald/obelisks/docs/ram_profile/joined_cross_section_20260506-081837/joined_cross_section_ranked.md
phase_complete no_coldsweat_fiahi: PASS client_joined_server rss=11283.0
phase 12: no_quark_supplementaries; disabling 8 jar files
summary_json=/home/gerald/obelisks/docs/ram_profile/joined_cross_section_20260506-081837/joined_cross_section_summary.json
summary_csv=/home/gerald/obelisks/docs/ram_profile/joined_cross_section_20260506-081837/joined_cross_section_summary.csv
ranked_report=/home/gerald/obelisks/docs/ram_profile/joined_cross_section_20260506-081837/joined_cross_section_ranked.md
phase_complete no_quark_supplementaries: PASS client_joined_server rss=12346.6
phase 13: no_natures_spirit_family; disabling 6 jar files
summary_json=/home/gerald/obelisks/docs/ram_profile/joined_cross_section_20260506-081837/joined_cross_section_summary.json
summary_csv=/home/gerald/obelisks/docs/ram_profile/joined_cross_section_20260506-081837/joined_cross_section_summary.csv
ranked_report=/home/gerald/obelisks/docs/ram_profile/joined_cross_section_20260506-081837/joined_cross_section_ranked.md
phase_complete no_natures_spirit_family: PASS client_joined_server rss=14023.0
phase 14: no_dynamic_trees_family; disabling 12 jar files
summary_json=/home/gerald/obelisks/docs/ram_profile/joined_cross_section_20260506-081837/joined_cross_section_summary.json
summary_csv=/home/gerald/obelisks/docs/ram_profile/joined_cross_section_20260506-081837/joined_cross_section_summary.csv
ranked_report=/home/gerald/obelisks/docs/ram_profile/joined_cross_section_20260506-081837/joined_cross_section_ranked.md
phase_complete no_dynamic_trees_family: PASS client_joined_server rss=14498.8
phase 15: no_placebo_apotheosis_stack; disabling 12 jar files
summary_json=/home/gerald/obelisks/docs/ram_profile/joined_cross_section_20260506-081837/joined_cross_section_summary.json
summary_csv=/home/gerald/obelisks/docs/ram_profile/joined_cross_section_20260506-081837/joined_cross_section_summary.csv
ranked_report=/home/gerald/obelisks/docs/ram_profile/joined_cross_section_20260506-081837/joined_cross_section_ranked.md
phase_complete no_placebo_apotheosis_stack: PASS client_joined_server rss=14298.6
phase 16: no_create_new_age_stack; disabling 14 jar files
summary_json=/home/gerald/obelisks/docs/ram_profile/joined_cross_section_20260506-081837/joined_cross_section_summary.json
summary_csv=/home/gerald/obelisks/docs/ram_profile/joined_cross_section_20260506-081837/joined_cross_section_summary.csv
ranked_report=/home/gerald/obelisks/docs/ram_profile/joined_cross_section_20260506-081837/joined_cross_section_ranked.md
phase_complete no_create_new_age_stack: PASS client_joined_server rss=13430.1
summary_json=/home/gerald/obelisks/docs/ram_profile/joined_cross_section_20260506-081837/joined_cross_section_summary.json
summary_csv=/home/gerald/obelisks/docs/ram_profile/joined_cross_section_20260506-081837/joined_cross_section_summary.csv
ranked_report=/home/gerald/obelisks/docs/ram_profile/joined_cross_section_20260506-081837/joined_cross_section_ranked.md
