phase 1: baseline; disabling 0 jar files
summary_json=/home/gerald/obelisks/docs/ram_profile/joined_cross_section_20260506-090319/joined_cross_section_summary.json
summary_csv=/home/gerald/obelisks/docs/ram_profile/joined_cross_section_20260506-090319/joined_cross_section_summary.csv
ranked_report=/home/gerald/obelisks/docs/ram_profile/joined_cross_section_20260506-090319/joined_cross_section_ranked.md
phase_complete baseline: PASS client_joined_server rss=14360.8
phase 2: no_coldsweat_only; disabling 4 jar files
summary_json=/home/gerald/obelisks/docs/ram_profile/joined_cross_section_20260506-090319/joined_cross_section_summary.json
summary_csv=/home/gerald/obelisks/docs/ram_profile/joined_cross_section_20260506-090319/joined_cross_section_summary.csv
ranked_report=/home/gerald/obelisks/docs/ram_profile/joined_cross_section_20260506-090319/joined_cross_section_ranked.md
phase_complete no_coldsweat_only: FAIL server_fail rss=None
phase 3: no_farmers_delight_stack; disabling 28 jar files
summary_json=/home/gerald/obelisks/docs/ram_profile/joined_cross_section_20260506-090319/joined_cross_section_summary.json
summary_csv=/home/gerald/obelisks/docs/ram_profile/joined_cross_section_20260506-090319/joined_cross_section_summary.csv
ranked_report=/home/gerald/obelisks/docs/ram_profile/joined_cross_section_20260506-090319/joined_cross_section_ranked.md
phase_complete no_farmers_delight_stack: PASS client_joined_server rss=13056.2
phase 4: no_body_needs_stack; disabling 10 jar files
summary_json=/home/gerald/obelisks/docs/ram_profile/joined_cross_section_20260506-090319/joined_cross_section_summary.json
summary_csv=/home/gerald/obelisks/docs/ram_profile/joined_cross_section_20260506-090319/joined_cross_section_summary.csv
ranked_report=/home/gerald/obelisks/docs/ram_profile/joined_cross_section_20260506-090319/joined_cross_section_ranked.md
phase_complete no_body_needs_stack: PASS client_joined_server rss=14402.1
phase 5: no_ars_blood_malum_stack; disabling 16 jar files
summary_json=/home/gerald/obelisks/docs/ram_profile/joined_cross_section_20260506-090319/joined_cross_section_summary.json
summary_csv=/home/gerald/obelisks/docs/ram_profile/joined_cross_section_20260506-090319/joined_cross_section_summary.csv
ranked_report=/home/gerald/obelisks/docs/ram_profile/joined_cross_section_20260506-090319/joined_cross_section_ranked.md
phase_complete no_ars_blood_malum_stack: PASS client_joined_server rss=12348.9
phase 6: no_botania_only; disabling 2 jar files
summary_json=/home/gerald/obelisks/docs/ram_profile/joined_cross_section_20260506-090319/joined_cross_section_summary.json
summary_csv=/home/gerald/obelisks/docs/ram_profile/joined_cross_section_20260506-090319/joined_cross_section_summary.csv
ranked_report=/home/gerald/obelisks/docs/ram_profile/joined_cross_section_20260506-090319/joined_cross_section_ranked.md
phase_complete no_botania_only: PASS client_joined_server rss=13078.8
phase 7: no_adventure_mob_stack; disabling 16 jar files
summary_json=/home/gerald/obelisks/docs/ram_profile/joined_cross_section_20260506-090319/joined_cross_section_summary.json
summary_csv=/home/gerald/obelisks/docs/ram_profile/joined_cross_section_20260506-090319/joined_cross_section_summary.csv
ranked_report=/home/gerald/obelisks/docs/ram_profile/joined_cross_section_20260506-090319/joined_cross_section_ranked.md
phase_complete no_adventure_mob_stack: FAIL server_fail rss=None
phase 8: no_top_visuals; disabling 14 jar files
summary_json=/home/gerald/obelisks/docs/ram_profile/joined_cross_section_20260506-090319/joined_cross_section_summary.json
summary_csv=/home/gerald/obelisks/docs/ram_profile/joined_cross_section_20260506-090319/joined_cross_section_summary.csv
ranked_report=/home/gerald/obelisks/docs/ram_profile/joined_cross_section_20260506-090319/joined_cross_section_ranked.md
phase_complete no_top_visuals: PASS client_joined_server rss=13784.8
summary_json=/home/gerald/obelisks/docs/ram_profile/joined_cross_section_20260506-090319/joined_cross_section_summary.json
summary_csv=/home/gerald/obelisks/docs/ram_profile/joined_cross_section_20260506-090319/joined_cross_section_summary.csv
ranked_report=/home/gerald/obelisks/docs/ram_profile/joined_cross_section_20260506-090319/joined_cross_section_ranked.md
