2026-05-05 21:42:16,921 main WARN Advanced terminal features are not available in this environment
[21:42:17] [main/INFO] [cp.mo.mo.Launcher/MODLAUNCHER]: ModLauncher running: args [--launchTarget, forgeserver, --fml.forgeVersion, 47.4.13, --fml.mcVersion, 1.20.1, --fml.forgeGroup, net.minecraftforge, --fml.mcpVersion, 20230612.114412, nogui]
[21:42:17] [main/INFO] [cp.mo.mo.Launcher/MODLAUNCHER]: ModLauncher 10.0.9+10.0.9+main.dcd20f30 starting: java version 21.0.11 by Eclipse Adoptium; OS Linux arch amd64 version 6.12.74+deb13+1-amd64
[21:42:17] [main/INFO] [ne.mi.fm.lo.ImmediateWindowHandler/]: ImmediateWindowProvider not loading because launch target is forgeserver
[21:42:17] [main/INFO] [mixin/]: SpongePowered MIXIN Subsystem Version=0.8.5 Source=union:/home/gerald/obelisks/server-instance/libraries/org/spongepowered/mixin/0.8.5/mixin-0.8.5.jar%2365!/ Service=ModLauncher Env=SERVER
[21:42:18] [main/WARN] [ne.mi.fm.lo.mo.ModFileParser/LOADING]: Mod file /home/gerald/obelisks/server-instance/libraries/net/minecraftforge/fmlcore/1.20.1-47.4.13/fmlcore-1.20.1-47.4.13.jar is missing mods.toml file
[21:42:18] [main/WARN] [ne.mi.fm.lo.mo.ModFileParser/LOADING]: Mod file /home/gerald/obelisks/server-instance/libraries/net/minecraftforge/javafmllanguage/1.20.1-47.4.13/javafmllanguage-1.20.1-47.4.13.jar is missing mods.toml file
[21:42:18] [main/WARN] [ne.mi.fm.lo.mo.ModFileParser/LOADING]: Mod file /home/gerald/obelisks/server-instance/libraries/net/minecraftforge/lowcodelanguage/1.20.1-47.4.13/lowcodelanguage-1.20.1-47.4.13.jar is missing mods.toml file
[21:42:18] [main/WARN] [ne.mi.fm.lo.mo.ModFileParser/LOADING]: Mod file /home/gerald/obelisks/server-instance/libraries/net/minecraftforge/mclanguage/1.20.1-47.4.13/mclanguage-1.20.1-47.4.13.jar is missing mods.toml file
[21:42:18] [main/WARN] [ne.mi.ja.se.JarSelector/]: Attempted to select a dependency jar for JarJar which was passed in as source: geckolib. Using Mod File: /home/gerald/obelisks/server-instance/mods/geckolib-forge-1.20.1-4.8.3.jar
[21:42:18] [main/WARN] [ne.mi.ja.se.JarSelector/]: Attempted to select a dependency jar for JarJar which was passed in as source: curios. Using Mod File: /home/gerald/obelisks/server-instance/mods/curios-forge-5.14.1+1.20.1.jar
[21:42:18] [main/WARN] [ne.mi.ja.se.JarSelector/]: Attempted to select a dependency jar for JarJar which was passed in as source: architectury. Using Mod File: /home/gerald/obelisks/server-instance/mods/architectury-9.2.14-forge.jar
[21:42:18] [main/INFO] [ne.mi.fm.lo.mo.JarInJarDependencyLocator/]: Found 108 dependencies adding them to mods collection
[21:42:22] [main/INFO] [mixin/]: Compatibility level set to JAVA_17
[21:42:22] [main/ERROR] [mixin/]: Mixin config fabric-item-group-api-v1.mixins.json does not specify "minVersion" property
[21:42:22] [main/ERROR] [mixin/]: Mixin config fabric-item-group-api-v1.client.mixins.json does not specify "minVersion" property
[21:42:22] [main/ERROR] [mixin/]: Mixin config fabric-item-api-v1.client.mixins.json does not specify "minVersion" property
[21:42:22] [main/ERROR] [mixin/]: Mixin config fabric-data-attachment-api-v1.mixins.json does not specify "minVersion" property
[21:42:22] [main/ERROR] [mixin/]: Mixin config fabric-data-attachment-api-v1.client.mixins.json does not specify "minVersion" property
[21:42:22] [main/ERROR] [mixin/]: Mixin config createadditionallogistics.mixins.json does not specify "minVersion" property
[21:42:22] [main/ERROR] [mixin/]: Mixin config create_bb.mixins.json does not specify "minVersion" property
[21:42:22] [main/INFO] [ne.fa.lo.im.bo.FabricLoaderBootstrap/]: Propagating FML mod list to Fabric Loader
[21:42:22] [main/INFO] [cp.mo.mo.LaunchServiceHandler/MODLAUNCHER]: Launching target 'forgeserver' with arguments [nogui]
[21:42:22] [main/INFO] [C2ME Modules Manager/]: Initializing com.ishland.c2me.fixes.worldgen.threading_issues.mixin
[21:42:22] [main/INFO] [C2ME Modules Manager/]: Initializing com.ishland.c2me.rewrites.chunk_serializer.mixin
[21:42:22] [main/INFO] [C2ME Config System/]: Disabling config ioSystem.gcFreeChunkSerializer: Incompatible with architectury@9.2.14 (*) (defined in c2me)
[21:42:22] [main/INFO] [C2ME Modules Manager/]: Disabling com.ishland.c2me.rewrites.chunk_serializer.mixin
[21:42:22] [main/INFO] [C2ME Modules Manager/]: Initializing com.ishland.c2me.fixes.general.threading_issues.mixin
[21:42:22] [main/INFO] [ModernFix/]: Loaded configuration file for ModernFix 5.27.12+mc1.20.1: 108 options available, 4 override(s) found
[21:42:22] [main/WARN] [ModernFix/]: Option 'mixin.perf.release_protochunks' overriden (by mods [c2me]) to 'false'
[21:42:22] [main/WARN] [ModernFix/]: Option 'mixin.bugfix.paper_chunk_patches' overriden (by mods [c2me]) to 'false'
[21:42:22] [main/WARN] [ModernFix/]: Option 'mixin.bugfix.chunk_deadlock' overriden (by mods [c2me]) to 'false'
[21:42:22] [main/WARN] [ModernFix/]: Option 'mixin.perf.cache_strongholds' overriden (by mods [c2me]) to 'false'
[21:42:22] [main/INFO] [ModernFix/]: Applying Nashorn fix
[21:42:22] [main/INFO] [ModernFix/]: Applied Forge config corruption patch
[21:42:22] [main/INFO] [C2ME Modules Manager/]: Initializing com.ishland.c2me.base.mixin
[21:42:22] [main/WARN] [mixin/]: Reference map 'createmoredrillheads.refmap.json' for createmoredrillheads.mixins.json could not be read. If this is a development environment you can ignore this message
[21:42:22] [main/WARN] [mixin/]: Reference map 'nitrogen_internals.refmap.json' for nitrogen_internals.mixins.json could not be read. If this is a development environment you can ignore this message
[21:42:22] [main/INFO] [C2ME Modules Manager/]: Initializing com.ishland.c2me.threading.lighting.mixin
[21:42:22] [main/WARN] [mixin/]: Reference map 'puzzlesaccessapi.common.refmap.json' for puzzlesaccessapi.common.mixins.json could not be read. If this is a development environment you can ignore this message
[21:42:22] [main/INFO] [C2ME Modules Manager/]: Initializing com.ishland.c2me.opts.worldgen.vanilla.mixin
[21:42:22] [main/INFO] [C2ME Modules Manager/]: Initializing com.ishland.c2me.opts.scheduling.mixin
[21:42:22] [main/WARN] [mixin/]: Reference map 'farmersrespite.refmap.json' for farmersrespite.mixins.json could not be read. If this is a development environment you can ignore this message
[21:42:22] [main/INFO] [C2ME Modules Manager/]: Initializing com.ishland.c2me.notickvd.mixin
[21:42:22] [main/INFO] [C2ME Modules Manager/]: Disabling com.ishland.c2me.notickvd.mixin
[21:42:22] [main/INFO] [C2ME Modules Manager/]: Initializing com.ishland.c2me.threading.worldgen.mixin
[21:42:22] [main/INFO] [Puzzles Lib/]: Loading 357 mods:
	- acid_vat 0.1.0
	- additionalweaponry 1.1.3
	- addonapi 2.0.0
	- adlods 8.1.9.0
	- adpother 8.1.43.0
	- advanced_ae 1.3.5-1.20.1
		\-- ae2addonlib 1.0.4-1.20.1
	- ae2 15.4.10
	- ae2additions 5.1.1
	- ae2netanalyser 1.20-1.0.6-forge
	- ae2things 1.2.1
	- aether 1.20.1-1.5.2-neoforge
		|-- cumulus_menus 1.20.1-1.0.1-neoforge
		\-- nitrogen_internals 1.20.1-1.0.12-neoforge
	- alchemistry 2.3.4
	- alchemylib 1.0.30
	- alekiships 1.0.14
	- alltheleaks 1.1.1+1.20.1-forge
		\-- mixinsquared 0.3.6-beta.1
	- almostunified 1.20.1-0.11.0
	- ambientsounds 6.3.4
	- amendments 1.20-2.2.5
	- apotheosis 7.4.8
	- apotheotic_additions 2.2.2
	- appleskin 2.5.1+mc1.20.1
	- architectury 9.2.14
	- ars_nouveau 4.12.7
	- artifacts 9.5.19
		\-- expandability 9.0.4
	- athena 3.1.2
	- attributeslib 1.3.7
	- bettercombat 1.9.0+1.20.1
	- blockswap 5.0.0.0
	- bloodmagic 3.3.7-49
	- blue_skies 1.3.31
	- blueprint 7.1.3
	- botania 1.20.1-451-FORGE
	- brewinandchewin 1.20.1-3.2.1
	- btmfixes 0.1.0
	- buildinggadgets2 1.0.8
	- c2me 0.2.0+alpha.13
		|-- c2me_base 0.2.0+alpha.13
		|-- c2me_client_uncapvd 0.2.0+alpha.13
		|-- c2me_fixes_chunkio_threading_issues 0.2.0+alpha.13
		|-- c2me_fixes_general_threading_issues 0.2.0+alpha.13
		|-- c2me_fixes_worldgen_threading_issues 0.2.0+alpha.13
		|-- c2me_fixes_worldgen_vanilla_bugs 0.2.0+alpha.13
		|-- c2me_notickvd 0.2.0+alpha.13
		|-- c2me_opts_allocs 0.2.0+alpha.13
		|-- c2me_opts_chunk_access 0.2.0+alpha.13
		|-- c2me_opts_chunkio 0.2.0+alpha.13
		|-- c2me_opts_math 0.2.0+alpha.13
		|-- c2me_opts_scheduling 0.2.0+alpha.13
		|-- c2me_opts_worldgen_general 0.2.0+alpha.13
		|-- c2me_opts_worldgen_vanilla 0.2.0+alpha.13
		|-- c2me_rewrites_chunk_serializer 0.2.0+alpha.13
		|-- c2me_rewrites_chunkio 0.2.0+alpha.13
		|-- c2me_server_utils 0.2.0+alpha.13
		|-- c2me_threading_chunkio 0.2.0+alpha.13
		|-- c2me_threading_lighting 0.2.0+alpha.13
		\-- c2me_threading_worldgen 0.2.0+alpha.13
	- caelus 3.2.0+1.20.1
	- cerbons_api 1.1.0
	- chefsdelight 1.0.4-forge-1.20.1
	- chemlib 2.0.19
	- chipped 3.0.7
	- citadel 2.6.3
	- classselector 1.0.0
	- cloth_config 11.1.136
	- cobblegenhaters 1.0.1
	- cold_sweat 2.4
	- collective 8.20
	- collectorsreap 1.5.5
	- compressedcreativity 1.20.1-0.2.0
	- computerbridge 0.1.0
	- configurabledeath 1.20.1-1.0.3
	- controlling 12.0.2
	- corn_delight 1.1.9-1.20.1
	- coroutil 1.20.1-1.3.7
	- cravings 1.2.1
	- create 6.0.8
	- create_bb 1.0.7
	- create_central_kitchen 1.4.3b
	- create_cold_sweat 1.1.2
	- create_connected 1.1.13-mc1.20.1
	- create_enchantment_industry 1.3.3-for-create-6.0.6
	- create_more_additions 2.0.0
	- create_new_age 1.1.7f+mc1.20.1
		\-- esl 1.1.3
	- create_power_loader 2.0.3-mc1.20.1
	- create_sa 2.1.2
	- create_things_and_misc 4.1.0
	- createadditionallogistics 1.4.5
	- createaddoncompatibility 0.2.4
	- createadvlogistics 0.2.0
	- createappliedkinetics 1.5.1-1.20.1
	- createbigcannons 5.11.3
	- createdieselgenerators 1.20.1-1.3.12
	- createfix 1.0.0
	- createliquidfuel 2.1.1-1.20.1
	- createmoredrillheads 2.1.0-1.20.1
	- creatingspace 1.20.1_1.7.13
	- creativecore 2.12.35
	- cristellib 1.1.6
	- ctov 3.4.14
	- curios 5.14.1+1.20.1
	- cursedbiomes 0.1.0
	- deeperdarker 1.3.3
	- delightful 3.7.8
	- diet 2.1.1+1.20.1
	- ding 1.5.0
	- distanthorizons 2.4.5-b
	- dotcoinmod 20.18.1
	- dragonlib 1.20.1-beta-3.0.24
	- dtarsnouveau 1.20.1-1.2.0
	- dtmalum 1.0.0
	- dtnatures_spirit 1.3
	- dtquark 1.20.1-2.5.3
	- dynamic_asset_generator 4.2.2
	- dynamictrees 1.20.1-1.4.10
	- dynamictreesplus 1.20.1-1.2.2
	- dynamicvillagertrades 1.3.1
	- emi 1.1.22+1.20.1+forge
	- emitrades 1.2.1+mc1.20.1
	- ends_delight 2.5.1+forge.1.20.1
	- enhancedai 3.3.6.3
	- etstlib 3.0.0-beta.20
	- everythingcopper 1.20.1-2.3.4
	- excavated_variants 3.0.9
		\-- defaultresources 2.0.0
	- expatternprovider 1.20-1.4.14-forge
	- explosionoverhaul 0.2.3.0-forge
	- fabric_api 0.92.6+1.11.14+1.20.1
		|-- fabric_api_base 0.4.32+ef105b4977
		|-- fabric_api_lookup_api_v1 1.6.37+67f9824077
		|-- fabric_biome_api_v1 13.0.14+dc36698e77
		|-- fabric_block_api_v1 1.0.12+0e6cb7f777
		|-- fabric_block_view_api_v2 1.0.3+53347ba977
		|-- fabric_blockrenderlayer_v1 1.1.42+1d0da21e77
		|-- fabric_client_tags_api_v1 1.1.3+5d6761b877
		|-- fabric_command_api_v1 1.2.35+f71b366f77
		|-- fabric_command_api_v2 2.2.14+561530ec77
		|-- fabric_content_registries_v0 4.0.13+a670df1e77
		|-- fabric_convention_tags_v1 1.5.6+fa3d1c0177
		|-- fabric_data_attachment_api_v1 1.0.2+30ef839e77
		|-- fabric_data_generation_api_v1 12.3.7+369cb3a477
		|-- fabric_dimensions_v1 2.1.55+8005d10d77
		|-- fabric_entity_events_v1 1.6.1+4ca7515277
		|-- fabric_events_interaction_v0 0.6.5+0f26153f77
		|-- fabric_game_rule_api_v1 1.0.41+683d4da877
		|-- fabric_item_api_v1 2.1.29+4d0bbcfa77
		|-- fabric_item_group_api_v1 4.0.14+c9161c2d77
		|-- fabric_key_binding_api_v1 1.0.38+561530ec77
		|-- fabric_lifecycle_events_v1 2.2.23+afab492177
		|-- fabric_loot_api_v2 1.2.3+eb28f93e77
		|-- fabric_message_api_v1 5.1.10+52cc178c77
		|-- fabric_mining_level_api_v1 2.1.52+561530ec77
		|-- fabric_model_loading_api_v1 1.0.4+6274ab9d77
		|-- fabric_models_v0 0.4.3+7c3892a477
		|-- fabric_networking_api_v1 1.3.14+fb7c822677
		|-- fabric_object_builder_api_v1 11.1.5+f8c414ce77
		|-- fabric_particles_v1 1.1.3+78e1ecb877
		|-- fabric_recipe_api_v1 1.0.24+514a076577
		|-- fabric_registry_sync_v0 2.3.6+1c0ea72177
		|-- fabric_renderer_api_v1 3.2.2+cf68abbe77
		|-- fabric_renderer_indigo 1.5.3+b5b2da4177
		|-- fabric_rendering_data_attachment_v1 0.3.39+a6081afc77
		|-- fabric_rendering_fluids_v1 3.0.29+4ac5e37a77
		|-- fabric_rendering_v1 3.0.9+66e9a48f77
		|-- fabric_resource_conditions_api_v1 2.3.9+996d00b277
		|-- fabric_resource_loader_v0 0.11.12+4b4151c077
		|-- fabric_screen_api_v1 2.0.9+45a670a577
		|-- fabric_screen_handler_api_v1 1.3.33+561530ec77
		|-- fabric_sound_api_v1 1.0.14+4f23bd8477
		|-- fabric_transfer_api_v1 3.3.6+631c9cd677
		\-- fabric_transitive_access_wideners_v1 4.3.2+1880499877
	- fallout_wastelands_ 1.0.0
	- farmersdelight 1.20.1-1.3.1
	- farmersrespite 1.20.1-2.1
	- farsightedmobs 1.1
	- fastbench 8.0.4
	- fastfurnace 8.0.2
	- ferritecore 6.0.1
	- fiahi 3.1.6
	- findme 3.2.3
	- finite_water 1.0.0
	- fission_reactor 0.1.0
	- flib 0.0.15
	- forge 47.4.13
	- forgeendertech 11.1.10.0
	- framedblocks 9.4.3
	- framework 0.8.0
	- ftblibrary 2001.2.12
	- ftbquests 2001.4.21
	- ftbteams 2001.3.2
	- ftbxmodcompat 2.1.3
	- fzzy_config 0.7.6+1.20.1+forge
	- gases_and_plasmas 0.1.0
	- geckolib 4.8.3
	- geophilic 3.4.6
	- glitchcore 0.0.1.1
	- globalgamerules 8.1.0.12
	- glodium 1.20-1.5-forge
	- golemoverhaul 1.1.0
	- guardvillagers 1.20.1-1.6.17
	- guideme 20.1.14
	- hangglider 8.0.1
	- heatsync 0.1.0
	- hyle 2.0.0-1.20.1-forge
	- iceandfire 2.1.13-1.20.1
	- ichunutil 1.0.3
	- immersive_weathering 1.20.1-2.0.5
	- incontrol 1.20-9.4.6
	- inline 1.20.1-1.2.2
	- insanelib 1.23.4.4
	- inventorysorter 23.1.9
	- jei 15.20.0.130
	- jsonthings 0.9.13
	- k_turrets 3.0.44-1.20.1
	- keepcuriosinventory 1.20.1-1.0.0
	- konkrete 1.8.0
	- kotlinforforge 4.12.0
	- kubejs 2001.6.5-build.16
	- kubejs_create 2001.3.0-build.8
	- kubejsbloodmagic 1.0.2-1.20.1
	- liquid_coolant 0.1.0
	- lithostitched 1.4.11
	- littlelogistics 1.20.1.2
	- lodestone 1.20.1-1.6.4.1
	- logbegone 1.0.8
	- looot 1.2.0.4
	- lootjs 1.20.1-2.13.1
	- lootr 0.7.35.94
	- lostcities 1.20-7.4.11
	- mae2 2.0.0
	- malum 1.20.1-1.6.7
	- mantle 1.11.104
	- markdown_manual 1.2.5+c3f0b88
	- melody 1.0.2
	- merequester 1.20.1-1.1.5
	- minecraft 1.20.1
	- modernfix 5.27.12+mc1.20.1
	- modonomicon 1.79.3
	- moonlight 1.20-2.16.30
	- morejs 0.10.1
	- morered 4.0.0.4
		|-- jumbofurnace 4.0.0.5
		\-- useitemonblockevent 1.0.0.2
	- mousetweaks 2.25.1
	- mynethersdelight 1.20.1-1.7.5
	- mysterious_mountain_lib 1.6.34-1.20.1
	- natures_spirit 2.2.5-1.20.1
	- naturescompass 1.20.1-1.12.0-forge
	- nerb 0.4.1
	- nomobfarm 1.6.6
	- nomorepopups 2.2.0
	- norecipebookreborn 1.0.5
	- notreepunching 7.1.0
	- obelisks 1.0.0
	- oc2r 2.2.12
		\-- sedna 1.0.68
	- occultism 1.157.0
	- oceansdelight 1.0.2-1.20
	- octolib 0.5.0.1
	- particular 1.2.7
	- patchouli 1.20.1-85-FORGE
	- pillagercampaigns 0.2.0
	- pillagerpressure 0.2.0
	- placebo 8.6.3
	- playeranimator 1.0.2-rc1+1.20
	- playerrevive 2.0.31
	- plonk 10.0.5
	- pneumaticcraft 6.0.22+mc1.20.1
	- polyeng 0.1.1-1.20.1
	- polymorph 0.49.10+1.20.1
		\-- spectrelib 0.13.17+1.20.1
	- powergrid 0.5.4
	- procedural_bouquets 0.1.0
	- protection_pixel 2.2.1
	- puzzleslib 8.1.33
		\-- puzzlesaccessapi 20.1.1
	- quark 4.0-462
	- raider_detector 1.0.0
	- railways 1.7.2+forge-mc1.20.1
	- rbp 1.0.0
	- realisticores 0.1.0
	- realisticphysics 1.0.1
	- rehooked 1.8.3-1.20.1
	- relics 0.8.0.13
	- reliquary 2.0.56.1418
	- resourcefulconfig 2.1.3
	- resourcefullib 2.1.29
	- rhino 2001.2.3-build.10
	- ritchiesprojectilelib 2.1.1
	- rpgstats 1.0.0
	- rsgauges 1.2.22
	- rusticdelight 1.6.0
	- satako 7.0.33-1.20.1
	- savage_and_ravage 6.0.1
	- searchables 1.0.3
	- sereneseasons 9.1.0.2
	- settlementroads 0.1.0
	- simpledaylengthextender 1.2.1-Forge-1.20.1
	- sleepingoverhaul 2.1.0-Forge-1.20.1
	- smartbrainlib 1.15
	- solcarrot 1.15.1
	- sophisticatedbackpacks 3.24.35.1675
	- sophisticatedcore 1.3.21.1676
	- sophisticatedstorage 1.4.39.1666
	- sophisticatedstorageinmotion 0.10.28.198
	- spark 1.10.53
	- staaaaaaaaaaaack 1.20.1-1.5-71
	- starcatcher 2.2.1-FORGE-1.20.1
		\-- tinymultiblocklib 3.0
	- structure_gel 2.16.2
	- supplementaries 1.20-3.1.42
	- t_and_t 0.0NONE
	- takesapillage 1.0.3
	- tconjei 1.5.4
	- tconstruct 3.11.2.166
	- tectonic 3.0.17
	- terrablender 3.0.1.10
	- the_finley_dimension_remastered 1.6.3
	- theoneprobe 1.20.1-10.0.3
	- theurgy 1.28.0
	- thirst 1.20.1-1.4.0
	- ticex 0.5.1
	- tinkers_advanced 3.0.0-beta.5
	- tinkers_advanced_tools 3.0.0-beta.4
	- tinkers_battle_spades 1.2.1
	- tinkers_better_combat 1.8.6
	- tinkersweaponry 1.20.1-0.0.5
	- tinycoal 1.1.5
	- tntutils 1.20.1-2.0.4
	- tomeofblood 0.4.5
	- tponder 1.1
		|-- flywheel 1.0.6-278
		\-- ponder 1.0.91
	- tradingpost 8.0.2
	- transmissionloss 0.1.0
	- travelerstitles 1.20-Forge-4.0.2
	- twilightforest 4.3.2508
	- ubesdelight 0.4.11
		\-- midnightlib 1.4.2
	- undergarden 0.8.14
	- undergardendelight 1.1.2
	- unearthed 2.3.0-1.20.1-forge
	- valhelsia_core 1.1.2
	- veggiesdelight 1.9.2
	- villagespawnpoint 4.6
	- villagewalls 1.0.0
	- wands 3.0.4
	- wares 1.2.10
	- weather2 1.20.1-2.8.3
	- xlpackets 1.18.2-2.1
	- yungsapi 1.20-Forge-4.0.6
	- zeta 1.0-31
[21:42:22] [main/WARN] [mixin/]: Reference map 'cristellib-forge-refmap.json' for cristellib.mixins.json could not be read. If this is a development environment you can ignore this message
[21:42:22] [main/INFO] [C2ME Modules Manager/]: Initializing com.ishland.c2me.opts.math.mixin
[21:42:22] [main/WARN] [mixin/]: Reference map 'mixins.wares.refmap.json' for mixins.wares.json could not be read. If this is a development environment you can ignore this message
[21:42:22] [main/INFO] [C2ME Modules Manager/]: Initializing com.ishland.c2me.fixes.worldgen.vanilla_bugs.mixin
[21:42:22] [main/INFO] [C2ME Modules Manager/]: Initializing com.ishland.c2me.fixes.chunkio.threading_issues.mixin
[21:42:22] [main/INFO] [C2ME Modules Manager/]: Initializing com.ishland.c2me.client.uncapvd.mixin
[21:42:22] [main/WARN] [mixin/]: Reference map 'CerbonsAPI-Forge-1.20.1-forge-refmap.json' for cerbons_api.mixins.json could not be read. If this is a development environment you can ignore this message
[21:42:22] [main/WARN] [mixin/]: Reference map 'CreateLiquidFuel.refmap.json' for createliquidfuel.mixins.json could not be read. If this is a development environment you can ignore this message
[21:42:22] [main/INFO] [C2ME Modules Manager/]: Initializing com.ishland.c2me.rewrites.chunkio.mixin
[21:42:22] [main/INFO] [C2ME Modules Manager/]: Initializing com.ishland.c2me.opts.allocs.mixin
[21:42:22] [main/WARN] [mixin/]: Reference map 'xlpackets.refmap.json' for xlpackets.mixins.json could not be read. If this is a development environment you can ignore this message
[21:42:22] [main/WARN] [mixin/]: Reference map 'multiloader.refmap.json' for tinycoal.mixins.json could not be read. If this is a development environment you can ignore this message
[21:42:22] [main/WARN] [mixin/]: Reference map 'multiloader.refmap.json' for tinycoal.forge.mixins.json could not be read. If this is a development environment you can ignore this message
[21:42:22] [main/WARN] [mixin/]: Reference map 'transmissionloss.refmap.json' for transmissionloss.mixins.json could not be read. If this is a development environment you can ignore this message
[21:42:22] [main/INFO] [C2ME Modules Manager/]: Initializing com.ishland.c2me.threading.chunkio.mixin
[21:42:22] [main/INFO] [C2ME Modules Manager/]: Disabling com.ishland.c2me.threading.chunkio.mixin
[21:42:22] [main/WARN] [mixin/]: Reference map 'createappliedkinetics.refmap.json' for createappliedkinetics.mixins.json could not be read. If this is a development environment you can ignore this message
[21:42:22] [main/INFO] [C2ME Modules Manager/]: Initializing com.ishland.c2me.opts.chunk_access.mixin
[21:42:22] [main/INFO] [C2ME Modules Manager/]: Disabling com.ishland.c2me.opts.chunk_access.mixin
[21:42:22] [main/INFO] [C2ME Modules Manager/]: Initializing com.ishland.c2me.server.utils.mixin
[21:42:22] [main/INFO] [C2ME Modules Manager/]: Initializing com.ishland.c2me.opts.worldgen.general.mixin
[21:42:22] [main/INFO] [C2ME Modules Manager/]: Initializing com.ishland.c2me.opts.chunkio.mixin
[21:42:22] [main/WARN] [mixin/]: Reference map 'modonomicon.refmap.json' for modonomicon.mixins.json could not be read. If this is a development environment you can ignore this message
[21:42:22] [main/WARN] [mixin/]: Reference map 'modonomicon.refmap.json' for modonomicon.forge.mixins.json could not be read. If this is a development environment you can ignore this message
[21:42:22] [main/WARN] [mixin/]: Reference map 'coroutil.refmap.json' for coroutil.mixins.json could not be read. If this is a development environment you can ignore this message
[21:42:22] [main/WARN] [mixin/]: Reference map 'moonshot.refmap.json' for createadvlogistics.mixins.json could not be read. If this is a development environment you can ignore this message
[21:42:22] [main/WARN] [mixin/]: Error loading class: tschipp/carryon/common/config/ListHandler (java.lang.ClassNotFoundException: tschipp.carryon.common.config.ListHandler)
[21:42:22] [main/WARN] [mixin/]: @Mixin target tschipp.carryon.common.config.ListHandler was not found tinymultiblocklib.mixins.json:carryon.ListHandlerMixin
[21:42:22] [main/WARN] [mixin/]: Error loading class: tschipp/carryon/common/carry/PickupHandler (java.lang.ClassNotFoundException: tschipp.carryon.common.carry.PickupHandler)
[21:42:22] [main/WARN] [mixin/]: @Mixin target tschipp.carryon.common.carry.PickupHandler was not found tinymultiblocklib.mixins.json:carryon.PickupHandlerMixin
[21:42:22] [main/INFO] [ne.mi.co.Co.apotheosis/COREMODLOG]: Replaced 1 calls to Enchantment#getMaxLevel() in net/minecraft/world/entity/npc/VillagerTrades$EnchantBookForEmeralds
[21:42:22] [main/INFO] [ne.mi.co.Co.apotheosis/COREMODLOG]: Replaced 1 calls to Enchantment#isTreasureOnly() in net/minecraft/world/entity/npc/VillagerTrades$EnchantBookForEmeralds
[21:42:22] [main/INFO] [ne.mi.co.Co.apotheosis/COREMODLOG]: Replaced 1 calls to Enchantment#isTradeable() in net/minecraft/world/entity/npc/VillagerTrades$EnchantBookForEmeralds
[21:42:22] [main/INFO] [ne.mi.co.Co.placebo/COREMODLOG]: Patching IForgeItemStack#getEnchantmentLevel
[21:42:22] [main/INFO] [ne.mi.co.Co.placebo/COREMODLOG]: Patching IForgeItemStack#getEnchantmentLevel
[21:42:22] [main/INFO] [ne.mi.co.Co.apotheosis/COREMODLOG]: Replaced 2 calls to Enchantment#getMaxLevel() in net/minecraft/world/inventory/AnvilMenu
[21:42:22] [main/INFO] [ne.mi.co.Co.placebo/COREMODLOG]: Patching IForgeItemStack#getEnchantmentLevel
[21:42:22] [main/INFO] [ne.mi.co.Co.placebo/COREMODLOG]: Patching IForgeItemStack#getEnchantmentLevel
[21:42:22] [main/ERROR] [ne.mi.fm.lo.RuntimeDistCleaner/DISTXFORM]: Attempted to load class net/minecraft/client/MouseHandler for invalid dist DEDICATED_SERVER
[21:42:22] [main/WARN] [mixin/]: Error loading class: net/minecraft/client/MouseHandler (java.lang.RuntimeException: Attempted to load class net/minecraft/client/MouseHandler for invalid dist DEDICATED_SERVER)
[21:42:22] [main/WARN] [mixin/]: @Mixin target net.minecraft.client.MouseHandler was not found fabric-screen-api-v1.mixins.json:MouseMixin
[21:42:22] [main/ERROR] [ne.mi.fm.lo.RuntimeDistCleaner/DISTXFORM]: Attempted to load class net/minecraft/client/gui/screens/Screen for invalid dist DEDICATED_SERVER
[21:42:22] [main/WARN] [mixin/]: Error loading class: net/minecraft/client/gui/screens/Screen (java.lang.RuntimeException: Attempted to load class net/minecraft/client/gui/screens/Screen for invalid dist DEDICATED_SERVER)
[21:42:22] [main/WARN] [mixin/]: @Mixin target net.minecraft.client.gui.screens.Screen was not found fabric-screen-api-v1.mixins.json:ScreenAccessor
[21:42:22] [main/WARN] [mixin/]: Error loading class: snownee/jade/api/view/FluidView (java.lang.ClassNotFoundException: snownee.jade.api.view.FluidView)
[21:42:22] [main/WARN] [mixin/]: @Mixin target snownee.jade.api.view.FluidView was not found thirst.mixin.json:jade.MixinFluidView
[21:42:22] [main/WARN] [mixin/]: Error loading class: toughasnails/item/EmptyCanteenItem (java.lang.ClassNotFoundException: toughasnails.item.EmptyCanteenItem)
[21:42:22] [main/WARN] [mixin/]: @Mixin target toughasnails.item.EmptyCanteenItem was not found thirst.mixin.json:toughasnails.MixinEmptyCanteenItem
[21:42:22] [main/WARN] [mixin/]: Error loading class: toughasnails/config/ThirstConfig (java.lang.ClassNotFoundException: toughasnails.config.ThirstConfig)
[21:42:22] [main/WARN] [mixin/]: @Mixin target toughasnails.config.ThirstConfig was not found thirst.mixin.json:toughasnails.MixinServerConfig
[21:42:22] [main/WARN] [mixin/]: Error loading class: toughasnails/thirst/ThirstHandler (java.lang.ClassNotFoundException: toughasnails.thirst.ThirstHandler)
[21:42:22] [main/WARN] [mixin/]: @Mixin target toughasnails.thirst.ThirstHandler was not found thirst.mixin.json:toughasnails.MixinThirstHandler
[21:42:22] [main/WARN] [mixin/]: Error loading class: toughasnails/thirst/ThirstHelperImpl (java.lang.ClassNotFoundException: toughasnails.thirst.ThirstHelperImpl)
[21:42:22] [main/WARN] [mixin/]: @Mixin target toughasnails.thirst.ThirstHelperImpl was not found thirst.mixin.json:toughasnails.MixinThirstHelperImpl
[21:42:22] [main/ERROR] [ne.mi.co.Co.adpother/COREMODLOG]: FAILED: target node not found!
[21:42:22] [main/INFO] [AllTheLeaks/]: Class dev.uncandango.alltheleaks.leaks.common.mods.zeta.Issue69 will be loaded as it matches versions: 1.0-31 in [1.0-19,)
[21:42:22] [main/INFO] [AllTheLeaks/]: Mixins added to allowed list: [main.RecipeCrawlHandlerMixin]
[21:42:22] [main/INFO] [AllTheLeaks/]: Class dev.uncandango.alltheleaks.leaks.common.mods.spark.Issue447 will be loaded as it matches versions: 1.10.53 in *
[21:42:22] [main/INFO] [AllTheLeaks/]: Mixins added to allowed list: [main.ForgeServerSparkPluginMixin]
[21:42:22] [main/INFO] [AllTheLeaks/]: Class dev.uncandango.alltheleaks.leaks.common.mods.sereneseasons.UntrackedIssue001 will be loaded as it matches versions: 9.1.0.2 in [9.1.0.0,)
[21:42:22] [main/INFO] [AllTheLeaks/]: Class dev.uncandango.alltheleaks.leaks.common.mods.pneumaticcraft.UntrackedIssue001 will be loaded as it matches versions: 6.0.22+mc1.20.1 in [6.0.15,)
[21:42:22] [main/INFO] [AllTheLeaks/]: Mixins added to allowed list: [main.DroneEntityMixin, main.ProgrammableControllerBlockEntityMixin, main.AerialInterfaceBlockEntityMixin]
[21:42:22] [main/INFO] [AllTheLeaks/]: Class dev.uncandango.alltheleaks.leaks.common.mods.occultism.UntrackedIssue001 will be loaded as it matches versions: 1.157.0 in [1.80.7,)
[21:42:22] [main/INFO] [AllTheLeaks/]: Mixins added to allowed list: [main.OccultismCapabilitiesMixin]
[21:42:22] [main/INFO] [AllTheLeaks/]: Class dev.uncandango.alltheleaks.leaks.common.mods.moonlight.UntrackedIssue001 will be loaded as it matches versions: 1.20-2.16.30 in [1.20-2.13.32,)
[21:42:22] [main/INFO] [AllTheLeaks/]: Mixins added to allowed list: [main.FakeLevelManagerMixin]
[21:42:22] [main/INFO] [AllTheLeaks/]: Class dev.uncandango.alltheleaks.leaks.common.mods.minecraft.UntrackedIssue002 will be loaded as it matches versions: 1.20.1 in 1.20.1
[21:42:22] [main/INFO] [AllTheLeaks/]: Mixins added to allowed list: [main.EntityTickListMixin]
[21:42:22] [main/INFO] [AllTheLeaks/]: Class dev.uncandango.alltheleaks.leaks.common.mods.minecraft.UntrackedIssue001 will be loaded as it matches versions: 1.20.1 in 1.20.1
[21:42:22] [main/INFO] [AllTheLeaks/]: Class dev.uncandango.alltheleaks.leaks.common.mods.forge.UntrackedIssue002 will be loaded as it matches versions: 47.4.13 in [47.2,)
[21:42:22] [main/INFO] [AllTheLeaks/]: Mixins added to allowed list: [accessor.FakePlayerNetHandlerAccessor, accessor.ConnectionAccessor]
[21:42:22] [main/INFO] [AllTheLeaks/]: Class dev.uncandango.alltheleaks.leaks.common.mods.forge.UntrackedIssue001 will be loaded as it matches versions: 47.4.13 in [47.2,)
[21:42:22] [main/INFO] [AllTheLeaks/]: Mixins added to allowed list: [main.ServerPlayerMixin, main.PlayerListMixin, accessor.PlayerAdvancementsAccessor]
[21:42:22] [main/INFO] [AllTheLeaks/]: Class dev.uncandango.alltheleaks.leaks.common.mods.forge.Issue39 will be loaded as it matches versions: 47.4.13 in [47.2,)
[21:42:22] [main/INFO] [AllTheLeaks/]: Class dev.uncandango.alltheleaks.leaks.common.mods.forge.Issue10684 will be loaded as it matches versions: 47.4.13 in *
[21:42:22] [main/INFO] [AllTheLeaks/]: Class dev.uncandango.alltheleaks.leaks.common.mods.curios.UntrackedIssue001 will be loaded as it matches versions: 5.14.1+1.20.1 in [5.9.1,)
[21:42:22] [main/INFO] [AllTheLeaks/]: Mixins added to allowed list: [main.CuriosEventHandlerMixin]
[21:42:22] [main/INFO] [AllTheLeaks/]: Class dev.uncandango.alltheleaks.leaks.common.mods.create.UntrackedIssue001 will be loaded as it matches versions: 6.0.8 in [0.5.1.c,)
[21:42:22] [main/INFO] [AllTheLeaks/]: Mixins added to allowed list: [accessor.ExtendoGripItemAccessor]
[21:42:22] [main/INFO] [AllTheLeaks/]: Class dev.uncandango.alltheleaks.leaks.common.mods.citadel.UntrackedIssue001 will be loaded as it matches versions: 2.6.3 in [2.5.4,)
[21:42:22] [main/INFO] [AllTheLeaks/]: Class dev.uncandango.alltheleaks.leaks.common.mods.ars_nouveau.UntrackedIssue003 will be loaded as it matches versions: 4.12.7 in *
[21:42:22] [main/INFO] [AllTheLeaks/]: Mixins added to allowed list: [accessor.ConnectionAccessor]
[21:42:22] [main/INFO] [AllTheLeaks/]: Class dev.uncandango.alltheleaks.leaks.common.mods.architectury.UntrackedIssue001 will be loaded as it matches versions: 9.2.14 in [9.0.8,)
[21:42:22] [main/INFO] [AllTheLeaks/]: Class dev.uncandango.alltheleaks.leaks.common.mods.aether.UntrackedIssue001 will be loaded as it matches versions: 1.20.1-1.5.2-neoforge in [1.20.1-1.4.2,)
[21:42:22] [main/INFO] [AllTheLeaks/]: Mixins added to allowed list: [main.DroppedItemCapabilityMixin]
[21:42:22] [main/INFO] [AllTheLeaks/]: Class dev.uncandango.alltheleaks.fix.common.mods.zeta.FixCopyStack will be loaded as it matches versions: 1.0-31 in *
[21:42:22] [main/INFO] [AllTheLeaks/]: Mixins added to allowed list: [main.StackFixRecipeCrawlHandlerMixin]
[21:42:22] [main/INFO] [AllTheLeaks/]: Class dev.uncandango.alltheleaks.fix.common.mods.occultism.FixCreateTags will be loaded as it matches versions: 1.157.0 in *
[21:42:22] [main/INFO] [AllTheLeaks/]: Mixins added to allowed list: [main.SoulGemItemMixin]
[21:42:22] [main/INFO] [AllTheLeaks/]: Class dev.uncandango.alltheleaks.fix.common.mods.modernfix.CancelRLMixin will be loaded as it matches versions: 5.27.12+mc1.20.1 in [5.0.0,)
[21:42:22] [main/INFO] [AllTheLeaks/]: Mixins added to cancel list: [org.embeddedt.modernfix.common.mixin.perf.deduplicate_location.MixinResourceLocation]
[21:42:22] [main/INFO] [AllTheLeaks/]: Class dev.uncandango.alltheleaks.fix.common.mods.kubejs.FixItemStackModification will be loaded as it matches versions: 2001.6.5-build.16 in *
[21:42:22] [main/INFO] [AllTheLeaks/]: Mixins added to allowed list: [main.IngredientKJSMixin]
[21:42:22] [main/INFO] [AllTheLeaks/]: Class dev.uncandango.alltheleaks.fix.common.mods.jei.FixItemStackCopy will be loaded as it matches versions: 15.20.0.130 in *
[21:42:22] [main/INFO] [AllTheLeaks/]: Mixins added to allowed list: [main.SmithingCategoryExtensionMixin, main.NormalizedTypedItemStackMixin, main.IngredientSetMixin]
[21:42:22] [main/INFO] [AllTheLeaks/]: Class dev.uncandango.alltheleaks.fix.common.mods.bloodmagic.FixItemStackCopy will be loaded as it matches versions: 3.3.7-49 in *
[21:42:22] [main/INFO] [AllTheLeaks/]: Mixins added to allowed list: [main.ARCRecipeCategoryMixin]
[21:42:22] [main/INFO] [AllTheLeaks/]: Class dev.uncandango.alltheleaks.fix.common.mods.alchemylib.FixItemStackCopy will be loaded as it matches versions: 1.0.30 in *
[21:42:22] [main/INFO] [AllTheLeaks/]: Mixins added to allowed list: [main.IngredientStackMixin]
[21:42:22] [main/INFO] [AllTheLeaks/]: Class dev.uncandango.alltheleaks.feature.common.mods.minecraft.MemoryMonitor will be loaded as it matches versions: 1.20.1 in 1.20.1
[21:42:22] [main/INFO] [AllTheLeaks/]: Mixins added to allowed list: [main.PlayerMixin, main.ChunkAccessMixin, main.LevelMixin, main.MinecraftServerMixin]
[21:42:22] [main/INFO] [AllTheLeaks/]: Class dev.uncandango.alltheleaks.feature.common.mods.minecraft.ClearLeakedLevelChunks will be loaded as it matches versions: 1.20.1 in 1.20.1
[21:42:22] [main/INFO] [AllTheLeaks/]: Mixins added to allowed list: [accessor.LevelAccessor, main.RebindableTickingBlockEntityWrapperMixin, accessor.LevelChunkAccessor]
[21:42:23] [main/WARN] [mixin/]: Error loading class: com/mrbysco/spoiled/config/SpoiledConfigCache (java.lang.ClassNotFoundException: com.mrbysco.spoiled.config.SpoiledConfigCache)
[21:42:23] [main/WARN] [mixin/]: @Mixin target com.mrbysco.spoiled.config.SpoiledConfigCache was not found cold_sweat.mixin.json:compat.MixinSpoiledIcebox$ContainerModifier
[21:42:23] [main/ERROR] [ne.mi.fm.lo.RuntimeDistCleaner/DISTXFORM]: Attempted to load class net/minecraft/client/gui/screens/Screen for invalid dist DEDICATED_SERVER
[21:42:23] [main/WARN] [mixin/]: Error loading class: net/minecraft/client/gui/screens/Screen (java.lang.RuntimeException: Attempted to load class net/minecraft/client/gui/screens/Screen for invalid dist DEDICATED_SERVER)
[21:42:23] [main/WARN] [mixin/]: @Mixin target net.minecraft.client.gui.screens.Screen was not found relics.mixins.json:ScreenMixin
[21:42:23] [main/INFO] [ne.mi.co.Co.apotheosis/COREMODLOG]: Replaced 2 calls to Enchantment#getMaxLevel() in net/minecraft/world/item/CreativeModeTabs
[21:42:23] [main/WARN] [mixin/]: Error loading class: com/drmangotea/tfmg/content/machinery/misc/exhaust/ExhaustBlockEntity (java.lang.ClassNotFoundException: com.drmangotea.tfmg.content.machinery.misc.exhaust.ExhaustBlockEntity)
[21:42:23] [main/WARN] [mixin/]: Error loading class: com/drmangotea/tfmg/content/machinery/misc/flarestack/FlarestackBlockEntity (java.lang.ClassNotFoundException: com.drmangotea.tfmg.content.machinery.misc.flarestack.FlarestackBlockEntity)
[21:42:23] [main/WARN] [mixin/]: Error loading class: com/drmangotea/tfmg/content/machinery/misc/smokestack/SmokestackBlockEntity (java.lang.ClassNotFoundException: com.drmangotea.tfmg.content.machinery.misc.smokestack.SmokestackBlockEntity)
[21:42:23] [main/WARN] [mixin/]: Error loading class: mctmods/immersivetechnology/common/multiblocks/metal/logic/BoilerLiquidLogic (java.lang.ClassNotFoundException: mctmods.immersivetechnology.common.multiblocks.metal.logic.BoilerLiquidLogic)
[21:42:23] [main/WARN] [mixin/]: Error loading class: mctmods/immersivetechnology/common/multiblocks/metal/logic/BoilerSolidLogic (java.lang.ClassNotFoundException: mctmods.immersivetechnology.common.multiblocks.metal.logic.BoilerSolidLogic)
[21:42:23] [main/WARN] [mixin/]: Error loading class: mctmods/immersivetechnology/common/multiblocks/metal/logic/GasTurbineLogic (java.lang.ClassNotFoundException: mctmods.immersivetechnology.common.multiblocks.metal.logic.GasTurbineLogic)
[21:42:23] [main/WARN] [mixin/]: Error loading class: com/mcwwindows/kikoz/objects/WindowBarred (java.lang.ClassNotFoundException: com.mcwwindows.kikoz.objects.WindowBarred)
[21:42:23] [main/WARN] [mixin/]: Error loading class: com/copycatsplus/copycats/content/copycat/slab/CopycatSlabBlock (java.lang.ClassNotFoundException: com.copycatsplus.copycats.content.copycat.slab.CopycatSlabBlock)
[21:42:23] [main/WARN] [mixin/]: @Mixin target com.copycatsplus.copycats.content.copycat.slab.CopycatSlabBlock was not found create_connected.mixins.json:compat.CopycatBlockMixin
[21:42:23] [main/WARN] [mixin/]: Error loading class: com/copycatsplus/copycats/content/copycat/board/CopycatBoardBlock (java.lang.ClassNotFoundException: com.copycatsplus.copycats.content.copycat.board.CopycatBoardBlock)
[21:42:23] [main/WARN] [mixin/]: @Mixin target com.copycatsplus.copycats.content.copycat.board.CopycatBoardBlock was not found create_connected.mixins.json:compat.CopycatBlockMixin
[21:42:23] [main/WARN] [mixin/]: Error loading class: me/jellysquid/mods/lithium/common/ai/pathing/PathNodeDefaults (java.lang.ClassNotFoundException: me.jellysquid.mods.lithium.common.ai.pathing.PathNodeDefaults)
[21:42:23] [main/WARN] [mixin/]: Error loading class: net/minecraft/client/OptionInstance (java.lang.ClassNotFoundException: net.minecraft.client.OptionInstance)
[21:42:23] [main/WARN] [mixin/]: @Mixin target net.minecraft.client.OptionInstance was not found c2me_client_uncapvd.mixins.json:ISimpleOption
[21:42:23] [main/ERROR] [ne.mi.fm.lo.RuntimeDistCleaner/DISTXFORM]: Attempted to load class net/minecraft/client/Options for invalid dist DEDICATED_SERVER
[21:42:23] [main/WARN] [mixin/]: Error loading class: net/minecraft/client/Options (java.lang.RuntimeException: Attempted to load class net/minecraft/client/Options for invalid dist DEDICATED_SERVER)
[21:42:23] [main/WARN] [mixin/]: @Mixin target net.minecraft.client.Options was not found c2me_client_uncapvd.mixins.json:MixinGameOptions
[21:42:23] [main/WARN] [mixin/]: Error loading class: me/jellysquid/mods/sodium/client/gui/SodiumGameOptionPages (java.lang.ClassNotFoundException: me.jellysquid.mods.sodium.client.gui.SodiumGameOptionPages)
[21:42:23] [main/WARN] [mixin/]: Error loading class: net/caffeinemc/sodium/config/user/UserConfigCategories (java.lang.ClassNotFoundException: net.caffeinemc.sodium.config.user.UserConfigCategories)
[21:42:23] [main/WARN] [mixin/]: Error loading class: net/minecraft/client/renderer/entity/PhantomRenderer (java.lang.ClassNotFoundException: net.minecraft.client.renderer.entity.PhantomRenderer)
[21:42:23] [main/WARN] [mixin/]: @Mixin target net.minecraft.client.renderer.entity.PhantomRenderer was not found mixins.deeperdarker.json:PhantomRendererMixin
[21:42:23] [main/WARN] [mixin/]: Error loading class: blusunrize/immersiveengineering/api/wires/GlobalWireNetwork (java.lang.ClassNotFoundException: blusunrize.immersiveengineering.api.wires.GlobalWireNetwork)
[21:42:23] [main/WARN] [mixin/]: @Mixin target blusunrize.immersiveengineering.api.wires.GlobalWireNetwork was not found mixins.epp.json:MixinGlobalWireNetwork
[21:42:23] [main/ERROR] [ne.mi.fm.lo.RuntimeDistCleaner/DISTXFORM]: Attempted to load class net/minecraft/client/resources/model/ModelBakery for invalid dist DEDICATED_SERVER
[21:42:23] [main/WARN] [mixin/]: Error loading class: net/minecraft/client/resources/model/ModelBakery (java.lang.RuntimeException: Attempted to load class net/minecraft/client/resources/model/ModelBakery for invalid dist DEDICATED_SERVER)
[21:42:23] [main/WARN] [mixin/]: @Mixin target net.minecraft.client.resources.model.ModelBakery was not found mixins.aae.json:client.ModelBakeryMixin
[21:42:23] [main/ERROR] [ne.mi.fm.lo.RuntimeDistCleaner/DISTXFORM]: Attempted to load class net/minecraft/client/gui/screens/inventory/AbstractContainerScreen for invalid dist DEDICATED_SERVER
[21:42:23] [main/WARN] [mixin/]: Error loading class: net/minecraft/client/gui/screens/inventory/AbstractContainerScreen (java.lang.RuntimeException: Attempted to load class net/minecraft/client/gui/screens/inventory/AbstractContainerScreen for invalid dist DEDICATED_SERVER)
[21:42:23] [main/WARN] [mixin/]: @Mixin target net.minecraft.client.gui.screens.inventory.AbstractContainerScreen was not found dotcoinmod.mixins.json:AbstractContainerScreenAccessor
[21:42:23] [main/INFO] [ne.mi.co.Co.apotheosis/COREMODLOG]: Replaced 1 calls to Enchantment#getMaxLevel() in net/minecraft/world/level/storage/loot/functions/EnchantRandomlyFunction
[21:42:23] [main/INFO] [ne.mi.co.Co.apotheosis/COREMODLOG]: Replaced 1 calls to Enchantment#isDiscoverable() in net/minecraft/world/level/storage/loot/functions/EnchantRandomlyFunction
[21:42:23] [main/ERROR] [ne.mi.fm.lo.RuntimeDistCleaner/DISTXFORM]: Attempted to load class net/minecraft/client/player/AbstractClientPlayer for invalid dist DEDICATED_SERVER
[21:42:23] [main/WARN] [mixin/]: Error loading class: net/minecraft/client/player/AbstractClientPlayer (java.lang.RuntimeException: Attempted to load class net/minecraft/client/player/AbstractClientPlayer for invalid dist DEDICATED_SERVER)
[21:42:23] [main/WARN] [mixin/]: @Mixin target net.minecraft.client.player.AbstractClientPlayer was not found mixins.create_sa.json:AbstractClientPlayerMixin
[21:42:23] [main/INFO] [ne.mi.co.Co.apotheosis/COREMODLOG]: Patching FishingHook#catchingFish
[21:42:23] [main/WARN] [mixin/]: Error loading class: vazkii/quark/addons/oddities/inventory/BackpackMenu (java.lang.ClassNotFoundException: vazkii.quark.addons.oddities.inventory.BackpackMenu)
[21:42:23] [main/WARN] [mixin/]: Error loading class: net/minecraft/client/gui/screens/inventory/CraftingScreen (java.lang.ClassNotFoundException: net.minecraft.client.gui.screens.inventory.CraftingScreen)
[21:42:23] [main/WARN] [mixin/]: @Mixin target net.minecraft.client.gui.screens.inventory.CraftingScreen was not found fastbench.mixins.json:MixinCraftingScreen
[21:42:23] [main/WARN] [mixin/]: Error loading class: com/drmangotea/tfmg/blocks/machines/metal_processing/blast_furnace/BlastFurnaceOutputBlockEntity (java.lang.ClassNotFoundException: com.drmangotea.tfmg.blocks.machines.metal_processing.blast_furnace.BlastFurnaceOutputBlockEntity)
[21:42:23] [main/WARN] [mixin/]: Error loading class: com/mojang/blaze3d/platform/InputConstants$Key (java.lang.ClassNotFoundException: com.mojang.blaze3d.platform.InputConstants$Key)
[21:42:23] [main/INFO] [MixinExtras|Service/]: Initializing MixinExtras via com.llamalad7.mixinextras.service.MixinExtrasServiceImpl(version=0.5.3).
[21:42:23] [main/WARN] [mixin/]: Static binding violation: PRIVATE @Overwrite method m_216202_ in modernfix-modernfix.mixins.json:perf.tag_id_caching.TagOrElementLocationMixin cannot reduce visibiliy of PUBLIC target method, visibility will be upgraded.
[21:42:23] [main/INFO] [minecraft/Bootstrap]: ModernFix reached bootstrap stage (7.665 s after launch)
[21:42:23] [main/WARN] [mixin/]: @Final field delegatesByName:Ljava/util/Map; in modernfix-modernfix.mixins.json:perf.forge_registry_alloc.ForgeRegistryMixin should be final
[21:42:23] [main/WARN] [mixin/]: @Final field delegatesByValue:Ljava/util/Map; in modernfix-modernfix.mixins.json:perf.forge_registry_alloc.ForgeRegistryMixin should be final
[21:42:24] [main/INFO] [ne.mi.co.Co.apotheosis/COREMODLOG]: Replaced 2 calls to Enchantment#getMaxLevel() in net/minecraft/world/item/CreativeModeTabs
[21:42:24] [main/INFO] [ne.mi.co.Co.apotheosis/COREMODLOG]: Replaced 1 calls to Enchantment#getMaxLevel() in org/violetmoon/quark/content/experimental/module/GameNerfsModule
[21:42:24] [main/INFO] [minecraft/Bootstrap]: Vanilla bootstrap took 1100 milliseconds
[21:42:25] [main/INFO] [ne.mi.co.Co.apotheosis/COREMODLOG]: Replaced 5 calls to Enchantment#getMaxLevel() in org/violetmoon/quark/content/tools/module/AncientTomesModule
[21:42:25] [main/INFO] [ne.mi.co.Co.placebo/COREMODLOG]: Patching IForgeItemStack#getEnchantmentLevel
[21:42:25] [main/INFO] [ne.mi.co.Co.placebo/COREMODLOG]: Patching IForgeItemStack#getEnchantmentLevel
[21:42:25] [main/INFO] [ne.mi.co.Co.apotheosis/COREMODLOG]: Replaced 2 calls to Enchantment#getMaxLevel() in net/minecraft/world/inventory/AnvilMenu
[21:42:25] [main/WARN] [mixin/]: @Final field f_26027_:Lnet/minecraft/world/entity/ai/targeting/TargetingConditions; in guardvillagers.mixins.json:DefendVillageGoalGolemMixin should be final
[21:42:25] [main/INFO] [ne.mi.co.Co.apotheosis/COREMODLOG]: Patching FishingHook#catchingFish
[21:42:26] [main/INFO] [minecraft/ChunkStatus]: minecraft:empty task radius: -1 -> -1
[21:42:26] [main/INFO] [minecraft/ChunkStatus]: minecraft:structure_starts task radius: 0 -> 0
[21:42:26] [main/INFO] [minecraft/ChunkStatus]: minecraft:structure_references task radius: 8 -> 0
[21:42:26] [main/INFO] [minecraft/ChunkStatus]: minecraft:biomes task radius: 8 -> 0
[21:42:26] [main/INFO] [minecraft/ChunkStatus]: minecraft:noise task radius: 8 -> 0
[21:42:26] [main/INFO] [minecraft/ChunkStatus]: minecraft:surface task radius: 8 -> 0
[21:42:26] [main/INFO] [minecraft/ChunkStatus]: minecraft:carvers task radius: 8 -> 0
[21:42:26] [main/INFO] [minecraft/ChunkStatus]: minecraft:features task radius: 8 -> 1
[21:42:26] [main/INFO] [minecraft/ChunkStatus]: minecraft:initialize_light task radius: 0 -> 0
[21:42:26] [main/INFO] [minecraft/ChunkStatus]: minecraft:light task radius: 1 -> 1
[21:42:26] [main/INFO] [minecraft/ChunkStatus]: minecraft:spawn task radius: 0 -> 0
[21:42:26] [main/INFO] [minecraft/ChunkStatus]: minecraft:full task radius: 0 -> 0
[21:42:26] [main/INFO] [ne.mi.co.Co.apotheosis/COREMODLOG]: Replaced 1 calls to Enchantment#getMaxLevel() in net/minecraft/world/level/storage/loot/functions/EnchantRandomlyFunction
[21:42:26] [main/INFO] [ne.mi.co.Co.apotheosis/COREMODLOG]: Replaced 1 calls to Enchantment#isDiscoverable() in net/minecraft/world/level/storage/loot/functions/EnchantRandomlyFunction
[21:42:26] [main/WARN] [mixin/]: Static binding violation: PRIVATE @Overwrite method m_47505_ in modernfix-modernfix.mixins.json:perf.remove_biome_temperature_cache.BiomeMixin cannot reduce visibiliy of PUBLIC target method, visibility will be upgraded.
