2026-05-06 08:12:50,032 main WARN Advanced terminal features are not available in this environment
[08:12:50] [main/INFO] [cp.mo.mo.Launcher/MODLAUNCHER]: ModLauncher running: args [--launchTarget, forgeserver, --fml.forgeVersion, 47.4.13, --fml.mcVersion, 1.20.1, --fml.forgeGroup, net.minecraftforge, --fml.mcpVersion, 20230612.114412, nogui]
[08:12:50] [main/INFO] [cp.mo.mo.Launcher/MODLAUNCHER]: ModLauncher 10.0.9+10.0.9+main.dcd20f30 starting: java version 21.0.11 by Eclipse Adoptium; OS Linux arch amd64 version 6.12.74+deb13+1-amd64
[08:12:50] [main/INFO] [ne.mi.fm.lo.ImmediateWindowHandler/]: ImmediateWindowProvider not loading because launch target is forgeserver
[08:12:50] [main/INFO] [mixin/]: SpongePowered MIXIN Subsystem Version=0.8.5 Source=union:/home/gerald/obelisks/server-instance/libraries/org/spongepowered/mixin/0.8.5/mixin-0.8.5.jar%2365!/ Service=ModLauncher Env=SERVER
[08:12:50] [main/WARN] [ne.mi.fm.lo.mo.ModFileParser/LOADING]: Mod file /home/gerald/obelisks/server-instance/libraries/net/minecraftforge/fmlcore/1.20.1-47.4.13/fmlcore-1.20.1-47.4.13.jar is missing mods.toml file
[08:12:50] [main/WARN] [ne.mi.fm.lo.mo.ModFileParser/LOADING]: Mod file /home/gerald/obelisks/server-instance/libraries/net/minecraftforge/javafmllanguage/1.20.1-47.4.13/javafmllanguage-1.20.1-47.4.13.jar is missing mods.toml file
[08:12:50] [main/WARN] [ne.mi.fm.lo.mo.ModFileParser/LOADING]: Mod file /home/gerald/obelisks/server-instance/libraries/net/minecraftforge/lowcodelanguage/1.20.1-47.4.13/lowcodelanguage-1.20.1-47.4.13.jar is missing mods.toml file
[08:12:50] [main/WARN] [ne.mi.fm.lo.mo.ModFileParser/LOADING]: Mod file /home/gerald/obelisks/server-instance/libraries/net/minecraftforge/mclanguage/1.20.1-47.4.13/mclanguage-1.20.1-47.4.13.jar is missing mods.toml file
[08:12:51] [main/WARN] [ne.mi.ja.se.JarSelector/]: Attempted to select a dependency jar for JarJar which was passed in as source: curios. Using Mod File: /home/gerald/obelisks/server-instance/mods/curios-forge-5.14.1+1.20.1.jar
[08:12:51] [main/WARN] [ne.mi.ja.se.JarSelector/]: Attempted to select a dependency jar for JarJar which was passed in as source: architectury. Using Mod File: /home/gerald/obelisks/server-instance/mods/architectury-9.2.14-forge.jar
[08:12:51] [main/INFO] [ne.mi.fm.lo.mo.JarInJarDependencyLocator/]: Found 107 dependencies adding them to mods collection
[08:12:51] [main/ERROR] [ne.mi.fm.lo.ModSorter/LOADING]: Missing or unsupported mandatory dependencies:
	Mod ID: 'placebo', Requested by: 'fastbench', Expected range: '[8.2.1,)', Actual version: '[MISSING]'
	Mod ID: 'ars_nouveau', Requested by: 'dtarsnouveau', Expected range: '[4.12.1,)', Actual version: '[MISSING]'
	Mod ID: 'malum', Requested by: 'dtmalum', Expected range: '[1.6.7,)', Actual version: '[MISSING]'
	Mod ID: 'placebo', Requested by: 'fastfurnace', Expected range: '[8.2.0,)', Actual version: '[MISSING]'
	Mod ID: 'ars_nouveau', Requested by: 'tomeofblood', Expected range: '[4.6.0,)', Actual version: '[MISSING]'
	Mod ID: 'bloodmagic', Requested by: 'tomeofblood', Expected range: '[1.20.1-3.3.2-44,)', Actual version: '[MISSING]'
[08:12:51] [main/INFO] [ne.fa.lo.im.bo.FabricLoaderBootstrap/]: Propagating FML mod list to Fabric Loader
[08:12:51] [main/INFO] [cp.mo.mo.LaunchServiceHandler/MODLAUNCHER]: Launching target 'forgeserver' with arguments [nogui]
[08:12:53] [main/FATAL] [ne.mi.fm.ModLoader/CORE]: Error during pre-loading phase
net.minecraftforge.fml.ModLoadingException: Mod §efastbench§r requires §6placebo§r §o8.2.1 or above§r
§7Currently, §6placebo§r§7 is §o§nnot installed
	at net.minecraftforge.fml.ModLoadingException.lambda$fromEarlyException$0(ModLoadingException.java:50) ~[fmlcore-1.20.1-47.4.13.jar%23618!/:?] {}
	at java.util.stream.ReferencePipeline$3$1.accept(ReferencePipeline.java:197) ~[?:?] {}
	at java.util.AbstractList$RandomAccessSpliterator.forEachRemaining(AbstractList.java:722) ~[?:?] {}
	at java.util.stream.AbstractPipeline.copyInto(AbstractPipeline.java:509) ~[?:?] {}
	at java.util.stream.AbstractPipeline.wrapAndCopyInto(AbstractPipeline.java:499) ~[?:?] {}
	at java.util.stream.ForEachOps$ForEachOp.evaluateSequential(ForEachOps.java:151) ~[?:?] {}
	at java.util.stream.ForEachOps$ForEachOp$OfRef.evaluateSequential(ForEachOps.java:174) ~[?:?] {}
	at java.util.stream.AbstractPipeline.evaluate(AbstractPipeline.java:234) ~[?:?] {}
	at java.util.stream.ReferencePipeline.forEach(ReferencePipeline.java:596) ~[?:?] {}
	at java.util.stream.ReferencePipeline$7$1.accept(ReferencePipeline.java:276) ~[?:?] {}
	at java.util.ArrayList$ArrayListSpliterator.forEachRemaining(ArrayList.java:1708) ~[?:?] {}
	at java.util.stream.AbstractPipeline.copyInto(AbstractPipeline.java:509) ~[?:?] {}
	at java.util.stream.AbstractPipeline.wrapAndCopyInto(AbstractPipeline.java:499) ~[?:?] {}
	at java.util.stream.ReduceOps$ReduceOp.evaluateSequential(ReduceOps.java:921) ~[?:?] {}
	at java.util.stream.AbstractPipeline.evaluate(AbstractPipeline.java:234) ~[?:?] {}
	at java.util.stream.ReferencePipeline.collect(ReferencePipeline.java:682) ~[?:?] {}
	at net.minecraftforge.fml.ModLoader.<init>(ModLoader.java:96) ~[fmlcore-1.20.1-47.4.13.jar%23618!/:?] {}
	at net.minecraftforge.fml.ModLoader.get(ModLoader.java:128) ~[fmlcore-1.20.1-47.4.13.jar%23618!/:?] {}
	at net.minecraftforge.server.loading.ServerModLoader.load(ServerModLoader.java:30) ~[forge-1.20.1-47.4.13-universal.jar%23622!/:?] {re:classloading}
	at net.minecraft.server.Main.main(Main.java:125) ~[server-1.20.1-20230612.114412-srg.jar%23617!/:?] {re:classloading}
	at jdk.internal.reflect.DirectMethodHandleAccessor.invoke(DirectMethodHandleAccessor.java:103) ~[?:?] {}
	at java.lang.reflect.Method.invoke(Method.java:580) ~[?:?] {}
	at net.minecraftforge.fml.loading.targets.CommonLaunchHandler.runTarget(CommonLaunchHandler.java:111) ~[fmlloader-1.20.1-47.4.13.jar%2369!/:?] {}
	at net.minecraftforge.fml.loading.targets.CommonLaunchHandler.serverService(CommonLaunchHandler.java:103) ~[fmlloader-1.20.1-47.4.13.jar%2369!/:?] {}
	at net.minecraftforge.fml.loading.targets.CommonServerLaunchHandler.lambda$makeService$0(CommonServerLaunchHandler.java:27) ~[fmlloader-1.20.1-47.4.13.jar%2369!/:?] {}
	at cpw.mods.modlauncher.LaunchServiceHandlerDecorator.launch(LaunchServiceHandlerDecorator.java:30) ~[modlauncher-10.0.9.jar%2355!/:?] {}
	at cpw.mods.modlauncher.LaunchServiceHandler.launch(LaunchServiceHandler.java:53) ~[modlauncher-10.0.9.jar%2355!/:?] {}
	at cpw.mods.modlauncher.LaunchServiceHandler.launch(LaunchServiceHandler.java:71) ~[modlauncher-10.0.9.jar%2355!/:?] {}
	at cpw.mods.modlauncher.Launcher.run(Launcher.java:108) ~[modlauncher-10.0.9.jar%2355!/:?] {}
	at cpw.mods.modlauncher.Launcher.main(Launcher.java:78) ~[modlauncher-10.0.9.jar%2355!/:?] {}
	at cpw.mods.modlauncher.BootstrapLaunchConsumer.accept(BootstrapLaunchConsumer.java:26) ~[modlauncher-10.0.9.jar%2355!/:?] {}
	at cpw.mods.modlauncher.BootstrapLaunchConsumer.accept(BootstrapLaunchConsumer.java:23) ~[modlauncher-10.0.9.jar%2355!/:?] {}
	at cpw.mods.bootstraplauncher.BootstrapLauncher.main(BootstrapLauncher.java:141) ~[bootstraplauncher-1.1.2.jar:?] {}
Negative index in crash report handler (16/18)
[08:12:53] [main/FATAL] [ne.mi.se.lo.ServerModLoader/]: Crash report saved to ./crash-reports/crash-2026-05-06_08.12.53-fml.txt
---- Minecraft Crash Report ----
// I bet Cylons wouldn't have this problem.

Time: 2026-05-06 08:12:53
Description: Mod loading error has occurred

java.lang.Exception: Mod Loading has failed
	at net.minecraftforge.logging.CrashReportExtender.dumpModLoadingCrashReport(CrashReportExtender.java:60) ~[forge-1.20.1-47.4.13-universal.jar%23622!/:?] {re:classloading}
	at net.minecraftforge.server.loading.ServerModLoader.load(ServerModLoader.java:37) ~[forge-1.20.1-47.4.13-universal.jar%23622!/:?] {re:classloading}
	at net.minecraft.server.Main.main(Main.java:125) ~[server-1.20.1-20230612.114412-srg.jar%23617!/:?] {re:classloading}
	at jdk.internal.reflect.DirectMethodHandleAccessor.invoke(DirectMethodHandleAccessor.java:103) ~[?:?] {}
	at java.lang.reflect.Method.invoke(Method.java:580) ~[?:?] {}
	at net.minecraftforge.fml.loading.targets.CommonLaunchHandler.runTarget(CommonLaunchHandler.java:111) ~[fmlloader-1.20.1-47.4.13.jar%2369!/:?] {}
	at net.minecraftforge.fml.loading.targets.CommonLaunchHandler.serverService(CommonLaunchHandler.java:103) ~[fmlloader-1.20.1-47.4.13.jar%2369!/:?] {}
	at net.minecraftforge.fml.loading.targets.CommonServerLaunchHandler.lambda$makeService$0(CommonServerLaunchHandler.java:27) ~[fmlloader-1.20.1-47.4.13.jar%2369!/:?] {}
	at cpw.mods.modlauncher.LaunchServiceHandlerDecorator.launch(LaunchServiceHandlerDecorator.java:30) ~[modlauncher-10.0.9.jar%2355!/:?] {}
	at cpw.mods.modlauncher.LaunchServiceHandler.launch(LaunchServiceHandler.java:53) ~[modlauncher-10.0.9.jar%2355!/:?] {}
	at cpw.mods.modlauncher.LaunchServiceHandler.launch(LaunchServiceHandler.java:71) ~[modlauncher-10.0.9.jar%2355!/:?] {}
	at cpw.mods.modlauncher.Launcher.run(Launcher.java:108) ~[modlauncher-10.0.9.jar%2355!/:?] {}
	at cpw.mods.modlauncher.Launcher.main(Launcher.java:78) ~[modlauncher-10.0.9.jar%2355!/:?] {}
	at cpw.mods.modlauncher.BootstrapLaunchConsumer.accept(BootstrapLaunchConsumer.java:26) ~[modlauncher-10.0.9.jar%2355!/:?] {}
	at cpw.mods.modlauncher.BootstrapLaunchConsumer.accept(BootstrapLaunchConsumer.java:23) ~[modlauncher-10.0.9.jar%2355!/:?] {}
	at cpw.mods.bootstraplauncher.BootstrapLauncher.main(BootstrapLauncher.java:141) ~[bootstraplauncher-1.1.2.jar:?] {}


A detailed walkthrough of the error, its code path and all known details is as follows:
---------------------------------------------------------------------------------------

-- Head --
Thread: main
Suspected Mods: NONE
Stacktrace:
	at net.minecraftforge.logging.CrashReportExtender.lambda$dumpModLoadingCrashReport$7(CrashReportExtender.java:63) ~[forge-1.20.1-47.4.13-universal.jar%23622!/:?] {re:classloading}
-- MOD fastbench --
Details:
	Mod File: /home/gerald/obelisks/server-instance/mods/FastWorkbench-1.20.1-8.0.4.jar
	Failure message: Mod fastbench requires placebo 8.2.1 or above
		Currently, placebo is not installed
	Mod Version: 8.0.4
	Mod Issue URL: NOT PROVIDED
	Exception message: MISSING EXCEPTION MESSAGE
Stacktrace:
	at net.minecraftforge.logging.CrashReportExtender.lambda$dumpModLoadingCrashReport$7(CrashReportExtender.java:63) ~[forge-1.20.1-47.4.13-universal.jar%23622!/:?] {re:classloading}
	at java.util.ArrayList.forEach(ArrayList.java:1596) ~[?:?] {}
	at net.minecraftforge.logging.CrashReportExtender.dumpModLoadingCrashReport(CrashReportExtender.java:61) ~[forge-1.20.1-47.4.13-universal.jar%23622!/:?] {re:classloading}
	at net.minecraftforge.server.loading.ServerModLoader.load(ServerModLoader.java:37) ~[forge-1.20.1-47.4.13-universal.jar%23622!/:?] {re:classloading}
	at net.minecraft.server.Main.main(Main.java:125) ~[server-1.20.1-20230612.114412-srg.jar%23617!/:?] {re:classloading}
	at jdk.internal.reflect.DirectMethodHandleAccessor.invoke(DirectMethodHandleAccessor.java:103) ~[?:?] {}
	at java.lang.reflect.Method.invoke(Method.java:580) ~[?:?] {}
	at net.minecraftforge.fml.loading.targets.CommonLaunchHandler.runTarget(CommonLaunchHandler.java:111) ~[fmlloader-1.20.1-47.4.13.jar%2369!/:?] {}
	at net.minecraftforge.fml.loading.targets.CommonLaunchHandler.serverService(CommonLaunchHandler.java:103) ~[fmlloader-1.20.1-47.4.13.jar%2369!/:?] {}
	at net.minecraftforge.fml.loading.targets.CommonServerLaunchHandler.lambda$makeService$0(CommonServerLaunchHandler.java:27) ~[fmlloader-1.20.1-47.4.13.jar%2369!/:?] {}
	at cpw.mods.modlauncher.LaunchServiceHandlerDecorator.launch(LaunchServiceHandlerDecorator.java:30) ~[modlauncher-10.0.9.jar%2355!/:?] {}
	at cpw.mods.modlauncher.LaunchServiceHandler.launch(LaunchServiceHandler.java:53) ~[modlauncher-10.0.9.jar%2355!/:?] {}
	at cpw.mods.modlauncher.LaunchServiceHandler.launch(LaunchServiceHandler.java:71) ~[modlauncher-10.0.9.jar%2355!/:?] {}
	at cpw.mods.modlauncher.Launcher.run(Launcher.java:108) ~[modlauncher-10.0.9.jar%2355!/:?] {}
	at cpw.mods.modlauncher.Launcher.main(Launcher.java:78) ~[modlauncher-10.0.9.jar%2355!/:?] {}
	at cpw.mods.modlauncher.BootstrapLaunchConsumer.accept(BootstrapLaunchConsumer.java:26) ~[modlauncher-10.0.9.jar%2355!/:?] {}
	at cpw.mods.modlauncher.BootstrapLaunchConsumer.accept(BootstrapLaunchConsumer.java:23) ~[modlauncher-10.0.9.jar%2355!/:?] {}
	at cpw.mods.bootstraplauncher.BootstrapLauncher.main(BootstrapLauncher.java:141) ~[bootstraplauncher-1.1.2.jar:?] {}


-- MOD dtarsnouveau --
Details:
	Mod File: /home/gerald/obelisks/server-instance/mods/DynamicTreesArsNouveau-1.20.1-1.2.0.jar
	Failure message: Mod dtarsnouveau requires ars_nouveau 4.12.1 or above
		Currently, ars_nouveau is not installed
	Mod Version: 1.20.1-1.2.0
	Mod Issue URL: https://github.com/DynamicTreesTeam/DynamicTrees-ArsNouveau/issues
	Exception message: MISSING EXCEPTION MESSAGE

-- MOD dtmalum --
Details:
	Mod File: /home/gerald/obelisks/server-instance/mods/dtmalum-1.0.0.jar
	Failure message: Mod dtmalum requires malum 1.6.7 or above
		Currently, malum is not installed
	Mod Version: 1.0.0
	Mod Issue URL: https://github.com/yourname/dtmalum/issues
	Exception message: MISSING EXCEPTION MESSAGE

-- MOD fastfurnace --
Details:
	Mod File: /home/gerald/obelisks/server-instance/mods/FastFurnace-1.20.1-8.0.2.jar
	Failure message: Mod fastfurnace requires placebo 8.2.0 or above
		Currently, placebo is not installed
	Mod Version: 8.0.2
	Mod Issue URL: NOT PROVIDED
	Exception message: MISSING EXCEPTION MESSAGE

-- MOD tomeofblood --
Details:
	Mod File: /home/gerald/obelisks/server-instance/mods/tomeofblood-1.20.1-0.4.5.jar
	Failure message: Mod tomeofblood requires ars_nouveau 4.6.0 or above
		Currently, ars_nouveau is not installed
	Mod Version: 0.4.5
	Mod Issue URL: http://my.issue.tracker/
	Exception message: MISSING EXCEPTION MESSAGE

-- MOD tomeofblood --
Details:
	Mod File: /home/gerald/obelisks/server-instance/mods/tomeofblood-1.20.1-0.4.5.jar
	Failure message: Mod tomeofblood requires bloodmagic 1.20.1-3.3.2-44 or above
		Currently, bloodmagic is not installed
	Mod Version: 0.4.5
	Mod Issue URL: http://my.issue.tracker/
	Exception message: MISSING EXCEPTION MESSAGE

-- System Details --
Details:
	Minecraft Version: 1.20.1
	Minecraft Version ID: 1.20.1
	Operating System: Linux (amd64) version 6.12.74+deb13+1-amd64
	Java Version: 21.0.11, Eclipse Adoptium
	Java VM Version: OpenJDK 64-Bit Server VM (mixed mode, sharing), Eclipse Adoptium
	Memory: 710329792 bytes (677 MiB) / 1400897536 bytes (1336 MiB) up to 16223567872 bytes (15472 MiB)
	CPUs: 12
	Processor Vendor: AuthenticAMD
	Processor Name: AMD Ryzen 5 9600X 6-Core Processor
	Identifier: AuthenticAMD Family 26 Model 68 Stepping 0
	Microarchitecture: unknown
	Frequency (GHz): -0.00
	Number of physical packages: 1
	Number of physical CPUs: 6
	Number of logical CPUs: 12
	Graphics card #0 name: GA104 [GeForce RTX 3070]
	Graphics card #0 vendor: NVIDIA Corporation (0x10de)
	Graphics card #0 VRAM (MB): 288.00
	Graphics card #0 deviceId: 0x2484
	Graphics card #0 versionInfo: unknown
	Graphics card #1 name: Granite Ridge [Radeon Graphics]
	Graphics card #1 vendor: Advanced Micro Devices, Inc. [AMD/ATI] (0x1002)
	Graphics card #1 VRAM (MB): 258.00
	Graphics card #1 deviceId: 0x13c0
	Graphics card #1 versionInfo: unknown
	Virtual memory max (MB): 70982.27
	Virtual memory used (MB): 8887.17
	Swap memory total (MB): 40047.00
	Swap memory used (MB): 0.00
	JVM Flags: 0 total; 
	ModLauncher: 10.0.9+10.0.9+main.dcd20f30
	ModLauncher launch target: forgeserver
	ModLauncher naming: srg
	ModLauncher services: 
		mixin-0.8.5.jar mixin PLUGINSERVICE 
		eventbus-6.0.5.jar eventbus PLUGINSERVICE 
		fmlloader-1.20.1-47.4.13.jar slf4jfixer PLUGINSERVICE 
		fmlloader-1.20.1-47.4.13.jar object_holder_definalize PLUGINSERVICE 
		fmlloader-1.20.1-47.4.13.jar runtime_enum_extender PLUGINSERVICE 
		fmlloader-1.20.1-47.4.13.jar capability_token_subclass PLUGINSERVICE 
		accesstransformers-8.0.4.jar accesstransformer PLUGINSERVICE 
		fmlloader-1.20.1-47.4.13.jar runtimedistcleaner PLUGINSERVICE 
		modlauncher-10.0.9.jar mixin TRANSFORMATIONSERVICE 
		modlauncher-10.0.9.jar fml TRANSFORMATIONSERVICE 
	FML Language Providers: 
		minecraft@1.0
		kotlinforforge@4.12.0
		javafml@null
		__fabric_loader_bootstrap@2.6.0+0.15.0+1.20.1
		lowcodefml@null
	Mod List: 
		server-1.20.1-20230612.114412-srg.jar             |Minecraft                     |minecraft                     |1.20.1              |NONE      |Manifest: NOSIGNATURE
		forge-1.20.1-47.4.13-universal.jar                |Forge                         |forge                         |47.4.13             |NONE      |Manifest: NOSIGNATURE[08:12:53] [main/ERROR] [minecraft/Main]: Failed to start the minecraft server
net.minecraftforge.fml.LoadingFailedException: Loading errors encountered: [
	Mod §efastbench§r requires §6placebo§r §o8.2.1 or above§r
§7Currently, §6placebo§r§7 is §o§nnot installed,
	Mod §edtarsnouveau§r requires §6ars_nouveau§r §o4.12.1 or above§r
§7Currently, §6ars_nouveau§r§7 is §o§nnot installed,
	Mod §edtmalum§r requires §6malum§r §o1.6.7 or above§r
§7Currently, §6malum§r§7 is §o§nnot installed,
	Mod §efastfurnace§r requires §6placebo§r §o8.2.0 or above§r
§7Currently, §6placebo§r§7 is §o§nnot installed,
	Mod §etomeofblood§r requires §6ars_nouveau§r §o4.6.0 or above§r
§7Currently, §6ars_nouveau§r§7 is §o§nnot installed,
	Mod §etomeofblood§r requires §6bloodmagic§r §o1.20.1-3.3.2-44 or above§r
§7Currently, §6bloodmagic§r§7 is §o§nnot installed
]
	at net.minecraftforge.fml.ModLoader.gatherAndInitializeMods(ModLoader.java:149) ~[fmlcore-1.20.1-47.4.13.jar%23618!/:?] {}
	at net.minecraftforge.server.loading.ServerModLoader.load(ServerModLoader.java:30) ~[forge-1.20.1-47.4.13-universal.jar%23622!/:?] {re:classloading}
	at net.minecraft.server.Main.main(Main.java:125) ~[server-1.20.1-20230612.114412-srg.jar%23617!/:?] {re:classloading}
	at jdk.internal.reflect.DirectMethodHandleAccessor.invoke(DirectMethodHandleAccessor.java:103) ~[?:?] {}
	at java.lang.reflect.Method.invoke(Method.java:580) ~[?:?] {}
	at net.minecraftforge.fml.loading.targets.CommonLaunchHandler.runTarget(CommonLaunchHandler.java:111) ~[fmlloader-1.20.1-47.4.13.jar%2369!/:?] {}
	at net.minecraftforge.fml.loading.targets.CommonLaunchHandler.serverService(CommonLaunchHandler.java:103) ~[fmlloader-1.20.1-47.4.13.jar%2369!/:?] {}
	at net.minecraftforge.fml.loading.targets.CommonServerLaunchHandler.lambda$makeService$0(CommonServerLaunchHandler.java:27) ~[fmlloader-1.20.1-47.4.13.jar%2369!/:?] {}
	at cpw.mods.modlauncher.LaunchServiceHandlerDecorator.launch(LaunchServiceHandlerDecorator.java:30) ~[modlauncher-10.0.9.jar%2355!/:?] {}
	at cpw.mods.modlauncher.LaunchServiceHandler.launch(LaunchServiceHandler.java:53) ~[modlauncher-10.0.9.jar%2355!/:?] {}
	at cpw.mods.modlauncher.LaunchServiceHandler.launch(LaunchServiceHandler.java:71) ~[modlauncher-10.0.9.jar%2355!/:?] {}
	at cpw.mods.modlauncher.Launcher.run(Launcher.java:108) ~[modlauncher-10.0.9.jar%2355!/:?] {}
	at cpw.mods.modlauncher.Launcher.main(Launcher.java:78) ~[modlauncher-10.0.9.jar%2355!/:?] {}
	at cpw.mods.modlauncher.BootstrapLaunchConsumer.accept(BootstrapLaunchConsumer.java:26) ~[modlauncher-10.0.9.jar%2355!/:?] {}
	at cpw.mods.modlauncher.BootstrapLaunchConsumer.accept(BootstrapLaunchConsumer.java:23) ~[modlauncher-10.0.9.jar%2355!/:?] {}
	at cpw.mods.bootstraplauncher.BootstrapLauncher.main(BootstrapLauncher.java:141) ~[bootstraplauncher-1.1.2.jar:?] {}
