phase 1: reduced_baseline_top4; disabling 8 jar files
summary_json=/home/gerald/obelisks/docs/ram_profile/joined_cross_section_reduced_stack_20260506/joined_cross_section_summary.json
summary_csv=/home/gerald/obelisks/docs/ram_profile/joined_cross_section_reduced_stack_20260506/joined_cross_section_summary.csv
ranked_report=/home/gerald/obelisks/docs/ram_profile/joined_cross_section_reduced_stack_20260506/joined_cross_section_ranked.md
phase_complete reduced_baseline_top4: PASS client_joined_server rss=9138.5
phase 2: reduced_repeat_top4; disabling 8 jar files
summary_json=/home/gerald/obelisks/docs/ram_profile/joined_cross_section_reduced_stack_20260506/joined_cross_section_summary.json
summary_csv=/home/gerald/obelisks/docs/ram_profile/joined_cross_section_reduced_stack_20260506/joined_cross_section_summary.csv
ranked_report=/home/gerald/obelisks/docs/ram_profile/joined_cross_section_reduced_stack_20260506/joined_cross_section_ranked.md
phase_complete reduced_repeat_top4: PASS client_joined_server rss=9767.7
phase 3: reduced_no_ars; disabling 12 jar files
summary_json=/home/gerald/obelisks/docs/ram_profile/joined_cross_section_reduced_stack_20260506/joined_cross_section_summary.json
summary_csv=/home/gerald/obelisks/docs/ram_profile/joined_cross_section_reduced_stack_20260506/joined_cross_section_summary.csv
ranked_report=/home/gerald/obelisks/docs/ram_profile/joined_cross_section_reduced_stack_20260506/joined_cross_section_ranked.md
phase_complete reduced_no_ars: FAIL server_fail rss=None
phase 4: reduced_no_bloodmagic; disabling 14 jar files
summary_json=/home/gerald/obelisks/docs/ram_profile/joined_cross_section_reduced_stack_20260506/joined_cross_section_summary.json
summary_csv=/home/gerald/obelisks/docs/ram_profile/joined_cross_section_reduced_stack_20260506/joined_cross_section_summary.csv
ranked_report=/home/gerald/obelisks/docs/ram_profile/joined_cross_section_reduced_stack_20260506/joined_cross_section_ranked.md
phase_complete reduced_no_bloodmagic: PASS client_joined_server rss=10407.7
phase 5: reduced_no_malum; disabling 12 jar files
summary_json=/home/gerald/obelisks/docs/ram_profile/joined_cross_section_reduced_stack_20260506/joined_cross_section_summary.json
summary_csv=/home/gerald/obelisks/docs/ram_profile/joined_cross_section_reduced_stack_20260506/joined_cross_section_summary.csv
ranked_report=/home/gerald/obelisks/docs/ram_profile/joined_cross_section_reduced_stack_20260506/joined_cross_section_ranked.md
phase_complete reduced_no_malum: PASS client_joined_server rss=10426.2
phase 6: reduced_no_occultism; disabling 10 jar files
summary_json=/home/gerald/obelisks/docs/ram_profile/joined_cross_section_reduced_stack_20260506/joined_cross_section_summary.json
summary_csv=/home/gerald/obelisks/docs/ram_profile/joined_cross_section_reduced_stack_20260506/joined_cross_section_summary.csv
ranked_report=/home/gerald/obelisks/docs/ram_profile/joined_cross_section_reduced_stack_20260506/joined_cross_section_ranked.md
phase_complete reduced_no_occultism: PASS client_joined_server rss=9858.7
phase 7: reduced_no_quark; disabling 12 jar files
summary_json=/home/gerald/obelisks/docs/ram_profile/joined_cross_section_reduced_stack_20260506/joined_cross_section_summary.json
summary_csv=/home/gerald/obelisks/docs/ram_profile/joined_cross_section_reduced_stack_20260506/joined_cross_section_summary.csv
ranked_report=/home/gerald/obelisks/docs/ram_profile/joined_cross_section_reduced_stack_20260506/joined_cross_section_ranked.md
phase_complete reduced_no_quark: PASS client_joined_server rss=11386.7
phase 8: reduced_no_supplementaries; disabling 10 jar files
summary_json=/home/gerald/obelisks/docs/ram_profile/joined_cross_section_reduced_stack_20260506/joined_cross_section_summary.json
summary_csv=/home/gerald/obelisks/docs/ram_profile/joined_cross_section_reduced_stack_20260506/joined_cross_section_summary.csv
ranked_report=/home/gerald/obelisks/docs/ram_profile/joined_cross_section_reduced_stack_20260506/joined_cross_section_ranked.md
phase_complete reduced_no_supplementaries: PASS client_joined_server rss=9592.7
phase 9: reduced_no_amendments; disabling 10 jar files
summary_json=/home/gerald/obelisks/docs/ram_profile/joined_cross_section_reduced_stack_20260506/joined_cross_section_summary.json
summary_csv=/home/gerald/obelisks/docs/ram_profile/joined_cross_section_reduced_stack_20260506/joined_cross_section_summary.csv
ranked_report=/home/gerald/obelisks/docs/ram_profile/joined_cross_section_reduced_stack_20260506/joined_cross_section_ranked.md
phase_complete reduced_no_amendments: PASS client_joined_server rss=11728.0
phase 10: reduced_no_farmers_delight; disabling 10 jar files
summary_json=/home/gerald/obelisks/docs/ram_profile/joined_cross_section_reduced_stack_20260506/joined_cross_section_summary.json
summary_csv=/home/gerald/obelisks/docs/ram_profile/joined_cross_section_reduced_stack_20260506/joined_cross_section_summary.csv
ranked_report=/home/gerald/obelisks/docs/ram_profile/joined_cross_section_reduced_stack_20260506/joined_cross_section_ranked.md
phase_complete reduced_no_farmers_delight: FAIL server_fail rss=None
phase 11: reduced_no_brewin_and_chewin; disabling 10 jar files
summary_json=/home/gerald/obelisks/docs/ram_profile/joined_cross_section_reduced_stack_20260506/joined_cross_section_summary.json
summary_csv=/home/gerald/obelisks/docs/ram_profile/joined_cross_section_reduced_stack_20260506/joined_cross_section_summary.csv
ranked_report=/home/gerald/obelisks/docs/ram_profile/joined_cross_section_reduced_stack_20260506/joined_cross_section_ranked.md
phase_complete reduced_no_brewin_and_chewin: FAIL client_fatal_log_signature rss=None
phase 12: reduced_no_delightful; disabling 10 jar files
summary_json=/home/gerald/obelisks/docs/ram_profile/joined_cross_section_reduced_stack_20260506/joined_cross_section_summary.json
summary_csv=/home/gerald/obelisks/docs/ram_profile/joined_cross_section_reduced_stack_20260506/joined_cross_section_summary.csv
ranked_report=/home/gerald/obelisks/docs/ram_profile/joined_cross_section_reduced_stack_20260506/joined_cross_section_ranked.md
phase_complete reduced_no_delightful: PASS client_joined_server rss=10747.4
phase 13: reduced_no_my_nethers_delight; disabling 10 jar files
summary_json=/home/gerald/obelisks/docs/ram_profile/joined_cross_section_reduced_stack_20260506/joined_cross_section_summary.json
summary_csv=/home/gerald/obelisks/docs/ram_profile/joined_cross_section_reduced_stack_20260506/joined_cross_section_summary.csv
ranked_report=/home/gerald/obelisks/docs/ram_profile/joined_cross_section_reduced_stack_20260506/joined_cross_section_ranked.md
phase_complete reduced_no_my_nethers_delight: PASS client_joined_server rss=9677.4
phase 14: reduced_no_veggies_delight; disabling 10 jar files
summary_json=/home/gerald/obelisks/docs/ram_profile/joined_cross_section_reduced_stack_20260506/joined_cross_section_summary.json
summary_csv=/home/gerald/obelisks/docs/ram_profile/joined_cross_section_reduced_stack_20260506/joined_cross_section_summary.csv
ranked_report=/home/gerald/obelisks/docs/ram_profile/joined_cross_section_reduced_stack_20260506/joined_cross_section_ranked.md
phase_complete reduced_no_veggies_delight: PASS client_joined_server rss=9873.6
phase 15: reduced_no_ubes_delight; disabling 10 jar files
summary_json=/home/gerald/obelisks/docs/ram_profile/joined_cross_section_reduced_stack_20260506/joined_cross_section_summary.json
summary_csv=/home/gerald/obelisks/docs/ram_profile/joined_cross_section_reduced_stack_20260506/joined_cross_section_summary.csv
ranked_report=/home/gerald/obelisks/docs/ram_profile/joined_cross_section_reduced_stack_20260506/joined_cross_section_ranked.md
phase_complete reduced_no_ubes_delight: PASS client_joined_server rss=9931.0
phase 16: reduced_no_undergarden_delight; disabling 10 jar files
summary_json=/home/gerald/obelisks/docs/ram_profile/joined_cross_section_reduced_stack_20260506/joined_cross_section_summary.json
summary_csv=/home/gerald/obelisks/docs/ram_profile/joined_cross_section_reduced_stack_20260506/joined_cross_section_summary.csv
ranked_report=/home/gerald/obelisks/docs/ram_profile/joined_cross_section_reduced_stack_20260506/joined_cross_section_ranked.md
phase_complete reduced_no_undergarden_delight: PASS client_joined_server rss=9815.4
phase 17: reduced_no_chefs_delight; disabling 10 jar files
summary_json=/home/gerald/obelisks/docs/ram_profile/joined_cross_section_reduced_stack_20260506/joined_cross_section_summary.json
summary_csv=/home/gerald/obelisks/docs/ram_profile/joined_cross_section_reduced_stack_20260506/joined_cross_section_summary.csv
ranked_report=/home/gerald/obelisks/docs/ram_profile/joined_cross_section_reduced_stack_20260506/joined_cross_section_ranked.md
phase_complete reduced_no_chefs_delight: PASS client_joined_server rss=9663.4
phase 18: reduced_no_collectors_reap; disabling 10 jar files
summary_json=/home/gerald/obelisks/docs/ram_profile/joined_cross_section_reduced_stack_20260506/joined_cross_section_summary.json
summary_csv=/home/gerald/obelisks/docs/ram_profile/joined_cross_section_reduced_stack_20260506/joined_cross_section_summary.csv
ranked_report=/home/gerald/obelisks/docs/ram_profile/joined_cross_section_reduced_stack_20260506/joined_cross_section_ranked.md
phase_complete reduced_no_collectors_reap: PASS client_joined_server rss=10350.2
phase 19: reduced_no_corn_delight; disabling 10 jar files
summary_json=/home/gerald/obelisks/docs/ram_profile/joined_cross_section_reduced_stack_20260506/joined_cross_section_summary.json
summary_csv=/home/gerald/obelisks/docs/ram_profile/joined_cross_section_reduced_stack_20260506/joined_cross_section_summary.csv
ranked_report=/home/gerald/obelisks/docs/ram_profile/joined_cross_section_reduced_stack_20260506/joined_cross_section_ranked.md
phase_complete reduced_no_corn_delight: PASS client_joined_server rss=11298.5
phase 20: reduced_no_ends_delight; disabling 10 jar files
summary_json=/home/gerald/obelisks/docs/ram_profile/joined_cross_section_reduced_stack_20260506/joined_cross_section_summary.json
summary_csv=/home/gerald/obelisks/docs/ram_profile/joined_cross_section_reduced_stack_20260506/joined_cross_section_summary.csv
ranked_report=/home/gerald/obelisks/docs/ram_profile/joined_cross_section_reduced_stack_20260506/joined_cross_section_ranked.md
phase_complete reduced_no_ends_delight: PASS client_joined_server rss=9662.6
phase 21: reduced_no_farmers_respite; disabling 10 jar files
summary_json=/home/gerald/obelisks/docs/ram_profile/joined_cross_section_reduced_stack_20260506/joined_cross_section_summary.json
summary_csv=/home/gerald/obelisks/docs/ram_profile/joined_cross_section_reduced_stack_20260506/joined_cross_section_summary.csv
ranked_report=/home/gerald/obelisks/docs/ram_profile/joined_cross_section_reduced_stack_20260506/joined_cross_section_ranked.md
phase_complete reduced_no_farmers_respite: PASS client_joined_server rss=11853.2
phase 22: reduced_no_oceans_delight; disabling 10 jar files
summary_json=/home/gerald/obelisks/docs/ram_profile/joined_cross_section_reduced_stack_20260506/joined_cross_section_summary.json
summary_csv=/home/gerald/obelisks/docs/ram_profile/joined_cross_section_reduced_stack_20260506/joined_cross_section_summary.csv
ranked_report=/home/gerald/obelisks/docs/ram_profile/joined_cross_section_reduced_stack_20260506/joined_cross_section_ranked.md
phase_complete reduced_no_oceans_delight: PASS client_joined_server rss=11615.5
phase 23: reduced_no_rustic_delight; disabling 10 jar files
summary_json=/home/gerald/obelisks/docs/ram_profile/joined_cross_section_reduced_stack_20260506/joined_cross_section_summary.json
summary_csv=/home/gerald/obelisks/docs/ram_profile/joined_cross_section_reduced_stack_20260506/joined_cross_section_summary.csv
ranked_report=/home/gerald/obelisks/docs/ram_profile/joined_cross_section_reduced_stack_20260506/joined_cross_section_ranked.md
phase_complete reduced_no_rustic_delight: PASS client_joined_server rss=11018.3
phase 24: reduced_no_diet; disabling 10 jar files
summary_json=/home/gerald/obelisks/docs/ram_profile/joined_cross_section_reduced_stack_20260506/joined_cross_section_summary.json
summary_csv=/home/gerald/obelisks/docs/ram_profile/joined_cross_section_reduced_stack_20260506/joined_cross_section_summary.csv
ranked_report=/home/gerald/obelisks/docs/ram_profile/joined_cross_section_reduced_stack_20260506/joined_cross_section_ranked.md
phase_complete reduced_no_diet: PASS client_joined_server rss=10462.7
phase 25: reduced_no_solcarrot; disabling 10 jar files
summary_json=/home/gerald/obelisks/docs/ram_profile/joined_cross_section_reduced_stack_20260506/joined_cross_section_summary.json
summary_csv=/home/gerald/obelisks/docs/ram_profile/joined_cross_section_reduced_stack_20260506/joined_cross_section_summary.csv
ranked_report=/home/gerald/obelisks/docs/ram_profile/joined_cross_section_reduced_stack_20260506/joined_cross_section_ranked.md
phase_complete reduced_no_solcarrot: PASS client_joined_server rss=10849.9
phase 26: reduced_no_thirst; disabling 10 jar files
summary_json=/home/gerald/obelisks/docs/ram_profile/joined_cross_section_reduced_stack_20260506/joined_cross_section_summary.json
summary_csv=/home/gerald/obelisks/docs/ram_profile/joined_cross_section_reduced_stack_20260506/joined_cross_section_summary.csv
ranked_report=/home/gerald/obelisks/docs/ram_profile/joined_cross_section_reduced_stack_20260506/joined_cross_section_ranked.md
phase_complete reduced_no_thirst: PASS client_joined_server rss=9579.4
phase 27: reduced_no_appleskin; disabling 10 jar files
summary_json=/home/gerald/obelisks/docs/ram_profile/joined_cross_section_reduced_stack_20260506/joined_cross_section_summary.json
summary_csv=/home/gerald/obelisks/docs/ram_profile/joined_cross_section_reduced_stack_20260506/joined_cross_section_summary.csv
ranked_report=/home/gerald/obelisks/docs/ram_profile/joined_cross_section_reduced_stack_20260506/joined_cross_section_ranked.md
phase_complete reduced_no_appleskin: PASS client_joined_server rss=11697.7
phase 28: reduced_no_cravings; disabling 10 jar files
summary_json=/home/gerald/obelisks/docs/ram_profile/joined_cross_section_reduced_stack_20260506/joined_cross_section_summary.json
summary_csv=/home/gerald/obelisks/docs/ram_profile/joined_cross_section_reduced_stack_20260506/joined_cross_section_summary.csv
ranked_report=/home/gerald/obelisks/docs/ram_profile/joined_cross_section_reduced_stack_20260506/joined_cross_section_ranked.md
phase_complete reduced_no_cravings: PASS client_joined_server rss=10498.1
phase 29: reduced_no_acid_vat; disabling 10 jar files
summary_json=/home/gerald/obelisks/docs/ram_profile/joined_cross_section_reduced_stack_20260506/joined_cross_section_summary.json
summary_csv=/home/gerald/obelisks/docs/ram_profile/joined_cross_section_reduced_stack_20260506/joined_cross_section_summary.csv
ranked_report=/home/gerald/obelisks/docs/ram_profile/joined_cross_section_reduced_stack_20260506/joined_cross_section_ranked.md
phase_complete reduced_no_acid_vat: PASS client_joined_server rss=11682.0
phase 30: reduced_no_btmfixes; disabling 10 jar files
summary_json=/home/gerald/obelisks/docs/ram_profile/joined_cross_section_reduced_stack_20260506/joined_cross_section_summary.json
summary_csv=/home/gerald/obelisks/docs/ram_profile/joined_cross_section_reduced_stack_20260506/joined_cross_section_summary.csv
ranked_report=/home/gerald/obelisks/docs/ram_profile/joined_cross_section_reduced_stack_20260506/joined_cross_section_ranked.md
phase_complete reduced_no_btmfixes: PASS client_joined_server rss=10407.0
phase 31: reduced_no_classselector; disabling 10 jar files
summary_json=/home/gerald/obelisks/docs/ram_profile/joined_cross_section_reduced_stack_20260506/joined_cross_section_summary.json
summary_csv=/home/gerald/obelisks/docs/ram_profile/joined_cross_section_reduced_stack_20260506/joined_cross_section_summary.csv
ranked_report=/home/gerald/obelisks/docs/ram_profile/joined_cross_section_reduced_stack_20260506/joined_cross_section_ranked.md
phase_complete reduced_no_classselector: PASS client_joined_server rss=11648.4
phase 32: reduced_no_computerbridge; disabling 10 jar files
summary_json=/home/gerald/obelisks/docs/ram_profile/joined_cross_section_reduced_stack_20260506/joined_cross_section_summary.json
summary_csv=/home/gerald/obelisks/docs/ram_profile/joined_cross_section_reduced_stack_20260506/joined_cross_section_summary.csv
ranked_report=/home/gerald/obelisks/docs/ram_profile/joined_cross_section_reduced_stack_20260506/joined_cross_section_ranked.md
phase_complete reduced_no_computerbridge: PASS client_joined_server rss=9932.8
phase 33: reduced_no_transmissionloss; disabling 10 jar files
summary_json=/home/gerald/obelisks/docs/ram_profile/joined_cross_section_reduced_stack_20260506/joined_cross_section_summary.json
summary_csv=/home/gerald/obelisks/docs/ram_profile/joined_cross_section_reduced_stack_20260506/joined_cross_section_summary.csv
ranked_report=/home/gerald/obelisks/docs/ram_profile/joined_cross_section_reduced_stack_20260506/joined_cross_section_ranked.md
phase_complete reduced_no_transmissionloss: PASS client_joined_server rss=11454.6
phase 34: reduced_no_cursedbiomes; disabling 10 jar files
summary_json=/home/gerald/obelisks/docs/ram_profile/joined_cross_section_reduced_stack_20260506/joined_cross_section_summary.json
summary_csv=/home/gerald/obelisks/docs/ram_profile/joined_cross_section_reduced_stack_20260506/joined_cross_section_summary.csv
ranked_report=/home/gerald/obelisks/docs/ram_profile/joined_cross_section_reduced_stack_20260506/joined_cross_section_ranked.md
phase_complete reduced_no_cursedbiomes: PASS client_joined_server rss=11070.1
phase 35: reduced_no_fission_reactor; disabling 10 jar files
summary_json=/home/gerald/obelisks/docs/ram_profile/joined_cross_section_reduced_stack_20260506/joined_cross_section_summary.json
summary_csv=/home/gerald/obelisks/docs/ram_profile/joined_cross_section_reduced_stack_20260506/joined_cross_section_summary.csv
ranked_report=/home/gerald/obelisks/docs/ram_profile/joined_cross_section_reduced_stack_20260506/joined_cross_section_ranked.md
phase_complete reduced_no_fission_reactor: PASS client_joined_server rss=10458.8
phase 36: reduced_no_gases_and_plasmas; disabling 10 jar files
summary_json=/home/gerald/obelisks/docs/ram_profile/joined_cross_section_reduced_stack_20260506/joined_cross_section_summary.json
summary_csv=/home/gerald/obelisks/docs/ram_profile/joined_cross_section_reduced_stack_20260506/joined_cross_section_summary.csv
ranked_report=/home/gerald/obelisks/docs/ram_profile/joined_cross_section_reduced_stack_20260506/joined_cross_section_ranked.md
phase_complete reduced_no_gases_and_plasmas: PASS client_joined_server rss=9855.7
phase 37: reduced_no_heatsync; disabling 10 jar files
summary_json=/home/gerald/obelisks/docs/ram_profile/joined_cross_section_reduced_stack_20260506/joined_cross_section_summary.json
summary_csv=/home/gerald/obelisks/docs/ram_profile/joined_cross_section_reduced_stack_20260506/joined_cross_section_summary.csv
ranked_report=/home/gerald/obelisks/docs/ram_profile/joined_cross_section_reduced_stack_20260506/joined_cross_section_ranked.md
phase_complete reduced_no_heatsync: PASS client_joined_server rss=11584.0
phase 38: reduced_no_liquid_coolant; disabling 10 jar files
summary_json=/home/gerald/obelisks/docs/ram_profile/joined_cross_section_reduced_stack_20260506/joined_cross_section_summary.json
summary_csv=/home/gerald/obelisks/docs/ram_profile/joined_cross_section_reduced_stack_20260506/joined_cross_section_summary.csv
ranked_report=/home/gerald/obelisks/docs/ram_profile/joined_cross_section_reduced_stack_20260506/joined_cross_section_ranked.md
phase_complete reduced_no_liquid_coolant: FAIL server_fail rss=None
phase 39: reduced_no_obelisks; disabling 10 jar files
summary_json=/home/gerald/obelisks/docs/ram_profile/joined_cross_section_reduced_stack_20260506/joined_cross_section_summary.json
summary_csv=/home/gerald/obelisks/docs/ram_profile/joined_cross_section_reduced_stack_20260506/joined_cross_section_summary.csv
ranked_report=/home/gerald/obelisks/docs/ram_profile/joined_cross_section_reduced_stack_20260506/joined_cross_section_ranked.md
phase_complete reduced_no_obelisks: PASS client_joined_server rss=9860.9
phase 40: reduced_no_pillagercampaigns; disabling 10 jar files
summary_json=/home/gerald/obelisks/docs/ram_profile/joined_cross_section_reduced_stack_20260506/joined_cross_section_summary.json
summary_csv=/home/gerald/obelisks/docs/ram_profile/joined_cross_section_reduced_stack_20260506/joined_cross_section_summary.csv
ranked_report=/home/gerald/obelisks/docs/ram_profile/joined_cross_section_reduced_stack_20260506/joined_cross_section_ranked.md
phase_complete reduced_no_pillagercampaigns: PASS client_joined_server rss=12747.1
phase 41: reduced_no_procedural_bouquets; disabling 10 jar files
summary_json=/home/gerald/obelisks/docs/ram_profile/joined_cross_section_reduced_stack_20260506/joined_cross_section_summary.json
summary_csv=/home/gerald/obelisks/docs/ram_profile/joined_cross_section_reduced_stack_20260506/joined_cross_section_summary.csv
ranked_report=/home/gerald/obelisks/docs/ram_profile/joined_cross_section_reduced_stack_20260506/joined_cross_section_ranked.md
phase_complete reduced_no_procedural_bouquets: PASS client_joined_server rss=11212.6
phase 42: reduced_no_realisticores; disabling 10 jar files
summary_json=/home/gerald/obelisks/docs/ram_profile/joined_cross_section_reduced_stack_20260506/joined_cross_section_summary.json
summary_csv=/home/gerald/obelisks/docs/ram_profile/joined_cross_section_reduced_stack_20260506/joined_cross_section_summary.csv
ranked_report=/home/gerald/obelisks/docs/ram_profile/joined_cross_section_reduced_stack_20260506/joined_cross_section_ranked.md
phase_complete reduced_no_realisticores: PASS client_joined_server rss=11054.8
phase 43: reduced_no_rpgstats; disabling 10 jar files
summary_json=/home/gerald/obelisks/docs/ram_profile/joined_cross_section_reduced_stack_20260506/joined_cross_section_summary.json
summary_csv=/home/gerald/obelisks/docs/ram_profile/joined_cross_section_reduced_stack_20260506/joined_cross_section_summary.csv
ranked_report=/home/gerald/obelisks/docs/ram_profile/joined_cross_section_reduced_stack_20260506/joined_cross_section_ranked.md
phase_complete reduced_no_rpgstats: PASS client_joined_server rss=11958.2
phase 44: reduced_no_settlementroads; disabling 10 jar files
summary_json=/home/gerald/obelisks/docs/ram_profile/joined_cross_section_reduced_stack_20260506/joined_cross_section_summary.json
summary_csv=/home/gerald/obelisks/docs/ram_profile/joined_cross_section_reduced_stack_20260506/joined_cross_section_summary.csv
ranked_report=/home/gerald/obelisks/docs/ram_profile/joined_cross_section_reduced_stack_20260506/joined_cross_section_ranked.md
phase_complete reduced_no_settlementroads: PASS client_joined_server rss=9580.3
phase 45: reduced_no_villagewalls; disabling 10 jar files
summary_json=/home/gerald/obelisks/docs/ram_profile/joined_cross_section_reduced_stack_20260506/joined_cross_section_summary.json
summary_csv=/home/gerald/obelisks/docs/ram_profile/joined_cross_section_reduced_stack_20260506/joined_cross_section_summary.csv
ranked_report=/home/gerald/obelisks/docs/ram_profile/joined_cross_section_reduced_stack_20260506/joined_cross_section_ranked.md
phase_complete reduced_no_villagewalls: PASS client_joined_server rss=11579.2
phase 46: reduced_no_compressedcreativity; disabling 10 jar files
summary_json=/home/gerald/obelisks/docs/ram_profile/joined_cross_section_reduced_stack_20260506/joined_cross_section_summary.json
summary_csv=/home/gerald/obelisks/docs/ram_profile/joined_cross_section_reduced_stack_20260506/joined_cross_section_summary.csv
ranked_report=/home/gerald/obelisks/docs/ram_profile/joined_cross_section_reduced_stack_20260506/joined_cross_section_ranked.md
phase_complete reduced_no_compressedcreativity: PASS client_joined_server rss=11697.6
phase 47: reduced_no_create_new_age; disabling 12 jar files
summary_json=/home/gerald/obelisks/docs/ram_profile/joined_cross_section_reduced_stack_20260506/joined_cross_section_summary.json
summary_csv=/home/gerald/obelisks/docs/ram_profile/joined_cross_section_reduced_stack_20260506/joined_cross_section_summary.csv
ranked_report=/home/gerald/obelisks/docs/ram_profile/joined_cross_section_reduced_stack_20260506/joined_cross_section_ranked.md
phase_complete reduced_no_create_new_age: FAIL server_fail rss=None
phase 48: reduced_no_create_stuff_additions; disabling 10 jar files
summary_json=/home/gerald/obelisks/docs/ram_profile/joined_cross_section_reduced_stack_20260506/joined_cross_section_summary.json
summary_csv=/home/gerald/obelisks/docs/ram_profile/joined_cross_section_reduced_stack_20260506/joined_cross_section_summary.csv
ranked_report=/home/gerald/obelisks/docs/ram_profile/joined_cross_section_reduced_stack_20260506/joined_cross_section_ranked.md
phase_complete reduced_no_create_stuff_additions: PASS client_joined_server rss=10100.2
phase 49: reduced_no_create_bb; disabling 10 jar files
summary_json=/home/gerald/obelisks/docs/ram_profile/joined_cross_section_reduced_stack_20260506/joined_cross_section_summary.json
summary_csv=/home/gerald/obelisks/docs/ram_profile/joined_cross_section_reduced_stack_20260506/joined_cross_section_summary.csv
ranked_report=/home/gerald/obelisks/docs/ram_profile/joined_cross_section_reduced_stack_20260506/joined_cross_section_ranked.md
phase_complete reduced_no_create_bb: PASS client_joined_server rss=10828.0
phase 50: reduced_no_create_central_kitchen; disabling 10 jar files
summary_json=/home/gerald/obelisks/docs/ram_profile/joined_cross_section_reduced_stack_20260506/joined_cross_section_summary.json
summary_csv=/home/gerald/obelisks/docs/ram_profile/joined_cross_section_reduced_stack_20260506/joined_cross_section_summary.csv
ranked_report=/home/gerald/obelisks/docs/ram_profile/joined_cross_section_reduced_stack_20260506/joined_cross_section_ranked.md
phase_complete reduced_no_create_central_kitchen: PASS client_joined_server rss=11141.1
phase 51: reduced_no_create_cold_sweat; disabling 10 jar files
summary_json=/home/gerald/obelisks/docs/ram_profile/joined_cross_section_reduced_stack_20260506/joined_cross_section_summary.json
summary_csv=/home/gerald/obelisks/docs/ram_profile/joined_cross_section_reduced_stack_20260506/joined_cross_section_summary.csv
ranked_report=/home/gerald/obelisks/docs/ram_profile/joined_cross_section_reduced_stack_20260506/joined_cross_section_ranked.md
phase_complete reduced_no_create_cold_sweat: PASS client_joined_server rss=12185.3
phase 52: reduced_no_create_connected; disabling 10 jar files
summary_json=/home/gerald/obelisks/docs/ram_profile/joined_cross_section_reduced_stack_20260506/joined_cross_section_summary.json
summary_csv=/home/gerald/obelisks/docs/ram_profile/joined_cross_section_reduced_stack_20260506/joined_cross_section_summary.csv
ranked_report=/home/gerald/obelisks/docs/ram_profile/joined_cross_section_reduced_stack_20260506/joined_cross_section_ranked.md
phase_complete reduced_no_create_connected: PASS client_joined_server rss=10681.2
phase 53: reduced_no_create_enchantment_industry; disabling 10 jar files
summary_json=/home/gerald/obelisks/docs/ram_profile/joined_cross_section_reduced_stack_20260506/joined_cross_section_summary.json
summary_csv=/home/gerald/obelisks/docs/ram_profile/joined_cross_section_reduced_stack_20260506/joined_cross_section_summary.csv
ranked_report=/home/gerald/obelisks/docs/ram_profile/joined_cross_section_reduced_stack_20260506/joined_cross_section_ranked.md
phase_complete reduced_no_create_enchantment_industry: PASS client_joined_server rss=9569.4
phase 54: reduced_no_create_more_additions; disabling 10 jar files
summary_json=/home/gerald/obelisks/docs/ram_profile/joined_cross_section_reduced_stack_20260506/joined_cross_section_summary.json
summary_csv=/home/gerald/obelisks/docs/ram_profile/joined_cross_section_reduced_stack_20260506/joined_cross_section_summary.csv
ranked_report=/home/gerald/obelisks/docs/ram_profile/joined_cross_section_reduced_stack_20260506/joined_cross_section_ranked.md
phase_complete reduced_no_create_more_additions: PASS client_joined_server rss=11896.5
phase 55: reduced_no_create_power_loader; disabling 10 jar files
summary_json=/home/gerald/obelisks/docs/ram_profile/joined_cross_section_reduced_stack_20260506/joined_cross_section_summary.json
summary_csv=/home/gerald/obelisks/docs/ram_profile/joined_cross_section_reduced_stack_20260506/joined_cross_section_summary.csv
ranked_report=/home/gerald/obelisks/docs/ram_profile/joined_cross_section_reduced_stack_20260506/joined_cross_section_ranked.md
phase_complete reduced_no_create_power_loader: PASS client_joined_server rss=9862.2
phase 56: reduced_no_create_things_and_misc; disabling 10 jar files
summary_json=/home/gerald/obelisks/docs/ram_profile/joined_cross_section_reduced_stack_20260506/joined_cross_section_summary.json
summary_csv=/home/gerald/obelisks/docs/ram_profile/joined_cross_section_reduced_stack_20260506/joined_cross_section_summary.csv
ranked_report=/home/gerald/obelisks/docs/ram_profile/joined_cross_section_reduced_stack_20260506/joined_cross_section_ranked.md
phase_complete reduced_no_create_things_and_misc: PASS client_joined_server rss=9947.3
phase 57: reduced_no_create_additional_logistics; disabling 10 jar files
summary_json=/home/gerald/obelisks/docs/ram_profile/joined_cross_section_reduced_stack_20260506/joined_cross_section_summary.json
summary_csv=/home/gerald/obelisks/docs/ram_profile/joined_cross_section_reduced_stack_20260506/joined_cross_section_summary.csv
ranked_report=/home/gerald/obelisks/docs/ram_profile/joined_cross_section_reduced_stack_20260506/joined_cross_section_ranked.md
phase_complete reduced_no_create_additional_logistics: PASS client_joined_server rss=10207.9
phase 58: reduced_no_create_addon_compatibility; disabling 10 jar files
summary_json=/home/gerald/obelisks/docs/ram_profile/joined_cross_section_reduced_stack_20260506/joined_cross_section_summary.json
summary_csv=/home/gerald/obelisks/docs/ram_profile/joined_cross_section_reduced_stack_20260506/joined_cross_section_summary.csv
ranked_report=/home/gerald/obelisks/docs/ram_profile/joined_cross_section_reduced_stack_20260506/joined_cross_section_ranked.md
phase_complete reduced_no_create_addon_compatibility: PASS client_joined_server rss=11603.5
phase 59: reduced_no_create_adv_logistics; disabling 10 jar files
summary_json=/home/gerald/obelisks/docs/ram_profile/joined_cross_section_reduced_stack_20260506/joined_cross_section_summary.json
summary_csv=/home/gerald/obelisks/docs/ram_profile/joined_cross_section_reduced_stack_20260506/joined_cross_section_summary.csv
ranked_report=/home/gerald/obelisks/docs/ram_profile/joined_cross_section_reduced_stack_20260506/joined_cross_section_ranked.md
phase_complete reduced_no_create_adv_logistics: PASS client_joined_server rss=11700.9
phase 60: reduced_no_create_applied_kinetics; disabling 10 jar files
summary_json=/home/gerald/obelisks/docs/ram_profile/joined_cross_section_reduced_stack_20260506/joined_cross_section_summary.json
summary_csv=/home/gerald/obelisks/docs/ram_profile/joined_cross_section_reduced_stack_20260506/joined_cross_section_summary.csv
ranked_report=/home/gerald/obelisks/docs/ram_profile/joined_cross_section_reduced_stack_20260506/joined_cross_section_ranked.md
phase_complete reduced_no_create_applied_kinetics: FAIL server_crash_report_created rss=None
phase 61: reduced_no_create_big_cannons; disabling 10 jar files
summary_json=/home/gerald/obelisks/docs/ram_profile/joined_cross_section_reduced_stack_20260506/joined_cross_section_summary.json
summary_csv=/home/gerald/obelisks/docs/ram_profile/joined_cross_section_reduced_stack_20260506/joined_cross_section_summary.csv
ranked_report=/home/gerald/obelisks/docs/ram_profile/joined_cross_section_reduced_stack_20260506/joined_cross_section_ranked.md
phase_complete reduced_no_create_big_cannons: PASS client_joined_server rss=11268.7
phase 62: reduced_no_create_diesel_generators; disabling 10 jar files
summary_json=/home/gerald/obelisks/docs/ram_profile/joined_cross_section_reduced_stack_20260506/joined_cross_section_summary.json
summary_csv=/home/gerald/obelisks/docs/ram_profile/joined_cross_section_reduced_stack_20260506/joined_cross_section_summary.csv
ranked_report=/home/gerald/obelisks/docs/ram_profile/joined_cross_section_reduced_stack_20260506/joined_cross_section_ranked.md
phase_complete reduced_no_create_diesel_generators: PASS client_joined_server rss=9971.2
phase 63: reduced_no_create_liquid_fuel; disabling 10 jar files
summary_json=/home/gerald/obelisks/docs/ram_profile/joined_cross_section_reduced_stack_20260506/joined_cross_section_summary.json
summary_csv=/home/gerald/obelisks/docs/ram_profile/joined_cross_section_reduced_stack_20260506/joined_cross_section_summary.csv
ranked_report=/home/gerald/obelisks/docs/ram_profile/joined_cross_section_reduced_stack_20260506/joined_cross_section_ranked.md
phase_complete reduced_no_create_liquid_fuel: PASS client_joined_server rss=9834.1
phase 64: reduced_no_create_more_drill_heads; disabling 10 jar files
summary_json=/home/gerald/obelisks/docs/ram_profile/joined_cross_section_reduced_stack_20260506/joined_cross_section_summary.json
summary_csv=/home/gerald/obelisks/docs/ram_profile/joined_cross_section_reduced_stack_20260506/joined_cross_section_summary.csv
ranked_report=/home/gerald/obelisks/docs/ram_profile/joined_cross_section_reduced_stack_20260506/joined_cross_section_ranked.md
phase_complete reduced_no_create_more_drill_heads: PASS client_joined_server rss=10667.4
phase 65: reduced_no_ae2_things; disabling 10 jar files
summary_json=/home/gerald/obelisks/docs/ram_profile/joined_cross_section_reduced_stack_20260506/joined_cross_section_summary.json
summary_csv=/home/gerald/obelisks/docs/ram_profile/joined_cross_section_reduced_stack_20260506/joined_cross_section_summary.csv
ranked_report=/home/gerald/obelisks/docs/ram_profile/joined_cross_section_reduced_stack_20260506/joined_cross_section_ranked.md
phase_complete reduced_no_ae2_things: PASS client_joined_server rss=11482.5
phase 66: reduced_no_ae2_network_analyzer; disabling 10 jar files
summary_json=/home/gerald/obelisks/docs/ram_profile/joined_cross_section_reduced_stack_20260506/joined_cross_section_summary.json
summary_csv=/home/gerald/obelisks/docs/ram_profile/joined_cross_section_reduced_stack_20260506/joined_cross_section_summary.csv
ranked_report=/home/gerald/obelisks/docs/ram_profile/joined_cross_section_reduced_stack_20260506/joined_cross_section_ranked.md
phase_complete reduced_no_ae2_network_analyzer: PASS client_joined_server rss=11487.3
phase 67: reduced_no_ae_additions; disabling 10 jar files
summary_json=/home/gerald/obelisks/docs/ram_profile/joined_cross_section_reduced_stack_20260506/joined_cross_section_summary.json
summary_csv=/home/gerald/obelisks/docs/ram_profile/joined_cross_section_reduced_stack_20260506/joined_cross_section_summary.csv
ranked_report=/home/gerald/obelisks/docs/ram_profile/joined_cross_section_reduced_stack_20260506/joined_cross_section_ranked.md
phase_complete reduced_no_ae_additions: PASS client_joined_server rss=10435.4
phase 68: reduced_no_advanced_ae; disabling 10 jar files
summary_json=/home/gerald/obelisks/docs/ram_profile/joined_cross_section_reduced_stack_20260506/joined_cross_section_summary.json
summary_csv=/home/gerald/obelisks/docs/ram_profile/joined_cross_section_reduced_stack_20260506/joined_cross_section_summary.csv
ranked_report=/home/gerald/obelisks/docs/ram_profile/joined_cross_section_reduced_stack_20260506/joined_cross_section_ranked.md
phase_complete reduced_no_advanced_ae: PASS client_joined_server rss=10310.8
phase 69: reduced_no_extended_ae; disabling 10 jar files
summary_json=/home/gerald/obelisks/docs/ram_profile/joined_cross_section_reduced_stack_20260506/joined_cross_section_summary.json
summary_csv=/home/gerald/obelisks/docs/ram_profile/joined_cross_section_reduced_stack_20260506/joined_cross_section_summary.csv
ranked_report=/home/gerald/obelisks/docs/ram_profile/joined_cross_section_reduced_stack_20260506/joined_cross_section_ranked.md
phase_complete reduced_no_extended_ae: PASS client_joined_server rss=11888.8
phase 70: reduced_no_mae2; disabling 10 jar files
summary_json=/home/gerald/obelisks/docs/ram_profile/joined_cross_section_reduced_stack_20260506/joined_cross_section_summary.json
summary_csv=/home/gerald/obelisks/docs/ram_profile/joined_cross_section_reduced_stack_20260506/joined_cross_section_summary.csv
ranked_report=/home/gerald/obelisks/docs/ram_profile/joined_cross_section_reduced_stack_20260506/joined_cross_section_ranked.md
phase_complete reduced_no_mae2: FAIL client_fatal_log_signature rss=None
phase 71: reduced_no_merequester; disabling 10 jar files
summary_json=/home/gerald/obelisks/docs/ram_profile/joined_cross_section_reduced_stack_20260506/joined_cross_section_summary.json
summary_csv=/home/gerald/obelisks/docs/ram_profile/joined_cross_section_reduced_stack_20260506/joined_cross_section_summary.csv
ranked_report=/home/gerald/obelisks/docs/ram_profile/joined_cross_section_reduced_stack_20260506/joined_cross_section_ranked.md
phase_complete reduced_no_merequester: PASS client_joined_server rss=10677.4
phase 72: reduced_no_polyeng; disabling 10 jar files
summary_json=/home/gerald/obelisks/docs/ram_profile/joined_cross_section_reduced_stack_20260506/joined_cross_section_summary.json
summary_csv=/home/gerald/obelisks/docs/ram_profile/joined_cross_section_reduced_stack_20260506/joined_cross_section_summary.csv
ranked_report=/home/gerald/obelisks/docs/ram_profile/joined_cross_section_reduced_stack_20260506/joined_cross_section_ranked.md
phase_complete reduced_no_polyeng: PASS client_joined_server rss=11766.9
summary_json=/home/gerald/obelisks/docs/ram_profile/joined_cross_section_reduced_stack_20260506/joined_cross_section_summary.json
summary_csv=/home/gerald/obelisks/docs/ram_profile/joined_cross_section_reduced_stack_20260506/joined_cross_section_summary.csv
ranked_report=/home/gerald/obelisks/docs/ram_profile/joined_cross_section_reduced_stack_20260506/joined_cross_section_ranked.md
