     0.000 Info: Testing "/home/gerald/.local/share/PrismLauncher/qtlogging.ini" ... (unknown:0)
     0.001 Info: Testing "/tmp/.mount_PrismLBmEiFD/share/PrismLauncher/qtlogging.ini" ... (unknown:0)
     0.001 Info: Loading logging rules from: "/tmp/.mount_PrismLBmEiFD/share/PrismLauncher/qtlogging.ini" (unknown:0)
     0.003 Info: Setting log rules: (unknown:0)
     0.003 Info:      "*.debug=true" (unknown:0)
     0.003 Info:      "kf.imageformats.plugins.hdr=false" (unknown:0)
     0.003 Info:      "kf.imageformats.plugins.xcf=false" (unknown:0)
     0.003 Info:      "launcher.auth.credentials.debug=false" (unknown:0)
     0.003 Info:      "launcher.task=false" (unknown:0)
     0.003 Info:      "launcher.task.net=true" (unknown:0)
     0.003 Info:      "launcher.task.net.download.debug=false" (unknown:0)
     0.003 Info:      "launcher.task.net.metacache=false" (unknown:0)
     0.003 Info:      "launcher.task.net.metacache.http=true" (unknown:0)
     0.003 Info:      "launcher.task.net.upload=true" (unknown:0)
     0.003 Info:      "qt.*.debug=false" (unknown:0)
     0.003 Info: <> Log initialized. (unknown:0)
     0.003 Debug: <> No migration needed from "PolyMC" (unknown:0)
     0.003 Debug: <> No migration needed from "MultiMC" (unknown:0)
     0.003 Info: Prism Launcher, © 2022-2026 Prism Launcher Contributors, © 2021-2022 PolyMC Contributors, © 2012-2021 MultiMC Contributors (unknown:0)
     0.003 Info: Version                    : "10.0.5" (unknown:0)
     0.003 Info: Platform                   : "official" (unknown:0)
     0.003 Info: Git commit                 : "" (unknown:0)
     0.003 Info: Git refspec                : "refs/heads/stable" (unknown:0)
     0.003 Info: Compiled for               : "Linux 6.14.0-1017-azure x86_64" (unknown:0)
     0.003 Info: Compiled by                : "GNU - 13.3.0" (unknown:0)
     0.003 Info: Build Artifact             : "Linux-Qt6" (unknown:0)
     0.003 Info: Updates Enabled            : Yes (unknown:0)
     0.003 Info: Work dir before adjustment : "/home/gerald" (unknown:0)
     0.003 Info: Work dir after adjustment  : "/home/gerald/.local/share/PrismLauncher" (unknown:0)
     0.003 Info: Adjusted by                : "Persistent data path" (unknown:0)
     0.003 Info: Binary path                : "/tmp/.mount_PrismLBmEiFD/bin" (unknown:0)
     0.003 Info: Application root path      : "/tmp/.mount_PrismLBmEiFD" (unknown:0)
     0.003 Info: <> Paths set. (unknown:0)
     0.030 Debug: Detected default console font: "DejaVu Sans Mono", substitutions: "" (unknown:0)
     0.036 Info: <> Settings loaded. (unknown:0)
     0.040 Debug: Detecting proxy settings... (unknown:0)
     0.041 Debug: Using no proxy is an option! (unknown:0)
     0.041 Info: <> Network done. (unknown:0)
     0.043 Debug: Loading Application Language File for en_AU ... (unknown:0)
     0.043 Info: Your language is "en_AU" (unknown:0)
     0.043 Info: <> Translations loaded. (unknown:0)
     0.043 Debug: Started watching "/home/gerald/.local/share/PrismLauncher/icons" (unknown:0)
     0.043 Debug: Sorting icon list... (unknown:0)
     0.058 Info: <> Instance icons initialized. (unknown:0)
     0.058 Debug: [Theme] Determining System Widget Theme... (unknown:0)
     0.058 Debug: [Theme] System theme seems to be: "fusion" (unknown:0)
     0.058 Debug: [Theme] <> Initializing Icon Themes (unknown:0)
     0.058 Debug: [Theme] Loaded Built-In Icon Theme "pe_colored" (unknown:0)
     0.058 Debug: [Theme] Loaded Built-In Icon Theme "pe_light" (unknown:0)
     0.058 Debug: [Theme] Loaded Built-In Icon Theme "pe_dark" (unknown:0)
     0.058 Debug: [Theme] Loaded Built-In Icon Theme "pe_blue" (unknown:0)
     0.058 Debug: [Theme] Loaded Built-In Icon Theme "breeze_light" (unknown:0)
     0.059 Debug: [Theme] Loaded Built-In Icon Theme "breeze_dark" (unknown:0)
     0.059 Debug: [Theme] Loaded Built-In Icon Theme "OSX" (unknown:0)
     0.059 Debug: [Theme] Loaded Built-In Icon Theme "iOS" (unknown:0)
     0.059 Debug: [Theme] Loaded Built-In Icon Theme "flat" (unknown:0)
     0.059 Debug: [Theme] Loaded Built-In Icon Theme "flat_white" (unknown:0)
     0.059 Debug: [Theme] Loaded Built-In Icon Theme "multimc" (unknown:0)
     0.059 Debug: [Theme] Icon Theme Folder Path: "/home/gerald/.local/share/PrismLauncher/iconthemes" (unknown:0)
     0.059 Debug: [Theme] <> Icon themes initialized. (unknown:0)
     0.059 Debug: [Theme] <> Initializing Widget Themes (unknown:0)
     0.059 Debug: [Theme] Loading Built-in Theme: "system" (unknown:0)
     0.059 Debug: [Theme] Loading Built-in Theme: "dark" (unknown:0)
     0.059 Debug: [Theme] Loading Built-in Theme: "bright" (unknown:0)
     0.059 Debug: [Theme] <> Initializing System Widget Themes (unknown:0)
     0.060 Debug: [Theme] Loading System Theme: "Windows" (unknown:0)
     0.060 Debug: [Theme] Loading System Theme: "Fusion" (unknown:0)
     0.060 Debug: [Theme] Theme Folder Path: "/home/gerald/.local/share/PrismLauncher/themes" (unknown:0)
     0.060 Debug: [Theme] <> Widget themes initialized. (unknown:0)
     0.060 Debug: [Theme] CatPacks Folder Path: "/home/gerald/.local/share/PrismLauncher/catpacks" (unknown:0)
     0.064 Info: Instance path              : "instances" (unknown:0)
     0.064 Info: Loading Instances... (unknown:0)
     0.064 Info: Discovering instances in "/home/gerald/.local/share/PrismLauncher/instances" (unknown:0)
     0.064 Info: Found instance ID "Bound to Matter-Playtest 3 - v1" (unknown:0)
     0.064 Debug: Will load group list now. (unknown:0)
     0.064 Debug: Group list loaded. (unknown:0)
     0.064 Debug: Loaded instance "Bound to Matter-Playtest 3 - v1" from "/home/gerald/.local/share/PrismLauncher/instances/Bound to Matter-Playtest 3 - v1" (unknown:0)
     0.064 Info: <> Instances loaded. (unknown:0)
     0.064 Info: Loading accounts... (unknown:0)
     0.064 Debug: AccountList: Queued default account with internal ID "e8d36fd3d78b4a5cae2d5a7406dbba04" to refresh first (unknown:0)
     0.068 Debug: AuthFlow: "Logging in with Microsoft account." (unknown:0)
     0.091 Debug: RefreshSchedule: Processing account "mrgeraldsummers" with internal ID "e8d36fd3d78b4a5cae2d5a7406dbba04" (unknown:0)
     0.091 Info: <> Accounts loaded. (unknown:0)
     0.092 Info: <> Cache initialized. (unknown:0)
     0.092 Debug: Downloading Translations Index... (unknown:0)
     0.092 Warning: [launcher.task.net] [HttpMetaCache] Removing cache entry because of old age! (unknown:0)
     0.093 Critical: dlopen() failed: ed object f: cannot open shared object file: No such file or directory (unknown:0)
     0.093 Critical: dlopen() failed: libopenal.so: cannot open shared object file: No such file or directory (unknown:0)
     0.093 Debug: Detected native libraries: "" "" (unknown:0)
     0.093 Debug: [Theme] <> Icon theme set. (unknown:0)
     0.093 Debug: [Theme] applying theme "Dark" (unknown:0)
     0.095 Debug: [Theme] <> Application theme set. (unknown:0)
     0.162 Debug: Reloading news. (unknown:0)
     0.162 Debug: [launcher.instance.profile.resolve] Loading components (unknown:0)
     0.162 Debug: "Bound to Matter-Playtest 3 - v1" | Component list save is scheduled (unknown:0)
     0.164 Debug: [launcher.instance.profile.resolve] "Bound to Matter-Playtest 3 - v1" | Remote loading is being run for "LWJGL 3" (unknown:0)
     0.164 Debug: [launcher.instance.profile.resolve] "Bound to Matter-Playtest 3 - v1" | Remote loading is being run for "Minecraft" (unknown:0)
     0.164 Debug: [launcher.instance.profile.resolve] "Bound to Matter-Playtest 3 - v1" | Remote loading is being run for "Forge" (unknown:0)
     0.164 Debug: [launcher.instance.profile] "Bound to Matter-Playtest 3 - v1" | Component list update/resolve task failed. Reason: "Some component metadata load tasks failed." (unknown:0)
     0.166 Debug: Instance-type specific settings were loaded! (unknown:0)
     0.170 Debug: <> Main window shown. (unknown:0)
     0.170 Debug: Initializing updater (unknown:0)
     0.171 Debug: <> Updater started. (unknown:0)
     0.172 Info: Discovering instances in "/home/gerald/.local/share/PrismLauncher/instances" (unknown:0)
     0.172 Info: Found instance ID "Bound to Matter-Playtest 3 - v1" (unknown:0)
     0.172 Info: Should keep and soft-reload "Bound to Matter-Playtest 3 - v1" (unknown:0)
     0.178 Warning: [qt.qpa.services] Failed to register with host portal QDBusError("org.freedesktop.portal.Error.Failed", "Could not register app ID: Connection already associated with an application ID") (unknown:0)
     0.190 Debug: Dir changed: "/home/gerald/.local/share/PrismLauncher/translations" (unknown:0)
     0.190 Debug: Loading Application Language File for en_AU ... (unknown:0)
     0.239 Debug: Got translations index! (unknown:0)
     0.239 Warning: [launcher.task.net] [HttpMetaCache] Removing cache entry because of old age! (unknown:0)
     0.239 Debug: Dir changed: "/home/gerald/.local/share/PrismLauncher/translations" (unknown:0)
     0.239 Debug: Loading Application Language File for en_AU ... (unknown:0)
     0.247 Debug: Dir changed: "/home/gerald/.local/share/PrismLauncher/translations" (unknown:0)
     0.247 Debug: Loading Application Language File for en_AU ... (unknown:0)
     0.275 Debug: Finished loading RSS feed. (unknown:0)
     0.276 Debug: Loaded news entry "[MANUAL UPDATE REQUIRED] Prism Launcher Release 11.0.2" (unknown:0)
     0.276 Debug: Loaded news entry "Prism Launcher Release 11.0.1, now available" (unknown:0)
     0.276 Debug: Loaded news entry "Prism Launcher Release 11.0.0, now available" (unknown:0)
     0.276 Debug: Loaded news entry "[April Fools 2026] User Safety in Prism Launcher" (unknown:0)
     0.276 Debug: Loaded news entry "Prism Launcher Release 10.0.5, now available" (unknown:0)
     0.276 Debug: Loaded news entry "[PSA] Fake Discord server using our old vanity link" (unknown:0)
     0.276 Debug: Loaded news entry "Prism Launcher Release 10.0.2, now available" (unknown:0)
     0.276 Debug: Loaded news entry "Prism Launcher Release 10.0.1, now available" (unknown:0)
     0.276 Debug: Loaded news entry "Prism Launcher Release 10.0.0, now available" (unknown:0)
     0.276 Debug: Loaded news entry "[Pride Month 2025 #4/4] Week 4 Showcase" (unknown:0)
     0.276 Debug: Loaded news entry "[Pride Month 2025 #3/4] Week 3 Showcase" (unknown:0)
     0.276 Debug: Loaded news entry "[Pride Month 2025 #2/4] Week 2 Showcase" (unknown:0)
     0.276 Debug: Loaded news entry "[Pride Month 2025 #1/4] Week 1 Showcase" (unknown:0)
     0.276 Debug: Loaded news entry "[Pride Month 2025 #0/4] Happy Pride!" (unknown:0)
     0.276 Debug: Loaded news entry "Prism Launcher Release 9.4, now available" (unknown:0)
     0.276 Debug: Loaded news entry "Prism Launcher Release 9.3, now available" (unknown:0)
     0.276 Debug: Loaded news entry "[April Fools 2025] Announcing Prism Premium" (unknown:0)
     0.276 Debug: Loaded news entry "Moving on from Twitter" (unknown:0)
     0.276 Debug: Loaded news entry "Prism Launcher Release 9.2, now available" (unknown:0)
     0.276 Debug: Loaded news entry "Prism Launcher Release 9.1, now available" (unknown:0)
     0.276 Debug: Loaded news entry "Prism Launcher Release 9.0, now available" (unknown:0)
     0.276 Debug: Loaded news entry "Prism Launcher Release 8.4, now available" (unknown:0)
     0.276 Debug: Loaded news entry "Microsoft authentication issues in some regions" (unknown:0)
     0.276 Debug: Loaded news entry "Prism Launcher Release 8.3, now available" (unknown:0)
     0.276 Debug: Loaded news entry "Prism Launcher Release 8.1, now available" (unknown:0)
     0.276 Debug: Loaded news entry "Prism Launcher Release 8.2, now available" (unknown:0)
     0.276 Debug: Loaded news entry "Prism Launcher Release 8.0, now available" (unknown:0)
     0.276 Debug: Loaded news entry "[MALWARE WARNING] RCE Vulnerability on some modded servers - Bleeding Pipe" (unknown:0)
     0.276 Debug: Loaded news entry "Prism Launcher Release 7.2, now available" (unknown:0)
     0.276 Debug: Loaded news entry "Prism Launcher Release 7.1, now available" (unknown:0)
     0.276 Debug: Loaded news entry "FTB Modpack Downloading Removal." (unknown:0)
     0.276 Debug: Loaded news entry "Prism Launcher Release 7.0, now available" (unknown:0)
     0.276 Debug: Loaded news entry "[MALWARE WARNING] \"fractureiser\" malware in many popular Minecraft mods and modpacks" (unknown:0)
     0.276 Debug: Loaded news entry "Prism Launcher Release 6.2, now available" (unknown:0)
     0.276 Debug: Loaded news entry "[SECURITY UPDATE] Prism Launcher Release 6.3, now available" (unknown:0)
     0.276 Debug: Loaded news entry "Prism Launcher Release 6.1, now available" (unknown:0)
     0.276 Debug: Loaded news entry "Prism Launcher Release 6.0, now available" (unknown:0)
     0.276 Debug: Loaded news entry "Prism Launcher Release 5.2, now available" (unknown:0)
     0.276 Debug: Loaded news entry "Prism Launcher Release 5.1, now available" (unknown:0)
     0.276 Debug: Loaded news entry "Prism Launcher Release 5.0, now available" (unknown:0)
     0.276 Debug: Loaded news entry "PolyMC Update 1.4.2, now available" (unknown:0)
     0.276 Debug: Loaded news entry "PolyMC Update 1.4.1, now available" (unknown:0)
     0.276 Debug: Loaded news entry "PolyMC Update 1.4.0, now available" (unknown:0)
     0.276 Debug: Loaded news entry "PolyMC Update 1.3.2, now available" (unknown:0)
     0.276 Debug: Loaded news entry "PolyMC Update 1.3.1, now available" (unknown:0)
     0.276 Debug: Loaded news entry "PolyMC Update 1.3.0, now available" (unknown:0)
     0.276 Debug: Loaded news entry "PolyMC Update 1.2.2, now available (CurseForge Hotfix)" (unknown:0)
     0.276 Debug: Loaded news entry "PolyMC Update 1.2.1, now available" (unknown:0)
     0.276 Debug: Loaded news entry "PolyMC Update 1.2.0, now available" (unknown:0)
     0.276 Debug: Loaded news entry "PolyMC Update 1.1.1, now available" (unknown:0)
     0.276 Debug: Loaded news entry "PolyMC Update 1.1.0, now available" (unknown:0)
     0.276 Debug: Loaded news entry "Moving on" (unknown:0)
     0.276 Debug: Loaded news entry "Modrinth support and Mod downloading" (unknown:0)
     0.276 Debug: Loaded news entry "New maintainers and step down." (unknown:0)
     0.276 Debug: News loading succeeded. (unknown:0)
     0.292 Debug: Got translation: "en_AU" (unknown:0)
     0.292 Debug: Loading Application Language File for en_AU ... (unknown:0)
     0.292 Debug: Dir changed: "/home/gerald/.local/share/PrismLauncher/translations" (unknown:0)
     0.292 Debug: Loading Application Language File for en_AU ... (unknown:0)
     1.587 Debug: AuthFlow: "Logging in as an Xbox user." (unknown:0)
     1.587 Debug: First layer of Xbox auth ... commencing. (unknown:0)
     1.587 Debug: [launcher.task.net.upload] "{ae39f074-1f18-4787-a152-b9b95663ee28}" Running "https://user.auth.xboxlive.com/user/authenticate" (unknown:0)
     2.602 Debug: [launcher.task.net.upload] "{ae39f074-1f18-4787-a152-b9b95663ee28}" Request succeeded: "https://user.auth.xboxlive.com/user/authenticate" (unknown:0)
     2.602 Debug: Parsing "UToken" : (unknown:0)
     2.602 Debug: "UToken" is valid. (unknown:0)
     2.602 Debug: AuthFlow: "Getting authorisation to access Xbox services." (unknown:0)
     2.602 Debug: Getting authorization token for "http://xboxlive.com" (unknown:0)
     2.602 Debug: [launcher.task.net.upload] "{111f2060-75ac-40f0-ade1-03f8c7f8d02c}" Running "https://xsts.auth.xboxlive.com/xsts/authorize" (unknown:0)
     3.849 Debug: [launcher.task.net.upload] "{111f2060-75ac-40f0-ade1-03f8c7f8d02c}" Request succeeded: "https://xsts.auth.xboxlive.com/xsts/authorize" (unknown:0)
     3.849 Debug: Parsing "Xbox" : (unknown:0)
     3.849 Debug: "Xbox" is valid. (unknown:0)
     3.849 Debug: AuthFlow: "Getting authorisation to access Mojang services." (unknown:0)
     3.849 Debug: Getting authorization token for "rp://api.minecraftservices.com/" (unknown:0)
     3.849 Debug: [launcher.task.net.upload] "{08fc9bbd-2d4f-4c3a-9aef-7491a60e7bcf}" Running "https://xsts.auth.xboxlive.com/xsts/authorize" (unknown:0)
     4.357 Debug: [launcher.task.net.upload] "{08fc9bbd-2d4f-4c3a-9aef-7491a60e7bcf}" Request succeeded: "https://xsts.auth.xboxlive.com/xsts/authorize" (unknown:0)
     4.357 Debug: Parsing "Mojang" : (unknown:0)
     4.357 Debug: "Mojang" is valid. (unknown:0)
     4.357 Debug: AuthFlow: "Fetching Minecraft access token" (unknown:0)
     4.357 Debug: Getting Minecraft access token... (unknown:0)
     4.357 Debug: [launcher.task.net.upload] "{b6ee7741-3ac7-4913-8e95-4646311b2715}" Running "https://api.minecraftservices.com/launcher/login" (unknown:0)
     4.843 Debug: [launcher.task.net.upload] "{b6ee7741-3ac7-4913-8e95-4646311b2715}" Request succeeded: "https://api.minecraftservices.com/launcher/login" (unknown:0)
     4.843 Debug: Parsing Mojang response... (unknown:0)
     4.843 Debug: Mojang response is valid. (unknown:0)
     4.843 Debug: AuthFlow: "Fetching Xbox profile." (unknown:0)
     4.843 Debug: Getting Xbox profile... (unknown:0)
     5.326 Debug: "Bound to Matter-Playtest 3 - v1" | Component list save performed now (unknown:0)
     6.003 Debug: AuthFlow: "Determining game ownership." (unknown:0)
     6.003 Debug: Getting entitlements... (unknown:0)
     6.477 Debug: Parsing Minecraft entitlements... (unknown:0)
     6.477 Debug: AuthFlow: "Fetching the Minecraft profile." (unknown:0)
     6.738 Debug: Parsing Minecraft profile... (unknown:0)
     6.738 Debug: AuthFlow: "Getting skin." (unknown:0)
     6.971 Debug: Writing account list to "accounts.json" (unknown:0)
     6.971 Debug: Building JSON data structure. (unknown:0)
     6.971 Debug: Building account array. (unknown:0)
     6.972 Debug: Writing account list to file. (unknown:0)
     6.973 Debug: Saved account list to "accounts.json" (unknown:0)
     6.973 Debug: RefreshSchedule: Background account refresh succeeded (unknown:0)
    30.326 Debug: [launcher.task.net.metacache.http] Saving metacache with 14 entries (unknown:0)
